{"/Users/aleksandrsemenov/Projects/f2/comprehensive-functional-demo.ts": {"path":"/Users/aleksandrsemenov/Projects/f2/comprehensive-functional-demo.ts","all":true,"statementMap":{"24":{"start":{"line":25,"column":0},"end":{"line":25,"column":68}},"25":{"start":{"line":26,"column":0},"end":{"line":26,"column":39}},"33":{"start":{"line":34,"column":0},"end":{"line":34,"column":8}},"50":{"start":{"line":51,"column":0},"end":{"line":51,"column":34}},"51":{"start":{"line":52,"column":0},"end":{"line":52,"column":20}},"52":{"start":{"line":53,"column":0},"end":{"line":53,"column":49}},"53":{"start":{"line":54,"column":0},"end":{"line":54,"column":48}},"54":{"start":{"line":55,"column":0},"end":{"line":55,"column":41}},"55":{"start":{"line":56,"column":0},"end":{"line":56,"column":53}},"56":{"start":{"line":57,"column":0},"end":{"line":57,"column":58}},"57":{"start":{"line":58,"column":0},"end":{"line":58,"column":46}},"58":{"start":{"line":59,"column":0},"end":{"line":59,"column":51}},"59":{"start":{"line":60,"column":0},"end":{"line":60,"column":34}},"60":{"start":{"line":61,"column":0},"end":{"line":61,"column":50}},"61":{"start":{"line":62,"column":0},"end":{"line":62,"column":5}},"62":{"start":{"line":63,"column":0},"end":{"line":63,"column":2}},"68":{"start":{"line":69,"column":0},"end":{"line":69,"column":37}},"69":{"start":{"line":70,"column":0},"end":{"line":70,"column":20}},"70":{"start":{"line":71,"column":0},"end":{"line":71,"column":48}},"71":{"start":{"line":72,"column":0},"end":{"line":72,"column":46}},"72":{"start":{"line":73,"column":0},"end":{"line":73,"column":47}},"73":{"start":{"line":74,"column":0},"end":{"line":74,"column":48}},"74":{"start":{"line":75,"column":0},"end":{"line":75,"column":52}},"75":{"start":{"line":76,"column":0},"end":{"line":76,"column":36}},"76":{"start":{"line":77,"column":0},"end":{"line":77,"column":26}},"77":{"start":{"line":78,"column":0},"end":{"line":78,"column":89}},"78":{"start":{"line":79,"column":0},"end":{"line":79,"column":2}},"84":{"start":{"line":85,"column":0},"end":{"line":85,"column":35}},"85":{"start":{"line":86,"column":0},"end":{"line":86,"column":20}},"86":{"start":{"line":87,"column":0},"end":{"line":87,"column":24}},"87":{"start":{"line":88,"column":0},"end":{"line":88,"column":37}},"88":{"start":{"line":89,"column":0},"end":{"line":89,"column":29}},"89":{"start":{"line":90,"column":0},"end":{"line":90,"column":52}},"90":{"start":{"line":91,"column":0},"end":{"line":91,"column":54}},"91":{"start":{"line":92,"column":0},"end":{"line":92,"column":6}},"92":{"start":{"line":93,"column":0},"end":{"line":93,"column":47}},"93":{"start":{"line":94,"column":0},"end":{"line":94,"column":87}},"94":{"start":{"line":95,"column":0},"end":{"line":95,"column":53}},"95":{"start":{"line":96,"column":0},"end":{"line":96,"column":34}},"96":{"start":{"line":97,"column":0},"end":{"line":97,"column":52}},"97":{"start":{"line":98,"column":0},"end":{"line":98,"column":50}},"98":{"start":{"line":99,"column":0},"end":{"line":99,"column":53}},"99":{"start":{"line":100,"column":0},"end":{"line":100,"column":66}},"100":{"start":{"line":101,"column":0},"end":{"line":101,"column":4}},"101":{"start":{"line":102,"column":0},"end":{"line":102,"column":2}},"107":{"start":{"line":108,"column":0},"end":{"line":108,"column":36}},"108":{"start":{"line":109,"column":0},"end":{"line":109,"column":20}},"109":{"start":{"line":110,"column":0},"end":{"line":110,"column":24}},"110":{"start":{"line":111,"column":0},"end":{"line":111,"column":27}},"111":{"start":{"line":112,"column":0},"end":{"line":112,"column":51}},"112":{"start":{"line":113,"column":0},"end":{"line":113,"column":71}},"113":{"start":{"line":114,"column":0},"end":{"line":114,"column":25}},"114":{"start":{"line":115,"column":0},"end":{"line":115,"column":26}},"115":{"start":{"line":116,"column":0},"end":{"line":116,"column":2}},"140":{"start":{"line":141,"column":0},"end":{"line":141,"column":54}},"146":{"start":{"line":147,"column":0},"end":{"line":147,"column":53}},"147":{"start":{"line":148,"column":0},"end":{"line":148,"column":26}},"148":{"start":{"line":149,"column":0},"end":{"line":149,"column":45}},"149":{"start":{"line":150,"column":0},"end":{"line":150,"column":55}},"150":{"start":{"line":151,"column":0},"end":{"line":151,"column":74}},"151":{"start":{"line":152,"column":0},"end":{"line":152,"column":7}},"152":{"start":{"line":153,"column":0},"end":{"line":153,"column":6}},"153":{"start":{"line":154,"column":0},"end":{"line":154,"column":72}},"154":{"start":{"line":155,"column":0},"end":{"line":155,"column":99}},"155":{"start":{"line":156,"column":0},"end":{"line":156,"column":81}},"156":{"start":{"line":157,"column":0},"end":{"line":157,"column":7}},"157":{"start":{"line":158,"column":0},"end":{"line":158,"column":6}},"158":{"start":{"line":159,"column":0},"end":{"line":159,"column":80}},"159":{"start":{"line":160,"column":0},"end":{"line":160,"column":109}},"160":{"start":{"line":161,"column":0},"end":{"line":161,"column":90}},"161":{"start":{"line":162,"column":0},"end":{"line":162,"column":7}},"162":{"start":{"line":163,"column":0},"end":{"line":163,"column":6}},"163":{"start":{"line":164,"column":0},"end":{"line":164,"column":70}},"164":{"start":{"line":165,"column":0},"end":{"line":165,"column":84}},"165":{"start":{"line":166,"column":0},"end":{"line":166,"column":69}},"166":{"start":{"line":167,"column":0},"end":{"line":167,"column":7}},"167":{"start":{"line":168,"column":0},"end":{"line":168,"column":6}},"168":{"start":{"line":169,"column":0},"end":{"line":169,"column":66}},"169":{"start":{"line":170,"column":0},"end":{"line":170,"column":103}},"170":{"start":{"line":171,"column":0},"end":{"line":171,"column":38}},"171":{"start":{"line":172,"column":0},"end":{"line":172,"column":55}},"172":{"start":{"line":173,"column":0},"end":{"line":173,"column":53}},"173":{"start":{"line":174,"column":0},"end":{"line":174,"column":9}},"174":{"start":{"line":175,"column":0},"end":{"line":175,"column":7}},"175":{"start":{"line":176,"column":0},"end":{"line":176,"column":6}},"176":{"start":{"line":177,"column":0},"end":{"line":177,"column":61}},"177":{"start":{"line":178,"column":0},"end":{"line":178,"column":94}},"178":{"start":{"line":179,"column":0},"end":{"line":179,"column":105}},"179":{"start":{"line":180,"column":0},"end":{"line":180,"column":7}},"180":{"start":{"line":181,"column":0},"end":{"line":181,"column":6}},"181":{"start":{"line":182,"column":0},"end":{"line":182,"column":20}},"182":{"start":{"line":183,"column":0},"end":{"line":183,"column":3}},"192":{"start":{"line":193,"column":0},"end":{"line":193,"column":43}},"197":{"start":{"line":198,"column":0},"end":{"line":198,"column":27}},"199":{"start":{"line":200,"column":0},"end":{"line":200,"column":34}},"200":{"start":{"line":201,"column":0},"end":{"line":201,"column":25}},"201":{"start":{"line":202,"column":0},"end":{"line":202,"column":25}},"203":{"start":{"line":204,"column":0},"end":{"line":204,"column":31}},"204":{"start":{"line":205,"column":0},"end":{"line":205,"column":74}},"205":{"start":{"line":206,"column":0},"end":{"line":206,"column":34}},"206":{"start":{"line":207,"column":0},"end":{"line":207,"column":27}},"207":{"start":{"line":208,"column":0},"end":{"line":208,"column":16}},"208":{"start":{"line":209,"column":0},"end":{"line":209,"column":66}},"209":{"start":{"line":210,"column":0},"end":{"line":210,"column":29}},"210":{"start":{"line":211,"column":0},"end":{"line":211,"column":19}},"211":{"start":{"line":212,"column":0},"end":{"line":212,"column":18}},"212":{"start":{"line":213,"column":0},"end":{"line":213,"column":12}},"213":{"start":{"line":214,"column":0},"end":{"line":214,"column":9}},"214":{"start":{"line":215,"column":0},"end":{"line":215,"column":8}},"217":{"start":{"line":218,"column":0},"end":{"line":218,"column":89}},"218":{"start":{"line":219,"column":0},"end":{"line":219,"column":50}},"219":{"start":{"line":220,"column":0},"end":{"line":220,"column":14}},"220":{"start":{"line":221,"column":0},"end":{"line":221,"column":10}},"221":{"start":{"line":222,"column":0},"end":{"line":222,"column":67}},"222":{"start":{"line":223,"column":0},"end":{"line":223,"column":53}},"223":{"start":{"line":224,"column":0},"end":{"line":224,"column":7}},"224":{"start":{"line":225,"column":0},"end":{"line":225,"column":3}},"230":{"start":{"line":231,"column":0},"end":{"line":231,"column":46}},"235":{"start":{"line":236,"column":0},"end":{"line":236,"column":27}},"236":{"start":{"line":237,"column":0},"end":{"line":237,"column":37}},"237":{"start":{"line":238,"column":0},"end":{"line":238,"column":28}},"238":{"start":{"line":239,"column":0},"end":{"line":239,"column":25}},"240":{"start":{"line":241,"column":0},"end":{"line":241,"column":31}},"241":{"start":{"line":242,"column":0},"end":{"line":242,"column":80}},"242":{"start":{"line":243,"column":0},"end":{"line":243,"column":37}},"243":{"start":{"line":244,"column":0},"end":{"line":244,"column":30}},"244":{"start":{"line":245,"column":0},"end":{"line":245,"column":16}},"245":{"start":{"line":246,"column":0},"end":{"line":246,"column":66}},"246":{"start":{"line":247,"column":0},"end":{"line":247,"column":32}},"247":{"start":{"line":248,"column":0},"end":{"line":248,"column":22}},"248":{"start":{"line":249,"column":0},"end":{"line":249,"column":18}},"249":{"start":{"line":250,"column":0},"end":{"line":250,"column":12}},"250":{"start":{"line":251,"column":0},"end":{"line":251,"column":9}},"251":{"start":{"line":252,"column":0},"end":{"line":252,"column":8}},"254":{"start":{"line":255,"column":0},"end":{"line":255,"column":101}},"255":{"start":{"line":256,"column":0},"end":{"line":256,"column":53}},"256":{"start":{"line":257,"column":0},"end":{"line":257,"column":14}},"257":{"start":{"line":258,"column":0},"end":{"line":258,"column":10}},"258":{"start":{"line":259,"column":0},"end":{"line":259,"column":67}},"259":{"start":{"line":260,"column":0},"end":{"line":260,"column":56}},"260":{"start":{"line":261,"column":0},"end":{"line":261,"column":7}},"261":{"start":{"line":262,"column":0},"end":{"line":262,"column":3}},"267":{"start":{"line":268,"column":0},"end":{"line":268,"column":44}},"272":{"start":{"line":273,"column":0},"end":{"line":273,"column":27}},"273":{"start":{"line":274,"column":0},"end":{"line":274,"column":35}},"274":{"start":{"line":275,"column":0},"end":{"line":275,"column":26}},"275":{"start":{"line":276,"column":0},"end":{"line":276,"column":25}},"277":{"start":{"line":278,"column":0},"end":{"line":278,"column":31}},"278":{"start":{"line":279,"column":0},"end":{"line":279,"column":76}},"279":{"start":{"line":280,"column":0},"end":{"line":280,"column":35}},"280":{"start":{"line":281,"column":0},"end":{"line":281,"column":28}},"281":{"start":{"line":282,"column":0},"end":{"line":282,"column":16}},"282":{"start":{"line":283,"column":0},"end":{"line":283,"column":66}},"283":{"start":{"line":284,"column":0},"end":{"line":284,"column":30}},"284":{"start":{"line":285,"column":0},"end":{"line":285,"column":20}},"285":{"start":{"line":286,"column":0},"end":{"line":286,"column":18}},"286":{"start":{"line":287,"column":0},"end":{"line":287,"column":12}},"287":{"start":{"line":288,"column":0},"end":{"line":288,"column":9}},"288":{"start":{"line":289,"column":0},"end":{"line":289,"column":8}},"291":{"start":{"line":292,"column":0},"end":{"line":292,"column":93}},"292":{"start":{"line":293,"column":0},"end":{"line":293,"column":51}},"293":{"start":{"line":294,"column":0},"end":{"line":294,"column":14}},"294":{"start":{"line":295,"column":0},"end":{"line":295,"column":10}},"295":{"start":{"line":296,"column":0},"end":{"line":296,"column":67}},"296":{"start":{"line":297,"column":0},"end":{"line":297,"column":54}},"297":{"start":{"line":298,"column":0},"end":{"line":298,"column":7}},"298":{"start":{"line":299,"column":0},"end":{"line":299,"column":3}},"308":{"start":{"line":309,"column":0},"end":{"line":309,"column":37}},"309":{"start":{"line":310,"column":0},"end":{"line":310,"column":27}},"311":{"start":{"line":312,"column":0},"end":{"line":312,"column":77}},"312":{"start":{"line":313,"column":0},"end":{"line":313,"column":20}},"313":{"start":{"line":314,"column":0},"end":{"line":314,"column":31}},"314":{"start":{"line":315,"column":0},"end":{"line":315,"column":6}},"317":{"start":{"line":318,"column":0},"end":{"line":318,"column":82}},"318":{"start":{"line":319,"column":0},"end":{"line":319,"column":24}},"319":{"start":{"line":320,"column":0},"end":{"line":320,"column":24}},"320":{"start":{"line":321,"column":0},"end":{"line":321,"column":30}},"321":{"start":{"line":322,"column":0},"end":{"line":322,"column":6}},"324":{"start":{"line":325,"column":0},"end":{"line":325,"column":76}},"325":{"start":{"line":326,"column":0},"end":{"line":326,"column":20}},"326":{"start":{"line":327,"column":0},"end":{"line":327,"column":36}},"327":{"start":{"line":328,"column":0},"end":{"line":328,"column":32}},"328":{"start":{"line":329,"column":0},"end":{"line":329,"column":32}},"329":{"start":{"line":330,"column":0},"end":{"line":330,"column":30}},"330":{"start":{"line":331,"column":0},"end":{"line":331,"column":6}},"332":{"start":{"line":333,"column":0},"end":{"line":333,"column":12}},"333":{"start":{"line":334,"column":0},"end":{"line":334,"column":17}},"334":{"start":{"line":335,"column":0},"end":{"line":335,"column":17}},"335":{"start":{"line":336,"column":0},"end":{"line":336,"column":13}},"336":{"start":{"line":337,"column":0},"end":{"line":337,"column":5}},"337":{"start":{"line":338,"column":0},"end":{"line":338,"column":4}},"347":{"start":{"line":348,"column":0},"end":{"line":348,"column":39}},"348":{"start":{"line":349,"column":0},"end":{"line":349,"column":27}},"350":{"start":{"line":351,"column":0},"end":{"line":351,"column":34}},"351":{"start":{"line":352,"column":0},"end":{"line":352,"column":26}},"352":{"start":{"line":353,"column":0},"end":{"line":353,"column":41}},"353":{"start":{"line":354,"column":0},"end":{"line":354,"column":44}},"354":{"start":{"line":355,"column":0},"end":{"line":355,"column":25}},"355":{"start":{"line":356,"column":0},"end":{"line":356,"column":5}},"357":{"start":{"line":358,"column":0},"end":{"line":358,"column":30}},"358":{"start":{"line":359,"column":0},"end":{"line":359,"column":40}},"359":{"start":{"line":360,"column":0},"end":{"line":360,"column":43}},"360":{"start":{"line":361,"column":0},"end":{"line":361,"column":40}},"361":{"start":{"line":362,"column":0},"end":{"line":362,"column":5}},"363":{"start":{"line":364,"column":0},"end":{"line":364,"column":36}},"364":{"start":{"line":365,"column":0},"end":{"line":365,"column":32}},"365":{"start":{"line":366,"column":0},"end":{"line":366,"column":27}},"366":{"start":{"line":367,"column":0},"end":{"line":367,"column":5}},"369":{"start":{"line":370,"column":0},"end":{"line":370,"column":68}},"370":{"start":{"line":371,"column":0},"end":{"line":371,"column":23}},"371":{"start":{"line":372,"column":0},"end":{"line":372,"column":27}},"372":{"start":{"line":373,"column":0},"end":{"line":373,"column":29}},"373":{"start":{"line":374,"column":0},"end":{"line":374,"column":6}},"376":{"start":{"line":377,"column":0},"end":{"line":377,"column":63}},"377":{"start":{"line":378,"column":0},"end":{"line":378,"column":30}},"378":{"start":{"line":379,"column":0},"end":{"line":379,"column":23}},"379":{"start":{"line":380,"column":0},"end":{"line":380,"column":69}},"380":{"start":{"line":381,"column":0},"end":{"line":381,"column":72}},"381":{"start":{"line":382,"column":0},"end":{"line":382,"column":69}},"382":{"start":{"line":383,"column":0},"end":{"line":383,"column":8}},"383":{"start":{"line":384,"column":0},"end":{"line":384,"column":29}},"384":{"start":{"line":385,"column":0},"end":{"line":385,"column":48}},"385":{"start":{"line":386,"column":0},"end":{"line":386,"column":46}},"386":{"start":{"line":387,"column":0},"end":{"line":387,"column":20}},"387":{"start":{"line":388,"column":0},"end":{"line":388,"column":23}},"388":{"start":{"line":389,"column":0},"end":{"line":389,"column":42}},"389":{"start":{"line":390,"column":0},"end":{"line":390,"column":7}},"390":{"start":{"line":391,"column":0},"end":{"line":391,"column":6}},"392":{"start":{"line":393,"column":0},"end":{"line":393,"column":76}},"393":{"start":{"line":394,"column":0},"end":{"line":394,"column":15}},"394":{"start":{"line":395,"column":0},"end":{"line":395,"column":26}},"395":{"start":{"line":396,"column":0},"end":{"line":396,"column":5}},"398":{"start":{"line":399,"column":0},"end":{"line":399,"column":12}},"399":{"start":{"line":400,"column":0},"end":{"line":400,"column":20}},"400":{"start":{"line":401,"column":0},"end":{"line":401,"column":15}},"401":{"start":{"line":402,"column":0},"end":{"line":402,"column":22}},"402":{"start":{"line":403,"column":0},"end":{"line":403,"column":5}},"403":{"start":{"line":404,"column":0},"end":{"line":404,"column":4}},"413":{"start":{"line":414,"column":0},"end":{"line":414,"column":37}},"414":{"start":{"line":415,"column":0},"end":{"line":415,"column":27}},"416":{"start":{"line":417,"column":0},"end":{"line":417,"column":29}},"417":{"start":{"line":418,"column":0},"end":{"line":418,"column":28}},"418":{"start":{"line":419,"column":0},"end":{"line":419,"column":25}},"419":{"start":{"line":420,"column":0},"end":{"line":420,"column":19}},"420":{"start":{"line":421,"column":0},"end":{"line":421,"column":40}},"421":{"start":{"line":422,"column":0},"end":{"line":422,"column":5}},"423":{"start":{"line":424,"column":0},"end":{"line":424,"column":86}},"424":{"start":{"line":425,"column":0},"end":{"line":425,"column":26}},"425":{"start":{"line":426,"column":0},"end":{"line":426,"column":4}},"464":{"start":{"line":465,"column":0},"end":{"line":465,"column":47}},"465":{"start":{"line":466,"column":0},"end":{"line":466,"column":16}},"466":{"start":{"line":467,"column":0},"end":{"line":467,"column":29}},"467":{"start":{"line":468,"column":0},"end":{"line":468,"column":34}},"468":{"start":{"line":469,"column":0},"end":{"line":469,"column":29}},"469":{"start":{"line":470,"column":0},"end":{"line":470,"column":34}},"470":{"start":{"line":471,"column":0},"end":{"line":471,"column":26}},"471":{"start":{"line":472,"column":0},"end":{"line":472,"column":49}},"472":{"start":{"line":473,"column":0},"end":{"line":473,"column":44}},"473":{"start":{"line":474,"column":0},"end":{"line":474,"column":34}},"474":{"start":{"line":475,"column":0},"end":{"line":475,"column":22}},"475":{"start":{"line":476,"column":0},"end":{"line":476,"column":34}},"476":{"start":{"line":477,"column":0},"end":{"line":477,"column":30}},"477":{"start":{"line":478,"column":0},"end":{"line":478,"column":24}},"478":{"start":{"line":479,"column":0},"end":{"line":479,"column":9}},"479":{"start":{"line":480,"column":0},"end":{"line":480,"column":10}},"481":{"start":{"line":482,"column":0},"end":{"line":482,"column":25}},"482":{"start":{"line":483,"column":0},"end":{"line":483,"column":22}},"483":{"start":{"line":484,"column":0},"end":{"line":484,"column":20}},"484":{"start":{"line":485,"column":0},"end":{"line":485,"column":62}},"485":{"start":{"line":486,"column":0},"end":{"line":486,"column":44}},"486":{"start":{"line":487,"column":0},"end":{"line":487,"column":23}},"487":{"start":{"line":488,"column":0},"end":{"line":488,"column":4}},"489":{"start":{"line":490,"column":0},"end":{"line":490,"column":19}},"490":{"start":{"line":491,"column":0},"end":{"line":491,"column":29}},"491":{"start":{"line":492,"column":0},"end":{"line":492,"column":34}},"492":{"start":{"line":493,"column":0},"end":{"line":493,"column":32}},"493":{"start":{"line":494,"column":0},"end":{"line":494,"column":29}},"494":{"start":{"line":495,"column":0},"end":{"line":495,"column":47}},"495":{"start":{"line":496,"column":0},"end":{"line":496,"column":21}},"496":{"start":{"line":497,"column":0},"end":{"line":497,"column":33}},"497":{"start":{"line":498,"column":0},"end":{"line":498,"column":32}},"498":{"start":{"line":499,"column":0},"end":{"line":499,"column":34}},"499":{"start":{"line":500,"column":0},"end":{"line":500,"column":22}},"500":{"start":{"line":501,"column":0},"end":{"line":501,"column":32}},"501":{"start":{"line":502,"column":0},"end":{"line":502,"column":10}},"503":{"start":{"line":504,"column":0},"end":{"line":504,"column":41}},"504":{"start":{"line":505,"column":0},"end":{"line":505,"column":22}},"505":{"start":{"line":506,"column":0},"end":{"line":506,"column":9}},"506":{"start":{"line":507,"column":0},"end":{"line":507,"column":40}},"507":{"start":{"line":508,"column":0},"end":{"line":508,"column":40}},"508":{"start":{"line":509,"column":0},"end":{"line":509,"column":23}},"509":{"start":{"line":510,"column":0},"end":{"line":510,"column":35}},"510":{"start":{"line":511,"column":0},"end":{"line":511,"column":19}},"511":{"start":{"line":512,"column":0},"end":{"line":512,"column":27}},"512":{"start":{"line":513,"column":0},"end":{"line":513,"column":23}},"513":{"start":{"line":514,"column":0},"end":{"line":514,"column":10}},"514":{"start":{"line":515,"column":0},"end":{"line":515,"column":9}},"515":{"start":{"line":516,"column":0},"end":{"line":516,"column":40}},"516":{"start":{"line":517,"column":0},"end":{"line":517,"column":40}},"517":{"start":{"line":518,"column":0},"end":{"line":518,"column":23}},"518":{"start":{"line":519,"column":0},"end":{"line":519,"column":35}},"519":{"start":{"line":520,"column":0},"end":{"line":520,"column":19}},"520":{"start":{"line":521,"column":0},"end":{"line":521,"column":27}},"521":{"start":{"line":522,"column":0},"end":{"line":522,"column":24}},"522":{"start":{"line":523,"column":0},"end":{"line":523,"column":9}},"523":{"start":{"line":524,"column":0},"end":{"line":524,"column":8}},"524":{"start":{"line":525,"column":0},"end":{"line":525,"column":4}},"526":{"start":{"line":527,"column":0},"end":{"line":527,"column":17}},"527":{"start":{"line":528,"column":0},"end":{"line":528,"column":29}},"528":{"start":{"line":529,"column":0},"end":{"line":529,"column":34}},"529":{"start":{"line":530,"column":0},"end":{"line":530,"column":30}},"530":{"start":{"line":531,"column":0},"end":{"line":531,"column":41}},"531":{"start":{"line":532,"column":0},"end":{"line":532,"column":16}},"532":{"start":{"line":533,"column":0},"end":{"line":533,"column":11}},"533":{"start":{"line":534,"column":0},"end":{"line":534,"column":49}},"534":{"start":{"line":535,"column":0},"end":{"line":535,"column":24}},"535":{"start":{"line":536,"column":0},"end":{"line":536,"column":30}},"536":{"start":{"line":537,"column":0},"end":{"line":537,"column":11}},"537":{"start":{"line":538,"column":0},"end":{"line":538,"column":10}},"538":{"start":{"line":539,"column":0},"end":{"line":539,"column":21}},"539":{"start":{"line":540,"column":0},"end":{"line":540,"column":38}},"540":{"start":{"line":541,"column":0},"end":{"line":541,"column":44}},"541":{"start":{"line":542,"column":0},"end":{"line":542,"column":26}},"542":{"start":{"line":543,"column":0},"end":{"line":543,"column":32}},"543":{"start":{"line":544,"column":0},"end":{"line":544,"column":31}},"544":{"start":{"line":545,"column":0},"end":{"line":545,"column":27}},"545":{"start":{"line":546,"column":0},"end":{"line":546,"column":23}},"546":{"start":{"line":547,"column":0},"end":{"line":547,"column":9}},"547":{"start":{"line":548,"column":0},"end":{"line":548,"column":10}},"549":{"start":{"line":550,"column":0},"end":{"line":550,"column":31}},"550":{"start":{"line":551,"column":0},"end":{"line":551,"column":31}},"552":{"start":{"line":553,"column":0},"end":{"line":553,"column":43}},"553":{"start":{"line":554,"column":0},"end":{"line":554,"column":69}},"554":{"start":{"line":555,"column":0},"end":{"line":555,"column":33}},"555":{"start":{"line":556,"column":0},"end":{"line":556,"column":34}},"556":{"start":{"line":557,"column":0},"end":{"line":557,"column":38}},"557":{"start":{"line":558,"column":0},"end":{"line":558,"column":13}},"558":{"start":{"line":559,"column":0},"end":{"line":559,"column":9}},"560":{"start":{"line":561,"column":0},"end":{"line":561,"column":16}},"561":{"start":{"line":562,"column":0},"end":{"line":562,"column":23}},"562":{"start":{"line":563,"column":0},"end":{"line":563,"column":65}},"563":{"start":{"line":564,"column":0},"end":{"line":564,"column":46}},"564":{"start":{"line":565,"column":0},"end":{"line":565,"column":25}},"565":{"start":{"line":566,"column":0},"end":{"line":566,"column":8}},"566":{"start":{"line":567,"column":0},"end":{"line":567,"column":4}},"568":{"start":{"line":569,"column":0},"end":{"line":569,"column":21}},"569":{"start":{"line":570,"column":0},"end":{"line":570,"column":43}},"570":{"start":{"line":571,"column":0},"end":{"line":571,"column":47}},"572":{"start":{"line":573,"column":0},"end":{"line":573,"column":36}},"573":{"start":{"line":574,"column":0},"end":{"line":574,"column":53}},"574":{"start":{"line":575,"column":0},"end":{"line":575,"column":4}},"576":{"start":{"line":577,"column":0},"end":{"line":577,"column":20}},"577":{"start":{"line":578,"column":0},"end":{"line":578,"column":37}},"578":{"start":{"line":579,"column":0},"end":{"line":579,"column":41}},"579":{"start":{"line":580,"column":0},"end":{"line":580,"column":4}},"581":{"start":{"line":582,"column":0},"end":{"line":582,"column":20}},"582":{"start":{"line":583,"column":0},"end":{"line":583,"column":35}},"583":{"start":{"line":584,"column":0},"end":{"line":584,"column":21}},"584":{"start":{"line":585,"column":0},"end":{"line":585,"column":56}},"585":{"start":{"line":586,"column":0},"end":{"line":586,"column":43}},"586":{"start":{"line":587,"column":0},"end":{"line":587,"column":44}},"587":{"start":{"line":588,"column":0},"end":{"line":588,"column":50}},"588":{"start":{"line":589,"column":0},"end":{"line":589,"column":41}},"589":{"start":{"line":590,"column":0},"end":{"line":590,"column":9}},"590":{"start":{"line":591,"column":0},"end":{"line":591,"column":7}},"591":{"start":{"line":592,"column":0},"end":{"line":592,"column":3}},"592":{"start":{"line":593,"column":0},"end":{"line":593,"column":2}},"598":{"start":{"line":599,"column":0},"end":{"line":599,"column":35}},"599":{"start":{"line":600,"column":0},"end":{"line":600,"column":27}},"600":{"start":{"line":601,"column":0},"end":{"line":601,"column":48}},"601":{"start":{"line":602,"column":0},"end":{"line":602,"column":54}},"602":{"start":{"line":603,"column":0},"end":{"line":603,"column":50}},"605":{"start":{"line":606,"column":0},"end":{"line":606,"column":12}},"606":{"start":{"line":607,"column":0},"end":{"line":607,"column":17}},"607":{"start":{"line":608,"column":0},"end":{"line":608,"column":19}},"608":{"start":{"line":609,"column":0},"end":{"line":609,"column":22}},"609":{"start":{"line":610,"column":0},"end":{"line":610,"column":19}},"610":{"start":{"line":611,"column":0},"end":{"line":611,"column":8}},"611":{"start":{"line":612,"column":0},"end":{"line":612,"column":17}},"612":{"start":{"line":613,"column":0},"end":{"line":613,"column":25}},"613":{"start":{"line":614,"column":0},"end":{"line":614,"column":25}},"614":{"start":{"line":615,"column":0},"end":{"line":615,"column":23}},"615":{"start":{"line":616,"column":0},"end":{"line":616,"column":7}},"616":{"start":{"line":617,"column":0},"end":{"line":617,"column":5}},"617":{"start":{"line":618,"column":0},"end":{"line":618,"column":4}},"627":{"start":{"line":628,"column":0},"end":{"line":628,"column":42}},"628":{"start":{"line":629,"column":0},"end":{"line":629,"column":84}},"631":{"start":{"line":632,"column":0},"end":{"line":632,"column":98}},"633":{"start":{"line":634,"column":0},"end":{"line":634,"column":47}},"634":{"start":{"line":635,"column":0},"end":{"line":635,"column":93}},"637":{"start":{"line":638,"column":0},"end":{"line":638,"column":87}},"639":{"start":{"line":640,"column":0},"end":{"line":640,"column":60}},"640":{"start":{"line":641,"column":0},"end":{"line":641,"column":82}},"643":{"start":{"line":644,"column":0},"end":{"line":644,"column":68}},"645":{"start":{"line":646,"column":0},"end":{"line":646,"column":51}},"646":{"start":{"line":647,"column":0},"end":{"line":647,"column":81}},"649":{"start":{"line":650,"column":0},"end":{"line":650,"column":83}},"651":{"start":{"line":652,"column":0},"end":{"line":652,"column":59}},"652":{"start":{"line":653,"column":0},"end":{"line":653,"column":65}},"655":{"start":{"line":656,"column":0},"end":{"line":656,"column":83}},"658":{"start":{"line":659,"column":0},"end":{"line":659,"column":42}},"659":{"start":{"line":660,"column":0},"end":{"line":660,"column":66}},"660":{"start":{"line":661,"column":0},"end":{"line":661,"column":82}},"662":{"start":{"line":663,"column":0},"end":{"line":663,"column":99}},"663":{"start":{"line":664,"column":0},"end":{"line":664,"column":66}},"666":{"start":{"line":667,"column":0},"end":{"line":667,"column":34}},"667":{"start":{"line":668,"column":0},"end":{"line":668,"column":42}},"668":{"start":{"line":669,"column":0},"end":{"line":669,"column":25}},"669":{"start":{"line":670,"column":0},"end":{"line":670,"column":48}},"670":{"start":{"line":671,"column":0},"end":{"line":671,"column":15}},"671":{"start":{"line":672,"column":0},"end":{"line":672,"column":24}},"672":{"start":{"line":673,"column":0},"end":{"line":673,"column":24}},"673":{"start":{"line":674,"column":0},"end":{"line":674,"column":30}},"674":{"start":{"line":675,"column":0},"end":{"line":675,"column":26}},"675":{"start":{"line":676,"column":0},"end":{"line":676,"column":25}},"676":{"start":{"line":677,"column":0},"end":{"line":677,"column":21}},"677":{"start":{"line":678,"column":0},"end":{"line":678,"column":7}},"678":{"start":{"line":679,"column":0},"end":{"line":679,"column":7}},"679":{"start":{"line":680,"column":0},"end":{"line":680,"column":17}},"680":{"start":{"line":681,"column":0},"end":{"line":681,"column":3}},"682":{"start":{"line":683,"column":0},"end":{"line":683,"column":36}},"683":{"start":{"line":684,"column":0},"end":{"line":684,"column":79}},"684":{"start":{"line":685,"column":0},"end":{"line":685,"column":81}},"685":{"start":{"line":686,"column":0},"end":{"line":686,"column":10}},"686":{"start":{"line":687,"column":0},"end":{"line":687,"column":67}},"687":{"start":{"line":688,"column":0},"end":{"line":688,"column":3}},"690":{"start":{"line":691,"column":0},"end":{"line":691,"column":63}},"692":{"start":{"line":693,"column":0},"end":{"line":693,"column":74}},"693":{"start":{"line":694,"column":0},"end":{"line":694,"column":18}},"694":{"start":{"line":695,"column":0},"end":{"line":695,"column":34}},"695":{"start":{"line":696,"column":0},"end":{"line":696,"column":28}},"696":{"start":{"line":697,"column":0},"end":{"line":697,"column":4}},"698":{"start":{"line":699,"column":0},"end":{"line":699,"column":27}},"699":{"start":{"line":700,"column":0},"end":{"line":700,"column":66}},"700":{"start":{"line":701,"column":0},"end":{"line":701,"column":35}},"701":{"start":{"line":702,"column":0},"end":{"line":702,"column":41}},"702":{"start":{"line":703,"column":0},"end":{"line":703,"column":3}},"704":{"start":{"line":705,"column":0},"end":{"line":705,"column":160}},"706":{"start":{"line":707,"column":0},"end":{"line":707,"column":99}},"708":{"start":{"line":709,"column":0},"end":{"line":709,"column":10}},"709":{"start":{"line":710,"column":0},"end":{"line":710,"column":11}},"710":{"start":{"line":711,"column":0},"end":{"line":711,"column":13}},"711":{"start":{"line":712,"column":0},"end":{"line":712,"column":19}},"712":{"start":{"line":713,"column":0},"end":{"line":713,"column":22}},"713":{"start":{"line":714,"column":0},"end":{"line":714,"column":19}},"714":{"start":{"line":715,"column":0},"end":{"line":715,"column":3}},"715":{"start":{"line":716,"column":0},"end":{"line":716,"column":2}},"721":{"start":{"line":722,"column":0},"end":{"line":722,"column":35}},"722":{"start":{"line":723,"column":0},"end":{"line":723,"column":11}},"723":{"start":{"line":724,"column":0},"end":{"line":724,"column":31}},"724":{"start":{"line":725,"column":0},"end":{"line":725,"column":29}},"725":{"start":{"line":726,"column":0},"end":{"line":726,"column":61}},"726":{"start":{"line":727,"column":0},"end":{"line":727,"column":46}},"727":{"start":{"line":728,"column":0},"end":{"line":728,"column":68}},"730":{"start":{"line":731,"column":0},"end":{"line":731,"column":14}},"731":{"start":{"line":732,"column":0},"end":{"line":732,"column":21}},"732":{"start":{"line":733,"column":0},"end":{"line":733,"column":23}},"733":{"start":{"line":734,"column":0},"end":{"line":734,"column":29}},"734":{"start":{"line":735,"column":0},"end":{"line":735,"column":32}},"735":{"start":{"line":736,"column":0},"end":{"line":736,"column":26}},"736":{"start":{"line":737,"column":0},"end":{"line":737,"column":87}},"737":{"start":{"line":738,"column":0},"end":{"line":738,"column":79}},"738":{"start":{"line":739,"column":0},"end":{"line":739,"column":31}},"739":{"start":{"line":740,"column":0},"end":{"line":740,"column":9}},"740":{"start":{"line":741,"column":0},"end":{"line":741,"column":7}},"741":{"start":{"line":742,"column":0},"end":{"line":742,"column":6}},"742":{"start":{"line":743,"column":0},"end":{"line":743,"column":4}},"743":{"start":{"line":744,"column":0},"end":{"line":744,"column":22}},"744":{"start":{"line":745,"column":0},"end":{"line":745,"column":32}},"745":{"start":{"line":746,"column":0},"end":{"line":746,"column":65}},"746":{"start":{"line":747,"column":0},"end":{"line":747,"column":68}},"747":{"start":{"line":748,"column":0},"end":{"line":748,"column":5}},"748":{"start":{"line":749,"column":0},"end":{"line":749,"column":3}},"749":{"start":{"line":750,"column":0},"end":{"line":750,"column":1}},"760":{"start":{"line":761,"column":0},"end":{"line":761,"column":23}},"761":{"start":{"line":762,"column":0},"end":{"line":762,"column":36}},"762":{"start":{"line":763,"column":0},"end":{"line":763,"column":81}},"763":{"start":{"line":764,"column":0},"end":{"line":764,"column":36}},"765":{"start":{"line":766,"column":0},"end":{"line":766,"column":27}},"766":{"start":{"line":767,"column":0},"end":{"line":767,"column":9}},"767":{"start":{"line":768,"column":0},"end":{"line":768,"column":28}},"768":{"start":{"line":769,"column":0},"end":{"line":769,"column":42}},"769":{"start":{"line":770,"column":0},"end":{"line":770,"column":5}},"770":{"start":{"line":771,"column":0},"end":{"line":771,"column":3}},"771":{"start":{"line":772,"column":0},"end":{"line":772,"column":1}},"774":{"start":{"line":775,"column":0},"end":{"line":775,"column":23}},"775":{"start":{"line":776,"column":0},"end":{"line":776,"column":11}},"776":{"start":{"line":777,"column":0},"end":{"line":777,"column":17}},"777":{"start":{"line":778,"column":0},"end":{"line":778,"column":40}},"778":{"start":{"line":779,"column":0},"end":{"line":779,"column":84}},"779":{"start":{"line":780,"column":0},"end":{"line":780,"column":40}},"780":{"start":{"line":781,"column":0},"end":{"line":781,"column":6}},"781":{"start":{"line":782,"column":0},"end":{"line":782,"column":21}},"782":{"start":{"line":783,"column":0},"end":{"line":783,"column":45}},"783":{"start":{"line":784,"column":0},"end":{"line":784,"column":21}},"784":{"start":{"line":785,"column":0},"end":{"line":785,"column":6}},"785":{"start":{"line":786,"column":0},"end":{"line":786,"column":1}}},"s":{"24":0,"25":0,"33":0,"50":0,"51":0,"52":0,"53":0,"54":0,"55":0,"56":0,"57":0,"58":0,"59":0,"60":0,"61":0,"62":0,"68":0,"69":0,"70":0,"71":0,"72":0,"73":0,"74":0,"75":0,"76":0,"77":0,"78":0,"84":0,"85":0,"86":0,"87":0,"88":0,"89":0,"90":0,"91":0,"92":0,"93":0,"94":0,"95":0,"96":0,"97":0,"98":0,"99":0,"100":0,"101":0,"107":0,"108":0,"109":0,"110":0,"111":0,"112":0,"113":0,"114":0,"115":0,"140":0,"146":0,"147":0,"148":0,"149":0,"150":0,"151":0,"152":0,"153":0,"154":0,"155":0,"156":0,"157":0,"158":0,"159":0,"160":0,"161":0,"162":0,"163":0,"164":0,"165":0,"166":0,"167":0,"168":0,"169":0,"170":0,"171":0,"172":0,"173":0,"174":0,"175":0,"176":0,"177":0,"178":0,"179":0,"180":0,"181":0,"182":0,"192":0,"197":0,"199":0,"200":0,"201":0,"203":0,"204":0,"205":0,"206":0,"207":0,"208":0,"209":0,"210":0,"211":0,"212":0,"213":0,"214":0,"217":0,"218":0,"219":0,"220":0,"221":0,"222":0,"223":0,"224":0,"230":0,"235":0,"236":0,"237":0,"238":0,"240":0,"241":0,"242":0,"243":0,"244":0,"245":0,"246":0,"247":0,"248":0,"249":0,"250":0,"251":0,"254":0,"255":0,"256":0,"257":0,"258":0,"259":0,"260":0,"261":0,"267":0,"272":0,"273":0,"274":0,"275":0,"277":0,"278":0,"279":0,"280":0,"281":0,"282":0,"283":0,"284":0,"285":0,"286":0,"287":0,"288":0,"291":0,"292":0,"293":0,"294":0,"295":0,"296":0,"297":0,"298":0,"308":0,"309":0,"311":0,"312":0,"313":0,"314":0,"317":0,"318":0,"319":0,"320":0,"321":0,"324":0,"325":0,"326":0,"327":0,"328":0,"329":0,"330":0,"332":0,"333":0,"334":0,"335":0,"336":0,"337":0,"347":0,"348":0,"350":0,"351":0,"352":0,"353":0,"354":0,"355":0,"357":0,"358":0,"359":0,"360":0,"361":0,"363":0,"364":0,"365":0,"366":0,"369":0,"370":0,"371":0,"372":0,"373":0,"376":0,"377":0,"378":0,"379":0,"380":0,"381":0,"382":0,"383":0,"384":0,"385":0,"386":0,"387":0,"388":0,"389":0,"390":0,"392":0,"393":0,"394":0,"395":0,"398":0,"399":0,"400":0,"401":0,"402":0,"403":0,"413":0,"414":0,"416":0,"417":0,"418":0,"419":0,"420":0,"421":0,"423":0,"424":0,"425":0,"464":0,"465":0,"466":0,"467":0,"468":0,"469":0,"470":0,"471":0,"472":0,"473":0,"474":0,"475":0,"476":0,"477":0,"478":0,"479":0,"481":0,"482":0,"483":0,"484":0,"485":0,"486":0,"487":0,"489":0,"490":0,"491":0,"492":0,"493":0,"494":0,"495":0,"496":0,"497":0,"498":0,"499":0,"500":0,"501":0,"503":0,"504":0,"505":0,"506":0,"507":0,"508":0,"509":0,"510":0,"511":0,"512":0,"513":0,"514":0,"515":0,"516":0,"517":0,"518":0,"519":0,"520":0,"521":0,"522":0,"523":0,"524":0,"526":0,"527":0,"528":0,"529":0,"530":0,"531":0,"532":0,"533":0,"534":0,"535":0,"536":0,"537":0,"538":0,"539":0,"540":0,"541":0,"542":0,"543":0,"544":0,"545":0,"546":0,"547":0,"549":0,"550":0,"552":0,"553":0,"554":0,"555":0,"556":0,"557":0,"558":0,"560":0,"561":0,"562":0,"563":0,"564":0,"565":0,"566":0,"568":0,"569":0,"570":0,"572":0,"573":0,"574":0,"576":0,"577":0,"578":0,"579":0,"581":0,"582":0,"583":0,"584":0,"585":0,"586":0,"587":0,"588":0,"589":0,"590":0,"591":0,"592":0,"598":0,"599":0,"600":0,"601":0,"602":0,"605":0,"606":0,"607":0,"608":0,"609":0,"610":0,"611":0,"612":0,"613":0,"614":0,"615":0,"616":0,"617":0,"627":0,"628":0,"631":0,"633":0,"634":0,"637":0,"639":0,"640":0,"643":0,"645":0,"646":0,"649":0,"651":0,"652":0,"655":0,"658":0,"659":0,"660":0,"662":0,"663":0,"666":0,"667":0,"668":0,"669":0,"670":0,"671":0,"672":0,"673":0,"674":0,"675":0,"676":0,"677":0,"678":0,"679":0,"680":0,"682":0,"683":0,"684":0,"685":0,"686":0,"687":0,"690":0,"692":0,"693":0,"694":0,"695":0,"696":0,"698":0,"699":0,"700":0,"701":0,"702":0,"704":0,"706":0,"708":0,"709":0,"710":0,"711":0,"712":0,"713":0,"714":0,"715":0,"721":0,"722":0,"723":0,"724":0,"725":0,"726":0,"727":0,"730":0,"731":0,"732":0,"733":0,"734":0,"735":0,"736":0,"737":0,"738":0,"739":0,"740":0,"741":0,"742":0,"743":0,"744":0,"745":0,"746":0,"747":0,"748":0,"749":0,"760":0,"761":0,"762":0,"763":0,"765":0,"766":0,"767":0,"768":0,"769":0,"770":0,"771":0,"774":0,"775":0,"776":0,"777":0,"778":0,"779":0,"780":0,"781":0,"782":0,"783":0,"784":0,"785":0},"branchMap":{"0":{"type":"branch","line":1,"loc":{"start":{"line":1,"column":25947},"end":{"line":788,"column":28}},"locations":[{"start":{"line":1,"column":25947},"end":{"line":788,"column":28}}]}},"b":{"0":[1]},"fnMap":{"0":{"name":"(empty-report)","decl":{"start":{"line":1,"column":25947},"end":{"line":788,"column":28}},"loc":{"start":{"line":1,"column":25947},"end":{"line":788,"column":28}},"line":1}},"f":{"0":1}}
,"/Users/aleksandrsemenov/Projects/f2/eslint.config.js": {"path":"/Users/aleksandrsemenov/Projects/f2/eslint.config.js","all":true,"statementMap":{"0":{"start":{"line":1,"column":0},"end":{"line":1,"column":27}},"1":{"start":{"line":2,"column":0},"end":{"line":2,"column":55}},"2":{"start":{"line":3,"column":0},"end":{"line":3,"column":48}},"3":{"start":{"line":4,"column":0},"end":{"line":4,"column":45}},"4":{"start":{"line":5,"column":0},"end":{"line":5,"column":49}},"6":{"start":{"line":7,"column":0},"end":{"line":7,"column":16}},"7":{"start":{"line":8,"column":0},"end":{"line":8,"column":25}},"8":{"start":{"line":9,"column":0},"end":{"line":9,"column":3}},"9":{"start":{"line":10,"column":0},"end":{"line":10,"column":78}},"10":{"start":{"line":11,"column":0},"end":{"line":11,"column":22}},"11":{"start":{"line":12,"column":0},"end":{"line":12,"column":23}},"12":{"start":{"line":13,"column":0},"end":{"line":13,"column":22}},"13":{"start":{"line":14,"column":0},"end":{"line":14,"column":26}},"14":{"start":{"line":15,"column":0},"end":{"line":15,"column":29}},"15":{"start":{"line":16,"column":0},"end":{"line":16,"column":35}},"16":{"start":{"line":17,"column":0},"end":{"line":17,"column":8}},"17":{"start":{"line":18,"column":0},"end":{"line":18,"column":16}},"18":{"start":{"line":19,"column":0},"end":{"line":19,"column":28}},"19":{"start":{"line":20,"column":0},"end":{"line":20,"column":26}},"20":{"start":{"line":21,"column":0},"end":{"line":21,"column":31}},"21":{"start":{"line":22,"column":0},"end":{"line":22,"column":33}},"22":{"start":{"line":23,"column":0},"end":{"line":23,"column":32}},"23":{"start":{"line":24,"column":0},"end":{"line":24,"column":34}},"24":{"start":{"line":25,"column":0},"end":{"line":25,"column":28}},"25":{"start":{"line":26,"column":0},"end":{"line":26,"column":27}},"26":{"start":{"line":27,"column":0},"end":{"line":27,"column":8}},"27":{"start":{"line":28,"column":0},"end":{"line":28,"column":6}},"28":{"start":{"line":29,"column":0},"end":{"line":29,"column":14}},"29":{"start":{"line":30,"column":0},"end":{"line":30,"column":37}},"30":{"start":{"line":31,"column":0},"end":{"line":31,"column":29}},"31":{"start":{"line":32,"column":0},"end":{"line":32,"column":6}},"32":{"start":{"line":33,"column":0},"end":{"line":33,"column":12}},"33":{"start":{"line":34,"column":0},"end":{"line":34,"column":25}},"34":{"start":{"line":35,"column":0},"end":{"line":35,"column":81}},"35":{"start":{"line":36,"column":0},"end":{"line":36,"column":51}},"36":{"start":{"line":37,"column":0},"end":{"line":37,"column":52}},"37":{"start":{"line":38,"column":0},"end":{"line":38,"column":57}},"38":{"start":{"line":39,"column":0},"end":{"line":39,"column":51}},"39":{"start":{"line":40,"column":0},"end":{"line":40,"column":56}},"40":{"start":{"line":41,"column":0},"end":{"line":41,"column":62}},"41":{"start":{"line":42,"column":0},"end":{"line":42,"column":58}},"42":{"start":{"line":43,"column":0},"end":{"line":43,"column":62}},"44":{"start":{"line":45,"column":0},"end":{"line":45,"column":37}},"45":{"start":{"line":46,"column":0},"end":{"line":46,"column":33}},"46":{"start":{"line":47,"column":0},"end":{"line":47,"column":45}},"47":{"start":{"line":48,"column":0},"end":{"line":48,"column":84}},"48":{"start":{"line":49,"column":0},"end":{"line":49,"column":83}},"49":{"start":{"line":50,"column":0},"end":{"line":50,"column":48}},"50":{"start":{"line":51,"column":0},"end":{"line":51,"column":72}},"51":{"start":{"line":52,"column":0},"end":{"line":52,"column":47}},"53":{"start":{"line":54,"column":0},"end":{"line":54,"column":22}},"54":{"start":{"line":55,"column":0},"end":{"line":55,"column":26}},"55":{"start":{"line":56,"column":0},"end":{"line":56,"column":29}},"56":{"start":{"line":57,"column":0},"end":{"line":57,"column":30}},"57":{"start":{"line":58,"column":0},"end":{"line":58,"column":24}},"58":{"start":{"line":59,"column":0},"end":{"line":59,"column":34}},"59":{"start":{"line":60,"column":0},"end":{"line":60,"column":39}},"60":{"start":{"line":61,"column":0},"end":{"line":61,"column":28}},"61":{"start":{"line":62,"column":0},"end":{"line":62,"column":29}},"62":{"start":{"line":63,"column":0},"end":{"line":63,"column":30}},"63":{"start":{"line":64,"column":0},"end":{"line":64,"column":6}},"64":{"start":{"line":65,"column":0},"end":{"line":65,"column":4}},"66":{"start":{"line":67,"column":0},"end":{"line":67,"column":11}},"67":{"start":{"line":68,"column":0},"end":{"line":68,"column":1}}},"s":{"0":0,"1":0,"2":0,"3":0,"4":0,"6":0,"7":0,"8":0,"9":0,"10":0,"11":0,"12":0,"13":0,"14":0,"15":0,"16":0,"17":0,"18":0,"19":0,"20":0,"21":0,"22":0,"23":0,"24":0,"25":0,"26":0,"27":0,"28":0,"29":0,"30":0,"31":0,"32":0,"33":0,"34":0,"35":0,"36":0,"37":0,"38":0,"39":0,"40":0,"41":0,"42":0,"44":0,"45":0,"46":0,"47":0,"48":0,"49":0,"50":0,"51":0,"53":0,"54":0,"55":0,"56":0,"57":0,"58":0,"59":0,"60":0,"61":0,"62":0,"63":0,"64":0,"66":0,"67":0},"branchMap":{"0":{"type":"branch","line":1,"loc":{"start":{"line":1,"column":2262},"end":{"line":68,"column":1}},"locations":[{"start":{"line":1,"column":2262},"end":{"line":68,"column":1}}]}},"b":{"0":[0]},"fnMap":{"0":{"name":"(empty-report)","decl":{"start":{"line":1,"column":2262},"end":{"line":68,"column":1}},"loc":{"start":{"line":1,"column":2262},"end":{"line":68,"column":1}},"line":1}},"f":{"0":0}}
,"/Users/aleksandrsemenov/Projects/f2/functional-patterns-standalone.ts": {"path":"/Users/aleksandrsemenov/Projects/f2/functional-patterns-standalone.ts","all":true,"statementMap":{"23":{"start":{"line":24,"column":0},"end":{"line":24,"column":76}},"24":{"start":{"line":25,"column":0},"end":{"line":25,"column":39}},"35":{"start":{"line":36,"column":0},"end":{"line":36,"column":34}},"36":{"start":{"line":37,"column":0},"end":{"line":37,"column":20}},"37":{"start":{"line":38,"column":0},"end":{"line":38,"column":49}},"38":{"start":{"line":39,"column":0},"end":{"line":39,"column":48}},"39":{"start":{"line":40,"column":0},"end":{"line":40,"column":58}},"40":{"start":{"line":41,"column":0},"end":{"line":41,"column":24}},"41":{"start":{"line":42,"column":0},"end":{"line":42,"column":2}},"47":{"start":{"line":48,"column":0},"end":{"line":48,"column":37}},"48":{"start":{"line":49,"column":0},"end":{"line":49,"column":20}},"49":{"start":{"line":50,"column":0},"end":{"line":50,"column":48}},"50":{"start":{"line":51,"column":0},"end":{"line":51,"column":47}},"51":{"start":{"line":52,"column":0},"end":{"line":52,"column":48}},"52":{"start":{"line":53,"column":0},"end":{"line":53,"column":25}},"53":{"start":{"line":54,"column":0},"end":{"line":54,"column":2}},"59":{"start":{"line":60,"column":0},"end":{"line":60,"column":35}},"60":{"start":{"line":61,"column":0},"end":{"line":61,"column":20}},"61":{"start":{"line":62,"column":0},"end":{"line":62,"column":24}},"62":{"start":{"line":63,"column":0},"end":{"line":63,"column":37}},"63":{"start":{"line":64,"column":0},"end":{"line":64,"column":29}},"64":{"start":{"line":65,"column":0},"end":{"line":65,"column":52}},"65":{"start":{"line":66,"column":0},"end":{"line":66,"column":54}},"66":{"start":{"line":67,"column":0},"end":{"line":67,"column":6}},"67":{"start":{"line":68,"column":0},"end":{"line":68,"column":47}},"68":{"start":{"line":69,"column":0},"end":{"line":69,"column":87}},"69":{"start":{"line":70,"column":0},"end":{"line":70,"column":24}},"70":{"start":{"line":71,"column":0},"end":{"line":71,"column":2}},"94":{"start":{"line":95,"column":0},"end":{"line":95,"column":54}},"100":{"start":{"line":101,"column":0},"end":{"line":101,"column":61}},"101":{"start":{"line":102,"column":0},"end":{"line":102,"column":26}},"102":{"start":{"line":103,"column":0},"end":{"line":103,"column":45}},"103":{"start":{"line":104,"column":0},"end":{"line":104,"column":32}},"104":{"start":{"line":105,"column":0},"end":{"line":105,"column":6}},"105":{"start":{"line":106,"column":0},"end":{"line":106,"column":72}},"106":{"start":{"line":107,"column":0},"end":{"line":107,"column":75}},"107":{"start":{"line":108,"column":0},"end":{"line":108,"column":6}},"108":{"start":{"line":109,"column":0},"end":{"line":109,"column":80}},"109":{"start":{"line":110,"column":0},"end":{"line":110,"column":86}},"110":{"start":{"line":111,"column":0},"end":{"line":111,"column":6}},"111":{"start":{"line":112,"column":0},"end":{"line":112,"column":63}},"112":{"start":{"line":113,"column":0},"end":{"line":113,"column":79}},"113":{"start":{"line":114,"column":0},"end":{"line":114,"column":6}},"114":{"start":{"line":115,"column":0},"end":{"line":115,"column":70}},"115":{"start":{"line":116,"column":0},"end":{"line":116,"column":59}},"116":{"start":{"line":117,"column":0},"end":{"line":117,"column":6}},"117":{"start":{"line":118,"column":0},"end":{"line":118,"column":20}},"118":{"start":{"line":119,"column":0},"end":{"line":119,"column":3}},"128":{"start":{"line":129,"column":0},"end":{"line":129,"column":19}},"129":{"start":{"line":130,"column":0},"end":{"line":130,"column":50}},"131":{"start":{"line":132,"column":0},"end":{"line":132,"column":78}},"132":{"start":{"line":133,"column":0},"end":{"line":133,"column":59}},"134":{"start":{"line":135,"column":0},"end":{"line":135,"column":98}},"135":{"start":{"line":136,"column":0},"end":{"line":136,"column":21}},"136":{"start":{"line":137,"column":0},"end":{"line":137,"column":36}},"138":{"start":{"line":139,"column":0},"end":{"line":139,"column":37}},"139":{"start":{"line":140,"column":0},"end":{"line":140,"column":43}},"140":{"start":{"line":141,"column":0},"end":{"line":141,"column":66}},"141":{"start":{"line":142,"column":0},"end":{"line":142,"column":25}},"142":{"start":{"line":143,"column":0},"end":{"line":143,"column":28}},"143":{"start":{"line":144,"column":0},"end":{"line":144,"column":40}},"144":{"start":{"line":145,"column":0},"end":{"line":145,"column":11}},"145":{"start":{"line":146,"column":0},"end":{"line":146,"column":7}},"148":{"start":{"line":149,"column":0},"end":{"line":149,"column":24}},"149":{"start":{"line":150,"column":0},"end":{"line":150,"column":33}},"150":{"start":{"line":151,"column":0},"end":{"line":151,"column":14}},"151":{"start":{"line":152,"column":0},"end":{"line":152,"column":24}},"152":{"start":{"line":153,"column":0},"end":{"line":153,"column":34}},"153":{"start":{"line":154,"column":0},"end":{"line":154,"column":29}},"154":{"start":{"line":155,"column":0},"end":{"line":155,"column":7}},"157":{"start":{"line":158,"column":0},"end":{"line":158,"column":42}},"159":{"start":{"line":160,"column":0},"end":{"line":160,"column":49}},"161":{"start":{"line":162,"column":0},"end":{"line":162,"column":24}},"162":{"start":{"line":163,"column":0},"end":{"line":163,"column":6}},"163":{"start":{"line":164,"column":0},"end":{"line":164,"column":3}},"165":{"start":{"line":166,"column":0},"end":{"line":166,"column":101}},"166":{"start":{"line":167,"column":0},"end":{"line":167,"column":21}},"167":{"start":{"line":168,"column":0},"end":{"line":168,"column":36}},"168":{"start":{"line":169,"column":0},"end":{"line":169,"column":49}},"170":{"start":{"line":171,"column":0},"end":{"line":171,"column":38}},"171":{"start":{"line":172,"column":0},"end":{"line":172,"column":77}},"172":{"start":{"line":173,"column":0},"end":{"line":173,"column":7}},"174":{"start":{"line":175,"column":0},"end":{"line":175,"column":57}},"175":{"start":{"line":176,"column":0},"end":{"line":176,"column":37}},"176":{"start":{"line":177,"column":0},"end":{"line":177,"column":24}},"177":{"start":{"line":178,"column":0},"end":{"line":178,"column":6}},"178":{"start":{"line":179,"column":0},"end":{"line":179,"column":3}},"181":{"start":{"line":182,"column":0},"end":{"line":182,"column":73}},"182":{"start":{"line":183,"column":0},"end":{"line":183,"column":57}},"183":{"start":{"line":184,"column":0},"end":{"line":184,"column":75}},"184":{"start":{"line":185,"column":0},"end":{"line":185,"column":5}},"185":{"start":{"line":186,"column":0},"end":{"line":186,"column":1}},"191":{"start":{"line":192,"column":0},"end":{"line":192,"column":22}},"192":{"start":{"line":193,"column":0},"end":{"line":193,"column":56}},"193":{"start":{"line":194,"column":0},"end":{"line":194,"column":56}},"195":{"start":{"line":196,"column":0},"end":{"line":196,"column":81}},"196":{"start":{"line":197,"column":0},"end":{"line":197,"column":62}},"198":{"start":{"line":199,"column":0},"end":{"line":199,"column":96}},"199":{"start":{"line":200,"column":0},"end":{"line":200,"column":21}},"200":{"start":{"line":201,"column":0},"end":{"line":201,"column":36}},"201":{"start":{"line":202,"column":0},"end":{"line":202,"column":27}},"202":{"start":{"line":203,"column":0},"end":{"line":203,"column":33}},"203":{"start":{"line":204,"column":0},"end":{"line":204,"column":15}},"204":{"start":{"line":205,"column":0},"end":{"line":205,"column":7}},"207":{"start":{"line":208,"column":0},"end":{"line":208,"column":44}},"209":{"start":{"line":210,"column":0},"end":{"line":210,"column":44}},"210":{"start":{"line":211,"column":0},"end":{"line":211,"column":58}},"211":{"start":{"line":212,"column":0},"end":{"line":212,"column":20}},"212":{"start":{"line":213,"column":0},"end":{"line":213,"column":6}},"213":{"start":{"line":214,"column":0},"end":{"line":214,"column":3}},"215":{"start":{"line":216,"column":0},"end":{"line":216,"column":84}},"216":{"start":{"line":217,"column":0},"end":{"line":217,"column":21}},"217":{"start":{"line":218,"column":0},"end":{"line":218,"column":36}},"218":{"start":{"line":219,"column":0},"end":{"line":219,"column":54}},"219":{"start":{"line":220,"column":0},"end":{"line":220,"column":23}},"220":{"start":{"line":221,"column":0},"end":{"line":221,"column":67}},"221":{"start":{"line":222,"column":0},"end":{"line":222,"column":20}},"222":{"start":{"line":223,"column":0},"end":{"line":223,"column":34}},"223":{"start":{"line":224,"column":0},"end":{"line":224,"column":11}},"224":{"start":{"line":225,"column":0},"end":{"line":225,"column":7}},"225":{"start":{"line":226,"column":0},"end":{"line":226,"column":18}},"226":{"start":{"line":227,"column":0},"end":{"line":227,"column":6}},"227":{"start":{"line":228,"column":0},"end":{"line":228,"column":3}},"229":{"start":{"line":230,"column":0},"end":{"line":230,"column":102}},"230":{"start":{"line":231,"column":0},"end":{"line":231,"column":21}},"231":{"start":{"line":232,"column":0},"end":{"line":232,"column":36}},"232":{"start":{"line":233,"column":0},"end":{"line":233,"column":60}},"234":{"start":{"line":235,"column":0},"end":{"line":235,"column":36}},"235":{"start":{"line":236,"column":0},"end":{"line":236,"column":67}},"236":{"start":{"line":237,"column":0},"end":{"line":237,"column":20}},"237":{"start":{"line":238,"column":0},"end":{"line":238,"column":41}},"238":{"start":{"line":239,"column":0},"end":{"line":239,"column":11}},"239":{"start":{"line":240,"column":0},"end":{"line":240,"column":7}},"241":{"start":{"line":242,"column":0},"end":{"line":242,"column":60}},"242":{"start":{"line":243,"column":0},"end":{"line":243,"column":6}},"243":{"start":{"line":244,"column":0},"end":{"line":244,"column":3}},"244":{"start":{"line":245,"column":0},"end":{"line":245,"column":1}},"250":{"start":{"line":251,"column":0},"end":{"line":251,"column":20}},"251":{"start":{"line":252,"column":0},"end":{"line":252,"column":14}},"252":{"start":{"line":253,"column":0},"end":{"line":253,"column":46}},"253":{"start":{"line":254,"column":0},"end":{"line":254,"column":51}},"254":{"start":{"line":255,"column":0},"end":{"line":255,"column":6}},"256":{"start":{"line":257,"column":0},"end":{"line":257,"column":52}},"258":{"start":{"line":259,"column":0},"end":{"line":259,"column":79}},"259":{"start":{"line":260,"column":0},"end":{"line":260,"column":60}},"261":{"start":{"line":262,"column":0},"end":{"line":262,"column":17}},"262":{"start":{"line":263,"column":0},"end":{"line":263,"column":19}},"263":{"start":{"line":264,"column":0},"end":{"line":264,"column":57}},"264":{"start":{"line":265,"column":0},"end":{"line":265,"column":52}},"265":{"start":{"line":266,"column":0},"end":{"line":266,"column":21}},"266":{"start":{"line":267,"column":0},"end":{"line":267,"column":36}},"268":{"start":{"line":269,"column":0},"end":{"line":269,"column":65}},"269":{"start":{"line":270,"column":0},"end":{"line":270,"column":38}},"270":{"start":{"line":271,"column":0},"end":{"line":271,"column":73}},"271":{"start":{"line":272,"column":0},"end":{"line":272,"column":7}},"274":{"start":{"line":275,"column":0},"end":{"line":275,"column":53}},"275":{"start":{"line":276,"column":0},"end":{"line":276,"column":25}},"277":{"start":{"line":278,"column":0},"end":{"line":278,"column":33}},"278":{"start":{"line":279,"column":0},"end":{"line":279,"column":81}},"280":{"start":{"line":281,"column":0},"end":{"line":281,"column":43}},"281":{"start":{"line":282,"column":0},"end":{"line":282,"column":69}},"282":{"start":{"line":283,"column":0},"end":{"line":283,"column":38}},"283":{"start":{"line":284,"column":0},"end":{"line":284,"column":32}},"284":{"start":{"line":285,"column":0},"end":{"line":285,"column":13}},"285":{"start":{"line":286,"column":0},"end":{"line":286,"column":9}},"287":{"start":{"line":288,"column":0},"end":{"line":288,"column":43}},"288":{"start":{"line":289,"column":0},"end":{"line":289,"column":78}},"290":{"start":{"line":291,"column":0},"end":{"line":291,"column":55}},"291":{"start":{"line":292,"column":0},"end":{"line":292,"column":32}},"293":{"start":{"line":294,"column":0},"end":{"line":294,"column":26}},"294":{"start":{"line":295,"column":0},"end":{"line":295,"column":36}},"295":{"start":{"line":296,"column":0},"end":{"line":296,"column":34}},"296":{"start":{"line":297,"column":0},"end":{"line":297,"column":36}},"297":{"start":{"line":298,"column":0},"end":{"line":298,"column":10}},"298":{"start":{"line":299,"column":0},"end":{"line":299,"column":7}},"301":{"start":{"line":302,"column":0},"end":{"line":302,"column":25}},"302":{"start":{"line":303,"column":0},"end":{"line":303,"column":34}},"303":{"start":{"line":304,"column":0},"end":{"line":304,"column":15}},"304":{"start":{"line":305,"column":0},"end":{"line":305,"column":26}},"305":{"start":{"line":306,"column":0},"end":{"line":306,"column":27}},"306":{"start":{"line":307,"column":0},"end":{"line":307,"column":35}},"307":{"start":{"line":308,"column":0},"end":{"line":308,"column":29}},"308":{"start":{"line":309,"column":0},"end":{"line":309,"column":7}},"311":{"start":{"line":312,"column":0},"end":{"line":312,"column":38}},"313":{"start":{"line":314,"column":0},"end":{"line":314,"column":38}},"314":{"start":{"line":315,"column":0},"end":{"line":315,"column":18}},"315":{"start":{"line":316,"column":0},"end":{"line":316,"column":6}},"316":{"start":{"line":317,"column":0},"end":{"line":317,"column":3}},"318":{"start":{"line":319,"column":0},"end":{"line":319,"column":23}},"319":{"start":{"line":320,"column":0},"end":{"line":320,"column":21}},"320":{"start":{"line":321,"column":0},"end":{"line":321,"column":30}},"321":{"start":{"line":322,"column":0},"end":{"line":322,"column":52}},"322":{"start":{"line":323,"column":0},"end":{"line":323,"column":21}},"323":{"start":{"line":324,"column":0},"end":{"line":324,"column":36}},"324":{"start":{"line":325,"column":0},"end":{"line":325,"column":55}},"326":{"start":{"line":327,"column":0},"end":{"line":327,"column":39}},"327":{"start":{"line":328,"column":0},"end":{"line":328,"column":67}},"328":{"start":{"line":329,"column":0},"end":{"line":329,"column":18}},"329":{"start":{"line":330,"column":0},"end":{"line":330,"column":36}},"330":{"start":{"line":331,"column":0},"end":{"line":331,"column":33}},"331":{"start":{"line":332,"column":0},"end":{"line":332,"column":11}},"332":{"start":{"line":333,"column":0},"end":{"line":333,"column":7}},"334":{"start":{"line":335,"column":0},"end":{"line":335,"column":44}},"337":{"start":{"line":338,"column":0},"end":{"line":338,"column":70}},"338":{"start":{"line":339,"column":0},"end":{"line":339,"column":85}},"339":{"start":{"line":340,"column":0},"end":{"line":340,"column":85}},"340":{"start":{"line":341,"column":0},"end":{"line":341,"column":63}},"341":{"start":{"line":342,"column":0},"end":{"line":342,"column":77}},"342":{"start":{"line":343,"column":0},"end":{"line":343,"column":77}},"343":{"start":{"line":344,"column":0},"end":{"line":344,"column":24}},"344":{"start":{"line":345,"column":0},"end":{"line":345,"column":7}},"346":{"start":{"line":347,"column":0},"end":{"line":347,"column":31}},"347":{"start":{"line":348,"column":0},"end":{"line":348,"column":67}},"348":{"start":{"line":349,"column":0},"end":{"line":349,"column":18}},"349":{"start":{"line":350,"column":0},"end":{"line":350,"column":44}},"350":{"start":{"line":351,"column":0},"end":{"line":351,"column":71}},"351":{"start":{"line":352,"column":0},"end":{"line":352,"column":11}},"352":{"start":{"line":353,"column":0},"end":{"line":353,"column":7}},"354":{"start":{"line":355,"column":0},"end":{"line":355,"column":65}},"355":{"start":{"line":356,"column":0},"end":{"line":356,"column":44}},"356":{"start":{"line":357,"column":0},"end":{"line":357,"column":25}},"357":{"start":{"line":358,"column":0},"end":{"line":358,"column":6}},"358":{"start":{"line":359,"column":0},"end":{"line":359,"column":3}},"359":{"start":{"line":360,"column":0},"end":{"line":360,"column":1}},"368":{"start":{"line":369,"column":0},"end":{"line":369,"column":37}},"369":{"start":{"line":370,"column":0},"end":{"line":370,"column":27}},"370":{"start":{"line":371,"column":0},"end":{"line":371,"column":33}},"371":{"start":{"line":372,"column":0},"end":{"line":372,"column":28}},"373":{"start":{"line":374,"column":0},"end":{"line":374,"column":27}},"374":{"start":{"line":375,"column":0},"end":{"line":375,"column":71}},"377":{"start":{"line":378,"column":0},"end":{"line":378,"column":44}},"378":{"start":{"line":379,"column":0},"end":{"line":379,"column":44}},"379":{"start":{"line":380,"column":0},"end":{"line":380,"column":36}},"380":{"start":{"line":381,"column":0},"end":{"line":381,"column":22}},"381":{"start":{"line":382,"column":0},"end":{"line":382,"column":6}},"382":{"start":{"line":383,"column":0},"end":{"line":383,"column":66}},"385":{"start":{"line":386,"column":0},"end":{"line":386,"column":48}},"386":{"start":{"line":387,"column":0},"end":{"line":387,"column":58}},"387":{"start":{"line":388,"column":0},"end":{"line":388,"column":29}},"388":{"start":{"line":389,"column":0},"end":{"line":389,"column":19}},"389":{"start":{"line":390,"column":0},"end":{"line":390,"column":22}},"390":{"start":{"line":391,"column":0},"end":{"line":391,"column":19}},"391":{"start":{"line":392,"column":0},"end":{"line":392,"column":6}},"393":{"start":{"line":394,"column":0},"end":{"line":394,"column":58}},"394":{"start":{"line":395,"column":0},"end":{"line":395,"column":28}},"395":{"start":{"line":396,"column":0},"end":{"line":396,"column":19}},"396":{"start":{"line":397,"column":0},"end":{"line":397,"column":24}},"397":{"start":{"line":398,"column":0},"end":{"line":398,"column":19}},"398":{"start":{"line":399,"column":0},"end":{"line":399,"column":6}},"399":{"start":{"line":400,"column":0},"end":{"line":400,"column":79}},"402":{"start":{"line":403,"column":0},"end":{"line":403,"column":45}},"403":{"start":{"line":404,"column":0},"end":{"line":404,"column":60}},"404":{"start":{"line":405,"column":0},"end":{"line":405,"column":46}},"405":{"start":{"line":406,"column":0},"end":{"line":406,"column":45}},"406":{"start":{"line":407,"column":0},"end":{"line":407,"column":6}},"407":{"start":{"line":408,"column":0},"end":{"line":408,"column":82}},"410":{"start":{"line":411,"column":0},"end":{"line":411,"column":65}},"411":{"start":{"line":412,"column":0},"end":{"line":412,"column":89}},"412":{"start":{"line":413,"column":0},"end":{"line":413,"column":88}},"414":{"start":{"line":415,"column":0},"end":{"line":415,"column":83}},"415":{"start":{"line":416,"column":0},"end":{"line":416,"column":82}},"417":{"start":{"line":418,"column":0},"end":{"line":418,"column":87}},"418":{"start":{"line":419,"column":0},"end":{"line":419,"column":86}},"420":{"start":{"line":421,"column":0},"end":{"line":421,"column":69}},"421":{"start":{"line":422,"column":0},"end":{"line":422,"column":4}},"426":{"start":{"line":427,"column":0},"end":{"line":427,"column":34}},"427":{"start":{"line":428,"column":0},"end":{"line":428,"column":27}},"428":{"start":{"line":429,"column":0},"end":{"line":429,"column":33}},"429":{"start":{"line":430,"column":0},"end":{"line":430,"column":28}},"431":{"start":{"line":432,"column":0},"end":{"line":432,"column":27}},"432":{"start":{"line":433,"column":0},"end":{"line":433,"column":69}},"435":{"start":{"line":436,"column":0},"end":{"line":436,"column":74}},"436":{"start":{"line":437,"column":0},"end":{"line":437,"column":19}},"437":{"start":{"line":438,"column":0},"end":{"line":438,"column":5}},"439":{"start":{"line":440,"column":0},"end":{"line":440,"column":33}},"440":{"start":{"line":441,"column":0},"end":{"line":441,"column":51}},"441":{"start":{"line":442,"column":0},"end":{"line":442,"column":46}},"442":{"start":{"line":443,"column":0},"end":{"line":443,"column":76}},"443":{"start":{"line":444,"column":0},"end":{"line":444,"column":5}},"446":{"start":{"line":447,"column":0},"end":{"line":447,"column":47}},"447":{"start":{"line":448,"column":0},"end":{"line":448,"column":29}},"448":{"start":{"line":449,"column":0},"end":{"line":449,"column":14}},"449":{"start":{"line":450,"column":0},"end":{"line":450,"column":12}},"450":{"start":{"line":451,"column":0},"end":{"line":451,"column":19}},"451":{"start":{"line":452,"column":0},"end":{"line":452,"column":5}},"453":{"start":{"line":454,"column":0},"end":{"line":454,"column":33}},"454":{"start":{"line":455,"column":0},"end":{"line":455,"column":60}},"455":{"start":{"line":456,"column":0},"end":{"line":456,"column":69}},"456":{"start":{"line":457,"column":0},"end":{"line":457,"column":5}},"459":{"start":{"line":460,"column":0},"end":{"line":460,"column":52}},"461":{"start":{"line":462,"column":0},"end":{"line":462,"column":59}},"462":{"start":{"line":463,"column":0},"end":{"line":463,"column":29}},"463":{"start":{"line":464,"column":0},"end":{"line":464,"column":21}},"464":{"start":{"line":465,"column":0},"end":{"line":465,"column":24}},"465":{"start":{"line":466,"column":0},"end":{"line":466,"column":22}},"466":{"start":{"line":467,"column":0},"end":{"line":467,"column":8}},"469":{"start":{"line":470,"column":0},"end":{"line":470,"column":59}},"470":{"start":{"line":471,"column":0},"end":{"line":471,"column":48}},"471":{"start":{"line":472,"column":0},"end":{"line":472,"column":8}},"472":{"start":{"line":473,"column":0},"end":{"line":473,"column":12}},"473":{"start":{"line":474,"column":0},"end":{"line":474,"column":19}},"474":{"start":{"line":475,"column":0},"end":{"line":475,"column":5}},"476":{"start":{"line":477,"column":0},"end":{"line":477,"column":33}},"477":{"start":{"line":478,"column":0},"end":{"line":478,"column":60}},"478":{"start":{"line":479,"column":0},"end":{"line":479,"column":68}},"479":{"start":{"line":480,"column":0},"end":{"line":480,"column":5}},"481":{"start":{"line":482,"column":0},"end":{"line":482,"column":66}},"482":{"start":{"line":483,"column":0},"end":{"line":483,"column":4}},"492":{"start":{"line":493,"column":0},"end":{"line":493,"column":42}},"493":{"start":{"line":494,"column":0},"end":{"line":494,"column":103}},"494":{"start":{"line":495,"column":0},"end":{"line":495,"column":85}},"495":{"start":{"line":496,"column":0},"end":{"line":496,"column":103}},"496":{"start":{"line":497,"column":0},"end":{"line":497,"column":23}},"499":{"start":{"line":500,"column":0},"end":{"line":500,"column":39}},"500":{"start":{"line":501,"column":0},"end":{"line":501,"column":46}},"501":{"start":{"line":502,"column":0},"end":{"line":502,"column":68}},"504":{"start":{"line":505,"column":0},"end":{"line":505,"column":79}},"505":{"start":{"line":506,"column":0},"end":{"line":506,"column":23}},"508":{"start":{"line":509,"column":0},"end":{"line":509,"column":76}},"509":{"start":{"line":510,"column":0},"end":{"line":510,"column":23}},"511":{"start":{"line":512,"column":0},"end":{"line":512,"column":103}},"512":{"start":{"line":513,"column":0},"end":{"line":513,"column":87}},"513":{"start":{"line":514,"column":0},"end":{"line":514,"column":46}},"514":{"start":{"line":515,"column":0},"end":{"line":515,"column":70}},"515":{"start":{"line":516,"column":0},"end":{"line":516,"column":69}},"516":{"start":{"line":517,"column":0},"end":{"line":517,"column":55}},"517":{"start":{"line":518,"column":0},"end":{"line":518,"column":51}},"518":{"start":{"line":519,"column":0},"end":{"line":519,"column":63}},"519":{"start":{"line":520,"column":0},"end":{"line":520,"column":66}},"520":{"start":{"line":521,"column":0},"end":{"line":521,"column":60}},"521":{"start":{"line":522,"column":0},"end":{"line":522,"column":103}},"522":{"start":{"line":523,"column":0},"end":{"line":523,"column":2}},"526":{"start":{"line":527,"column":0},"end":{"line":527,"column":23}},"527":{"start":{"line":528,"column":0},"end":{"line":528,"column":26}},"528":{"start":{"line":529,"column":0},"end":{"line":529,"column":1}}},"s":{"23":0,"24":0,"35":0,"36":0,"37":0,"38":0,"39":0,"40":0,"41":0,"47":0,"48":0,"49":0,"50":0,"51":0,"52":0,"53":0,"59":0,"60":0,"61":0,"62":0,"63":0,"64":0,"65":0,"66":0,"67":0,"68":0,"69":0,"70":0,"94":0,"100":0,"101":0,"102":0,"103":0,"104":0,"105":0,"106":0,"107":0,"108":0,"109":0,"110":0,"111":0,"112":0,"113":0,"114":0,"115":0,"116":0,"117":0,"118":0,"128":0,"129":0,"131":0,"132":0,"134":0,"135":0,"136":0,"138":0,"139":0,"140":0,"141":0,"142":0,"143":0,"144":0,"145":0,"148":0,"149":0,"150":0,"151":0,"152":0,"153":0,"154":0,"157":0,"159":0,"161":0,"162":0,"163":0,"165":0,"166":0,"167":0,"168":0,"170":0,"171":0,"172":0,"174":0,"175":0,"176":0,"177":0,"178":0,"181":0,"182":0,"183":0,"184":0,"185":0,"191":0,"192":0,"193":0,"195":0,"196":0,"198":0,"199":0,"200":0,"201":0,"202":0,"203":0,"204":0,"207":0,"209":0,"210":0,"211":0,"212":0,"213":0,"215":0,"216":0,"217":0,"218":0,"219":0,"220":0,"221":0,"222":0,"223":0,"224":0,"225":0,"226":0,"227":0,"229":0,"230":0,"231":0,"232":0,"234":0,"235":0,"236":0,"237":0,"238":0,"239":0,"241":0,"242":0,"243":0,"244":0,"250":0,"251":0,"252":0,"253":0,"254":0,"256":0,"258":0,"259":0,"261":0,"262":0,"263":0,"264":0,"265":0,"266":0,"268":0,"269":0,"270":0,"271":0,"274":0,"275":0,"277":0,"278":0,"280":0,"281":0,"282":0,"283":0,"284":0,"285":0,"287":0,"288":0,"290":0,"291":0,"293":0,"294":0,"295":0,"296":0,"297":0,"298":0,"301":0,"302":0,"303":0,"304":0,"305":0,"306":0,"307":0,"308":0,"311":0,"313":0,"314":0,"315":0,"316":0,"318":0,"319":0,"320":0,"321":0,"322":0,"323":0,"324":0,"326":0,"327":0,"328":0,"329":0,"330":0,"331":0,"332":0,"334":0,"337":0,"338":0,"339":0,"340":0,"341":0,"342":0,"343":0,"344":0,"346":0,"347":0,"348":0,"349":0,"350":0,"351":0,"352":0,"354":0,"355":0,"356":0,"357":0,"358":0,"359":0,"368":0,"369":0,"370":0,"371":0,"373":0,"374":0,"377":0,"378":0,"379":0,"380":0,"381":0,"382":0,"385":0,"386":0,"387":0,"388":0,"389":0,"390":0,"391":0,"393":0,"394":0,"395":0,"396":0,"397":0,"398":0,"399":0,"402":0,"403":0,"404":0,"405":0,"406":0,"407":0,"410":0,"411":0,"412":0,"414":0,"415":0,"417":0,"418":0,"420":0,"421":0,"426":0,"427":0,"428":0,"429":0,"431":0,"432":0,"435":0,"436":0,"437":0,"439":0,"440":0,"441":0,"442":0,"443":0,"446":0,"447":0,"448":0,"449":0,"450":0,"451":0,"453":0,"454":0,"455":0,"456":0,"459":0,"461":0,"462":0,"463":0,"464":0,"465":0,"466":0,"469":0,"470":0,"471":0,"472":0,"473":0,"474":0,"476":0,"477":0,"478":0,"479":0,"481":0,"482":0,"492":0,"493":0,"494":0,"495":0,"496":0,"499":0,"500":0,"501":0,"504":0,"505":0,"508":0,"509":0,"511":0,"512":0,"513":0,"514":0,"515":0,"516":0,"517":0,"518":0,"519":0,"520":0,"521":0,"522":0,"526":0,"527":0,"528":0},"branchMap":{"0":{"type":"branch","line":1,"loc":{"start":{"line":1,"column":18078},"end":{"line":529,"column":1}},"locations":[{"start":{"line":1,"column":18078},"end":{"line":529,"column":1}}]}},"b":{"0":[1]},"fnMap":{"0":{"name":"(empty-report)","decl":{"start":{"line":1,"column":18078},"end":{"line":529,"column":1}},"loc":{"start":{"line":1,"column":18078},"end":{"line":529,"column":1}},"line":1}},"f":{"0":1}}
,"/Users/aleksandrsemenov/Projects/f2/test-complete.ts": {"path":"/Users/aleksandrsemenov/Projects/f2/test-complete.ts","all":true,"statementMap":{"1":{"start":{"line":2,"column":0},"end":{"line":2,"column":33}},"2":{"start":{"line":3,"column":0},"end":{"line":3,"column":39}},"3":{"start":{"line":4,"column":0},"end":{"line":4,"column":8}},"14":{"start":{"line":15,"column":0},"end":{"line":15,"column":53}},"15":{"start":{"line":16,"column":0},"end":{"line":16,"column":27}},"16":{"start":{"line":17,"column":0},"end":{"line":17,"column":61}},"17":{"start":{"line":18,"column":0},"end":{"line":18,"column":67}},"18":{"start":{"line":19,"column":0},"end":{"line":19,"column":49}},"19":{"start":{"line":20,"column":0},"end":{"line":20,"column":40}},"20":{"start":{"line":21,"column":0},"end":{"line":21,"column":2}},"23":{"start":{"line":24,"column":0},"end":{"line":24,"column":47}},"26":{"start":{"line":27,"column":0},"end":{"line":27,"column":53}},"27":{"start":{"line":28,"column":0},"end":{"line":28,"column":34}},"28":{"start":{"line":29,"column":0},"end":{"line":29,"column":20}},"29":{"start":{"line":30,"column":0},"end":{"line":30,"column":23}},"30":{"start":{"line":31,"column":0},"end":{"line":31,"column":2}},"32":{"start":{"line":33,"column":0},"end":{"line":33,"column":71}},"33":{"start":{"line":34,"column":0},"end":{"line":34,"column":30}},"34":{"start":{"line":35,"column":0},"end":{"line":35,"column":38}},"36":{"start":{"line":37,"column":0},"end":{"line":37,"column":58}},"39":{"start":{"line":40,"column":0},"end":{"line":40,"column":48}},"40":{"start":{"line":41,"column":0},"end":{"line":41,"column":49}},"41":{"start":{"line":42,"column":0},"end":{"line":42,"column":46}},"42":{"start":{"line":43,"column":0},"end":{"line":43,"column":2}},"43":{"start":{"line":44,"column":0},"end":{"line":44,"column":50}},"46":{"start":{"line":47,"column":0},"end":{"line":47,"column":55}},"47":{"start":{"line":48,"column":0},"end":{"line":48,"column":59}},"48":{"start":{"line":49,"column":0},"end":{"line":49,"column":52}},"49":{"start":{"line":50,"column":0},"end":{"line":50,"column":25}},"50":{"start":{"line":51,"column":0},"end":{"line":51,"column":24}},"51":{"start":{"line":52,"column":0},"end":{"line":52,"column":38}},"52":{"start":{"line":53,"column":0},"end":{"line":53,"column":4}},"53":{"start":{"line":54,"column":0},"end":{"line":54,"column":27}},"54":{"start":{"line":55,"column":0},"end":{"line":55,"column":29}},"55":{"start":{"line":56,"column":0},"end":{"line":56,"column":3}},"56":{"start":{"line":57,"column":0},"end":{"line":57,"column":2}},"57":{"start":{"line":58,"column":0},"end":{"line":58,"column":63}},"60":{"start":{"line":61,"column":0},"end":{"line":61,"column":54}},"61":{"start":{"line":62,"column":0},"end":{"line":62,"column":64}},"62":{"start":{"line":63,"column":0},"end":{"line":63,"column":94}},"63":{"start":{"line":64,"column":0},"end":{"line":64,"column":99}},"66":{"start":{"line":67,"column":0},"end":{"line":67,"column":54}},"67":{"start":{"line":68,"column":0},"end":{"line":68,"column":79}},"68":{"start":{"line":69,"column":0},"end":{"line":69,"column":57}},"69":{"start":{"line":70,"column":0},"end":{"line":70,"column":57}},"72":{"start":{"line":73,"column":0},"end":{"line":73,"column":50}},"73":{"start":{"line":74,"column":0},"end":{"line":74,"column":58}},"74":{"start":{"line":75,"column":0},"end":{"line":75,"column":57}},"75":{"start":{"line":76,"column":0},"end":{"line":76,"column":55}},"77":{"start":{"line":78,"column":0},"end":{"line":78,"column":34}},"78":{"start":{"line":79,"column":0},"end":{"line":79,"column":52}},"79":{"start":{"line":80,"column":0},"end":{"line":80,"column":27}},"80":{"start":{"line":81,"column":0},"end":{"line":81,"column":64}},"81":{"start":{"line":82,"column":0},"end":{"line":82,"column":65}},"82":{"start":{"line":83,"column":0},"end":{"line":83,"column":65}},"83":{"start":{"line":84,"column":0},"end":{"line":84,"column":63}},"84":{"start":{"line":85,"column":0},"end":{"line":85,"column":74}},"85":{"start":{"line":86,"column":0},"end":{"line":86,"column":60}},"86":{"start":{"line":87,"column":0},"end":{"line":87,"column":58}},"87":{"start":{"line":88,"column":0},"end":{"line":88,"column":64}},"88":{"start":{"line":89,"column":0},"end":{"line":89,"column":54}},"90":{"start":{"line":91,"column":0},"end":{"line":91,"column":61}},"91":{"start":{"line":92,"column":0},"end":{"line":92,"column":58}},"92":{"start":{"line":93,"column":0},"end":{"line":93,"column":46}},"95":{"start":{"line":96,"column":0},"end":{"line":96,"column":69}},"98":{"start":{"line":99,"column":0},"end":{"line":99,"column":71}},"99":{"start":{"line":100,"column":0},"end":{"line":100,"column":63}},"100":{"start":{"line":101,"column":0},"end":{"line":101,"column":60}},"103":{"start":{"line":104,"column":0},"end":{"line":104,"column":62}},"104":{"start":{"line":105,"column":0},"end":{"line":105,"column":61}},"105":{"start":{"line":106,"column":0},"end":{"line":106,"column":65}},"108":{"start":{"line":109,"column":0},"end":{"line":109,"column":69}},"109":{"start":{"line":110,"column":0},"end":{"line":110,"column":70}},"110":{"start":{"line":111,"column":0},"end":{"line":111,"column":63}},"112":{"start":{"line":113,"column":0},"end":{"line":113,"column":62}},"113":{"start":{"line":114,"column":0},"end":{"line":114,"column":63}}},"s":{"1":0,"2":0,"3":0,"14":0,"15":0,"16":0,"17":0,"18":0,"19":0,"20":0,"23":0,"26":0,"27":0,"28":0,"29":0,"30":0,"32":0,"33":0,"34":0,"36":0,"39":0,"40":0,"41":0,"42":0,"43":0,"46":0,"47":0,"48":0,"49":0,"50":0,"51":0,"52":0,"53":0,"54":0,"55":0,"56":0,"57":0,"60":0,"61":0,"62":0,"63":0,"66":0,"67":0,"68":0,"69":0,"72":0,"73":0,"74":0,"75":0,"77":0,"78":0,"79":0,"80":0,"81":0,"82":0,"83":0,"84":0,"85":0,"86":0,"87":0,"88":0,"90":0,"91":0,"92":0,"95":0,"98":0,"99":0,"100":0,"103":0,"104":0,"105":0,"108":0,"109":0,"110":0,"112":0,"113":0},"branchMap":{"0":{"type":"branch","line":1,"loc":{"start":{"line":1,"column":4519},"end":{"line":114,"column":63}},"locations":[{"start":{"line":1,"column":4519},"end":{"line":114,"column":63}}]}},"b":{"0":[1]},"fnMap":{"0":{"name":"(empty-report)","decl":{"start":{"line":1,"column":4519},"end":{"line":114,"column":63}},"loc":{"start":{"line":1,"column":4519},"end":{"line":114,"column":63}},"line":1}},"f":{"0":1}}
,"/Users/aleksandrsemenov/Projects/f2/docs/assets/hierarchy.js": {"path":"/Users/aleksandrsemenov/Projects/f2/docs/assets/hierarchy.js","all":true,"statementMap":{"0":{"start":{"line":1,"column":0},"end":{"line":1,"column":549}}},"s":{"0":0},"branchMap":{"0":{"type":"branch","line":1,"loc":{"start":{"line":1,"column":0},"end":{"line":1,"column":549}},"locations":[{"start":{"line":1,"column":0},"end":{"line":1,"column":549}}]}},"b":{"0":[0]},"fnMap":{"0":{"name":"(empty-report)","decl":{"start":{"line":1,"column":0},"end":{"line":1,"column":549}},"loc":{"start":{"line":1,"column":0},"end":{"line":1,"column":549}},"line":1}},"f":{"0":0}}
[...]
:{"line":147,"column":3}},"147":{"start":{"line":148,"column":0},"end":{"line":148,"column":2}},"149":{"start":{"line":150,"column":0},"end":{"line":150,"column":100}},"152":{"start":{"line":153,"column":0},"end":{"line":153,"column":83}},"162":{"start":{"line":163,"column":0},"end":{"line":163,"column":6}},"164":{"start":{"line":165,"column":0},"end":{"line":165,"column":56}},"165":{"start":{"line":166,"column":0},"end":{"line":166,"column":55}},"166":{"start":{"line":167,"column":0},"end":{"line":167,"column":22}},"167":{"start":{"line":168,"column":0},"end":{"line":168,"column":22}},"169":{"start":{"line":170,"column":0},"end":{"line":170,"column":10}},"170":{"start":{"line":171,"column":0},"end":{"line":171,"column":10}},"171":{"start":{"line":172,"column":0},"end":{"line":172,"column":17}},"172":{"start":{"line":173,"column":0},"end":{"line":173,"column":60}},"173":{"start":{"line":174,"column":0},"end":{"line":174,"column":31}},"174":{"start":{"line":175,"column":0},"end":{"line":175,"column":31}},"175":{"start":{"line":176,"column":0},"end":{"line":176,"column":78}},"176":{"start":{"line":177,"column":0},"end":{"line":177,"column":9}},"178":{"start":{"line":179,"column":0},"end":{"line":179,"column":54}},"180":{"start":{"line":181,"column":0},"end":{"line":181,"column":38}},"181":{"start":{"line":182,"column":0},"end":{"line":182,"column":24}},"182":{"start":{"line":183,"column":0},"end":{"line":183,"column":38}},"183":{"start":{"line":184,"column":0},"end":{"line":184,"column":28}},"184":{"start":{"line":185,"column":0},"end":{"line":185,"column":28}},"185":{"start":{"line":186,"column":0},"end":{"line":186,"column":11}},"186":{"start":{"line":187,"column":0},"end":{"line":187,"column":29}},"187":{"start":{"line":188,"column":0},"end":{"line":188,"column":16}},"188":{"start":{"line":189,"column":0},"end":{"line":189,"column":35}},"189":{"start":{"line":190,"column":0},"end":{"line":190,"column":24}},"190":{"start":{"line":191,"column":0},"end":{"line":191,"column":34}},"191":{"start":{"line":192,"column":0},"end":{"line":192,"column":26}},"192":{"start":{"line":193,"column":0},"end":{"line":193,"column":11}},"193":{"start":{"line":194,"column":0},"end":{"line":194,"column":42}},"194":{"start":{"line":195,"column":0},"end":{"line":195,"column":9}},"195":{"start":{"line":196,"column":0},"end":{"line":196,"column":35}},"196":{"start":{"line":197,"column":0},"end":{"line":197,"column":60}},"197":{"start":{"line":198,"column":0},"end":{"line":198,"column":25}},"198":{"start":{"line":199,"column":0},"end":{"line":199,"column":24}},"199":{"start":{"line":200,"column":0},"end":{"line":200,"column":9}},"200":{"start":{"line":201,"column":0},"end":{"line":201,"column":76}},"201":{"start":{"line":202,"column":0},"end":{"line":202,"column":16}},"202":{"start":{"line":203,"column":0},"end":{"line":203,"column":25}},"203":{"start":{"line":204,"column":0},"end":{"line":204,"column":24}},"204":{"start":{"line":205,"column":0},"end":{"line":205,"column":24}},"205":{"start":{"line":206,"column":0},"end":{"line":206,"column":24}},"206":{"start":{"line":207,"column":0},"end":{"line":207,"column":8}},"207":{"start":{"line":208,"column":0},"end":{"line":208,"column":3}},"208":{"start":{"line":209,"column":0},"end":{"line":209,"column":2}},"210":{"start":{"line":211,"column":0},"end":{"line":211,"column":94}},"213":{"start":{"line":214,"column":0},"end":{"line":214,"column":47}},"214":{"start":{"line":215,"column":0},"end":{"line":215,"column":17}},"215":{"start":{"line":216,"column":0},"end":{"line":216,"column":17}},"216":{"start":{"line":217,"column":0},"end":{"line":217,"column":27}},"217":{"start":{"line":218,"column":0},"end":{"line":218,"column":24}},"218":{"start":{"line":219,"column":0},"end":{"line":219,"column":1}},"221":{"start":{"line":222,"column":0},"end":{"line":222,"column":46}},"222":{"start":{"line":223,"column":0},"end":{"line":223,"column":17}},"223":{"start":{"line":224,"column":0},"end":{"line":224,"column":16}},"224":{"start":{"line":225,"column":0},"end":{"line":225,"column":1}},"227":{"start":{"line":228,"column":0},"end":{"line":228,"column":49}},"228":{"start":{"line":229,"column":0},"end":{"line":229,"column":19}},"229":{"start":{"line":230,"column":0},"end":{"line":230,"column":1}},"232":{"start":{"line":233,"column":0},"end":{"line":233,"column":29}},"233":{"start":{"line":234,"column":0},"end":{"line":234,"column":76}},"234":{"start":{"line":235,"column":0},"end":{"line":235,"column":47}},"236":{"start":{"line":237,"column":0},"end":{"line":237,"column":78}},"237":{"start":{"line":238,"column":0},"end":{"line":238,"column":49}},"239":{"start":{"line":240,"column":0},"end":{"line":240,"column":80}},"240":{"start":{"line":241,"column":0},"end":{"line":241,"column":51}},"243":{"start":{"line":244,"column":0},"end":{"line":244,"column":50}},"244":{"start":{"line":245,"column":0},"end":{"line":245,"column":35}},"245":{"start":{"line":246,"column":0},"end":{"line":246,"column":62}},"246":{"start":{"line":247,"column":0},"end":{"line":247,"column":20}},"247":{"start":{"line":248,"column":0},"end":{"line":248,"column":64}},"248":{"start":{"line":249,"column":0},"end":{"line":249,"column":3}},"251":{"start":{"line":252,"column":0},"end":{"line":252,"column":73}},"252":{"start":{"line":253,"column":0},"end":{"line":253,"column":29}},"253":{"start":{"line":254,"column":0},"end":{"line":254,"column":38}},"254":{"start":{"line":255,"column":0},"end":{"line":255,"column":31}},"255":{"start":{"line":256,"column":0},"end":{"line":256,"column":34}},"256":{"start":{"line":257,"column":0},"end":{"line":257,"column":30}},"257":{"start":{"line":258,"column":0},"end":{"line":258,"column":29}},"258":{"start":{"line":259,"column":0},"end":{"line":259,"column":43}},"261":{"start":{"line":262,"column":0},"end":{"line":262,"column":90}},"262":{"start":{"line":263,"column":0},"end":{"line":263,"column":29}},"263":{"start":{"line":264,"column":0},"end":{"line":264,"column":50}},"264":{"start":{"line":265,"column":0},"end":{"line":265,"column":60}},"265":{"start":{"line":266,"column":0},"end":{"line":266,"column":6}},"268":{"start":{"line":269,"column":0},"end":{"line":269,"column":63}},"269":{"start":{"line":270,"column":0},"end":{"line":270,"column":29}},"270":{"start":{"line":271,"column":0},"end":{"line":271,"column":50}},"271":{"start":{"line":272,"column":0},"end":{"line":272,"column":40}},"272":{"start":{"line":273,"column":0},"end":{"line":273,"column":51}},"273":{"start":{"line":274,"column":0},"end":{"line":274,"column":6}}},"s":{"0":1,"1":1,"2":1,"3":1,"10":1,"22":1,"25":1,"26":26,"28":26,"29":0,"30":0,"31":0,"33":26,"34":26,"35":26,"36":26,"37":26,"38":26,"39":26,"40":26,"41":0,"42":0,"43":0,"44":0,"45":0,"46":0,"47":26,"48":26,"49":26,"51":1,"54":1,"61":1,"63":1,"64":25,"67":25,"68":25,"69":25,"71":25,"72":25,"73":0,"74":0,"75":25,"76":0,"77":0,"78":25,"79":25,"80":25,"82":1,"85":1,"96":1,"98":1,"99":25,"100":25,"101":25,"103":25,"104":25,"105":25,"106":36,"107":36,"108":36,"109":36,"110":36,"111":36,"112":36,"113":36,"114":36,"115":25,"116":1,"117":1,"118":1,"119":1,"120":1,"121":25,"122":25,"123":21,"124":21,"125":21,"127":4,"128":4,"130":17,"131":21,"133":1,"134":1,"136":16,"137":21,"138":25,"139":1,"140":1,"141":1,"142":25,"143":5,"144":5,"145":5,"146":25,"147":25,"149":1,"152":1,"162":1,"164":1,"165":25,"166":25,"167":25,"169":25,"170":25,"171":25,"172":25,"173":3,"174":3,"175":1,"176":1,"178":2,"180":2,"181":2,"182":2,"183":1,"184":1,"185":1,"186":2,"187":3,"188":0,"189":0,"190":0,"191":0,"192":0,"193":0,"194":0,"195":3,"196":25,"197":3,"198":3,"199":3,"200":25,"201":25,"202":0,"203":0,"204":0,"205":0,"206":0,"207":25,"208":25,"210":1,"213":1,"214":1,"215":1,"216":1,"217":1,"218":1,"221":1,"222":1,"223":1,"224":1,"227":1,"228":1,"229":1,"232":1,"233":3,"234":0,"236":3,"237":0,"239":3,"240":0,"243":3,"244":20,"245":20,"246":20,"247":20,"248":20,"251":3,"252":1,"253":1,"254":1,"255":1,"256":1,"257":1,"258":1,"261":3,"262":0,"263":0,"264":0,"265":0,"268":3,"269":0,"270":0,"271":0,"272":0,"273":0},"branchMap":{"0":{"type":"branch","line":26,"loc":{"start":{"line":26,"column":34},"end":{"line":50,"column":2}},"locations":[{"start":{"line":26,"column":34},"end":{"line":50,"column":2}}]},"1":{"type":"branch","line":29,"loc":{"start":{"line":29,"column":14},"end":{"line":32,"column":6}},"locations":[{"start":{"line":29,"column":14},"end":{"line":32,"column":6}}]},"2":{"type":"branch","line":48,"loc":{"start":{"line":48,"column":15},"end":{"line":48,"column":53}},"locations":[{"start":{"line":48,"column":15},"end":{"line":48,"column":53}}]},"3":{"type":"branch","line":48,"loc":{"start":{"line":48,"column":33},"end":{"line":48,"column":52}},"locations":[{"start":{"line":48,"column":33},"end":{"line":48,"column":52}}]},"4":{"type":"branch","line":64,"loc":{"start":{"line":64,"column":34},"end":{"line":81,"column":2}},"locations":[{"start":{"line":64,"column":34},"end":{"line":81,"column":2}}]},"5":{"type":"branch","line":99,"loc":{"start":{"line":99,"column":44},"end":{"line":148,"column":2}},"locations":[{"start":{"line":99,"column":44},"end":{"line":148,"column":2}}]},"6":{"type":"branch","line":105,"loc":{"start":{"line":105,"column":4},"end":{"line":105,"column":81}},"locations":[{"start":{"line":105,"column":4},"end":{"line":105,"column":81}}]},"7":{"type":"branch","line":106,"loc":{"start":{"line":106,"column":14},"end":{"line":115,"column":9}},"locations":[{"start":{"line":106,"column":14},"end":{"line":115,"column":9}}]},"8":{"type":"branch","line":107,"loc":{"start":{"line":107,"column":18},"end":{"line":115,"column":7}},"locations":[{"start":{"line":107,"column":18},"end":{"line":115,"column":7}}]},"9":{"type":"branch","line":108,"loc":{"start":{"line":108,"column":39},"end":{"line":108,"column":66}},"locations":[{"start":{"line":108,"column":39},"end":{"line":108,"column":66}}]},"10":{"type":"branch","line":116,"loc":{"start":{"line":116,"column":16},"end":{"line":121,"column":9}},"locations":[{"start":{"line":116,"column":16},"end":{"line":121,"column":9}}]},"11":{"type":"branch","line":117,"loc":{"start":{"line":117,"column":18},"end":{"line":121,"column":7}},"locations":[{"start":{"line":117,"column":18},"end":{"line":121,"column":7}}]},"12":{"type":"branch","line":118,"loc":{"start":{"line":118,"column":35},"end":{"line":118,"column":58}},"locations":[{"start":{"line":118,"column":35},"end":{"line":118,"column":58}}]},"13":{"type":"branch","line":122,"loc":{"start":{"line":122,"column":14},"end":{"line":122,"column":87}},"locations":[{"start":{"line":122,"column":14},"end":{"line":122,"column":87}}]},"14":{"type":"branch","line":123,"loc":{"start":{"line":123,"column":12},"end":{"line":138,"column":9}},"locations":[{"start":{"line":123,"column":12},"end":{"line":138,"column":9}}]},"15":{"type":"branch","line":124,"loc":{"start":{"line":124,"column":17},"end":{"line":138,"column":7}},"locations":[{"start":{"line":124,"column":17},"end":{"line":138,"column":7}}]},"16":{"type":"branch","line":126,"loc":{"start":{"line":126,"column":12},"end":{"line":126,"column":33}},"locations":[{"start":{"line":126,"column":12},"end":{"line":126,"column":33}}]},"17":{"type":"branch","line":126,"loc":{"start":{"line":126,"column":33},"end":{"line":129,"column":9}},"locations":[{"start":{"line":126,"column":33},"end":{"line":129,"column":9}}]},"18":{"type":"branch","line":129,"loc":{"start":{"line":129,"column":8},"end":{"line":132,"column":21}},"locations":[{"start":{"line":129,"column":8},"end":{"line":132,"column":21}}]},"19":{"type":"branch","line":132,"loc":{"start":{"line":132,"column":21},"end":{"line":135,"column":9}},"locations":[{"start":{"line":132,"column":21},"end":{"line":135,"column":9}}]},"20":{"type":"branch","line":135,"loc":{"start":{"line":135,"column":8},"end":{"line":137,"column":21}},"locations":[{"start":{"line":135,"column":8},"end":{"line":137,"column":21}}]},"21":{"type":"branch","line":139,"loc":{"start":{"line":139,"column":21},"end":{"line":142,"column":9}},"locations":[{"start":{"line":139,"column":21},"end":{"line":142,"column":9}}]},"22":{"type":"branch","line":140,"loc":{"start":{"line":140,"column":18},"end":{"line":142,"column":7}},"locations":[{"start":{"line":140,"column":18},"end":{"line":142,"column":7}}]},"23":{"type":"branch","line":143,"loc":{"start":{"line":143,"column":21},"end":{"line":146,"column":8}},"locations":[{"start":{"line":143,"column":21},"end":{"line":146,"column":8}}]},"24":{"type":"branch","line":144,"loc":{"start":{"line":144,"column":18},"end":{"line":146,"column":7}},"locations":[{"start":{"line":144,"column":18},"end":{"line":146,"column":7}}]},"25":{"type":"branch","line":165,"loc":{"start":{"line":165,"column":42},"end":{"line":209,"column":2}},"locations":[{"start":{"line":165,"column":42},"end":{"line":209,"column":2}}]},"26":{"type":"branch","line":173,"loc":{"start":{"line":173,"column":13},"end":{"line":196,"column":35}},"locations":[{"start":{"line":173,"column":13},"end":{"line":196,"column":35}}]},"27":{"type":"branch","line":174,"loc":{"start":{"line":174,"column":17},"end":{"line":196,"column":7}},"locations":[{"start":{"line":174,"column":17},"end":{"line":196,"column":7}}]},"28":{"type":"branch","line":175,"loc":{"start":{"line":175,"column":30},"end":{"line":177,"column":9}},"locations":[{"start":{"line":175,"column":30},"end":{"line":177,"column":9}}]},"29":{"type":"branch","line":177,"loc":{"start":{"line":177,"column":8},"end":{"line":188,"column":15}},"locations":[{"start":{"line":177,"column":8},"end":{"line":188,"column":15}}]},"30":{"type":"branch","line":183,"loc":{"start":{"line":183,"column":37},"end":{"line":186,"column":11}},"locations":[{"start":{"line":183,"column":37},"end":{"line":186,"column":11}}]},"31":{"type":"branch","line":188,"loc":{"start":{"line":188,"column":8},"end":{"line":195,"column":9}},"locations":[{"start":{"line":188,"column":8},"end":{"line":195,"column":9}}]},"32":{"type":"branch","line":197,"loc":{"start":{"line":197,"column":14},"end":{"line":200,"column":9}},"locations":[{"start":{"line":197,"column":14},"end":{"line":200,"column":9}}]},"33":{"type":"branch","line":198,"loc":{"start":{"line":198,"column":18},"end":{"line":200,"column":7}},"locations":[{"start":{"line":198,"column":18},"end":{"line":200,"column":7}}]},"34":{"type":"branch","line":201,"loc":{"start":{"line":201,"column":16},"end":{"line":201,"column":76}},"locations":[{"start":{"line":201,"column":16},"end":{"line":201,"column":76}}]},"35":{"type":"branch","line":233,"loc":{"start":{"line":233,"column":7},"end":{"line":274,"column":6}},"locations":[{"start":{"line":233,"column":7},"end":{"line":274,"column":6}}]},"36":{"type":"branch","line":244,"loc":{"start":{"line":244,"column":32},"end":{"line":249,"column":3}},"locations":[{"start":{"line":244,"column":32},"end":{"line":249,"column":3}}]},"37":{"type":"branch","line":252,"loc":{"start":{"line":252,"column":29},"end":{"line":259,"column":43}},"locations":[{"start":{"line":252,"column":29},"end":{"line":259,"column":43}}]},"38":{"type":"branch","line":253,"loc":{"start":{"line":253,"column":15},"end":{"line":259,"column":5}},"locations":[{"start":{"line":253,"column":15},"end":{"line":259,"column":5}}]}},"b":{"0":[26],"1":[130],"2":[1],"3":[1],"4":[25],"5":[25],"6":[8],"7":[36],"8":[36],"9":[38],"10":[1],"11":[1],"12":[1],"13":[3],"14":[21],"15":[21],"16":[16],"17":[4],"18":[17],"19":[1],"20":[16],"21":[1],"22":[1],"23":[5],"24":[5],"25":[25],"26":[3],"27":[3],"28":[1],"29":[2],"30":[1],"31":[0],"32":[3],"33":[3],"34":[3],"35":[3],"36":[20],"37":[1],"38":[1]},"fnMap":{"0":{"name":"log","decl":{"start":{"line":29,"column":14},"end":{"line":32,"column":6}},"loc":{"start":{"line":29,"column":14},"end":{"line":32,"column":6}},"line":29},"1":{"name":"withSpan","decl":{"start":{"line":41,"column":14},"end":{"line":47,"column":9}},"loc":{"start":{"line":41,"column":14},"end":{"line":47,"column":9}},"line":41},"2":{"name":"clearLogs","decl":{"start":{"line":48,"column":15},"end":{"line":48,"column":53}},"loc":{"start":{"line":48,"column":15},"end":{"line":48,"column":53}},"line":48},"3":{"name":"get","decl":{"start":{"line":73,"column":9},"end":{"line":75,"column":6}},"loc":{"start":{"line":73,"column":9},"end":{"line":75,"column":6}},"line":73},"4":{"name":"set","decl":{"start":{"line":76,"column":9},"end":{"line":78,"column":7}},"loc":{"start":{"line":76,"column":9},"end":{"line":78,"column":7}},"line":76},"5":{"name":"get services","decl":{"start":{"line":105,"column":4},"end":{"line":105,"column":81}},"loc":{"start":{"line":105,"column":4},"end":{"line":105,"column":81}},"line":105},"6":{"name":"register","decl":{"start":{"line":106,"column":14},"end":{"line":115,"column":9}},"loc":{"start":{"line":106,"column":14},"end":{"line":115,"column":9}},"line":106},"7":{"name":"unregister","decl":{"start":{"line":116,"column":16},"end":{"line":121,"column":9}},"loc":{"start":{"line":116,"column":16},"end":{"line":121,"column":9}},"line":116},"8":{"name":"discover","decl":{"start":{"line":122,"column":14},"end":{"line":122,"column":87}},"loc":{"start":{"line":122,"column":14},"end":{"line":122,"column":87}},"line":122},"9":{"name":"health","decl":{"start":{"line":123,"column":12},"end":{"line":138,"column":9}},"loc":{"start":{"line":123,"column":12},"end":{"line":138,"column":9}},"line":123},"10":{"name":"setHealthStatus","decl":{"start":{"line":139,"column":21},"end":{"line":142,"column":9}},"loc":{"start":{"line":139,"column":21},"end":{"line":142,"column":9}},"line":139},"11":{"name":"simulateFailure","decl":{"start":{"line":143,"column":21},"end":{"line":146,"column":8}},"loc":{"start":{"line":143,"column":21},"end":{"line":146,"column":8}},"line":143},"12":{"name":"execute","decl":{"start":{"line":173,"column":13},"end":{"line":196,"column":35}},"loc":{"start":{"line":173,"column":13},"end":{"line":196,"column":35}},"line":173},"13":{"name":"setState","decl":{"start":{"line":197,"column":14},"end":{"line":200,"column":9}},"loc":{"start":{"line":197,"column":14},"end":{"line":200,"column":9}},"line":197},"14":{"name":"getMetrics","decl":{"start":{"line":201,"column":16},"end":{"line":201,"column":76}},"loc":{"start":{"line":201,"column":16},"end":{"line":201,"column":76}},"line":201},"15":{"name":"reset","decl":{"start":{"line":202,"column":11},"end":{"line":207,"column":8}},"loc":{"start":{"line":202,"column":11},"end":{"line":207,"column":8}},"line":202},"16":{"name":"TestLayers2.withMockLogger","decl":{"start":{"line":234,"column":32},"end":{"line":235,"column":47}},"loc":{"start":{"line":234,"column":32},"end":{"line":235,"column":47}},"line":234},"17":{"name":"TestLayers2.withTestServices","decl":{"start":{"line":237,"column":34},"end":{"line":238,"column":49}},"loc":{"start":{"line":237,"column":34},"end":{"line":238,"column":49}},"line":237},"18":{"name":"TestLayers2.withFederationTest","decl":{"start":{"line":240,"column":36},"end":{"line":241,"column":51}},"loc":{"start":{"line":240,"column":36},"end":{"line":241,"column":51}},"line":240},"19":{"name":"TestLayers2.runWithCleanup","decl":{"start":{"line":244,"column":32},"end":{"line":249,"column":3}},"loc":{"start":{"line":244,"column":32},"end":{"line":249,"column":3}},"line":244},"20":{"name":"TestLayers2.captureLogs","decl":{"start":{"line":252,"column":29},"end":{"line":259,"column":43}},"loc":{"start":{"line":252,"column":29},"end":{"line":259,"column":43}},"line":252},"21":{"name":"TestLayers2.simulateServiceFailure","decl":{"start":{"line":262,"column":40},"end":{"line":266,"column":6}},"loc":{"start":{"line":262,"column":40},"end":{"line":266,"column":6}},"line":262},"22":{"name":"TestLayers2.verifyServiceRegistered","decl":{"start":{"line":269,"column":41},"end":{"line":274,"column":6}},"loc":{"start":{"line":269,"column":41},"end":{"line":274,"column":6}},"line":269}},"f":{"0":130,"1":0,"2":1,"3":0,"4":0,"5":8,"6":36,"7":1,"8":3,"9":21,"10":1,"11":5,"12":3,"13":3,"14":3,"15":0,"16":0,"17":0,"18":0,"19":20,"20":1,"21":0,"22":0}}
}
