TN:
SF:comprehensive-functional-demo.ts
FN:1,(empty-report)
FNF:1
FNH:1
FNDA:1,(empty-report)
DA:25,0
DA:26,0
DA:34,0
DA:51,0
DA:52,0
DA:53,0
DA:54,0
DA:55,0
DA:56,0
DA:57,0
DA:58,0
DA:59,0
DA:60,0
DA:61,0
DA:62,0
DA:63,0
DA:69,0
DA:70,0
DA:71,0
DA:72,0
DA:73,0
DA:74,0
DA:75,0
DA:76,0
DA:77,0
DA:78,0
DA:79,0
DA:85,0
DA:86,0
DA:87,0
DA:88,0
DA:89,0
DA:90,0
DA:91,0
DA:92,0
DA:93,0
DA:94,0
DA:95,0
DA:96,0
DA:97,0
DA:98,0
DA:99,0
DA:100,0
DA:101,0
DA:102,0
DA:108,0
DA:109,0
DA:110,0
DA:111,0
DA:112,0
DA:113,0
DA:114,0
DA:115,0
DA:116,0
DA:141,0
DA:147,0
DA:148,0
DA:149,0
DA:150,0
DA:151,0
DA:152,0
DA:153,0
DA:154,0
DA:155,0
DA:156,0
DA:157,0
DA:158,0
DA:159,0
DA:160,0
DA:161,0
DA:162,0
DA:163,0
DA:164,0
DA:165,0
DA:166,0
DA:167,0
DA:168,0
DA:169,0
DA:170,0
DA:171,0
DA:172,0
DA:173,0
DA:174,0
DA:175,0
DA:176,0
DA:177,0
DA:178,0
DA:179,0
DA:180,0
DA:181,0
DA:182,0
DA:183,0
DA:193,0
DA:198,0
DA:200,0
DA:201,0
DA:202,0
DA:204,0
DA:205,0
DA:206,0
DA:207,0
DA:208,0
DA:209,0
DA:210,0
DA:211,0
DA:212,0
DA:213,0
DA:214,0
DA:215,0
DA:218,0
DA:219,0
DA:220,0
DA:221,0
DA:222,0
DA:223,0
DA:224,0
DA:225,0
DA:231,0
DA:236,0
DA:237,0
DA:238,0
DA:239,0
DA:241,0
DA:242,0
DA:243,0
DA:244,0
DA:245,0
DA:246,0
DA:247,0
DA:248,0
DA:249,0
DA:250,0
DA:251,0
DA:252,0
DA:255,0
DA:256,0
DA:257,0
DA:258,0
DA:259,0
DA:260,0
DA:261,0
DA:262,0
DA:268,0
DA:273,0
DA:274,0
DA:275,0
DA:276,0
DA:278,0
DA:279,0
DA:280,0
DA:281,0
DA:282,0
DA:283,0
DA:284,0
DA:285,0
DA:286,0
DA:287,0
DA:288,0
DA:289,0
DA:292,0
DA:293,0
DA:294,0
DA:295,0
DA:296,0
DA:297,0
DA:298,0
DA:299,0
DA:309,0
DA:310,0
DA:312,0
DA:313,0
DA:314,0
DA:315,0
DA:318,0
DA:319,0
DA:320,0
DA:321,0
DA:322,0
DA:325,0
DA:326,0
DA:327,0
DA:328,0
DA:329,0
DA:330,0
DA:331,0
DA:333,0
DA:334,0
DA:335,0
DA:336,0
DA:337,0
DA:338,0
DA:348,0
DA:349,0
DA:351,0
DA:352,0
DA:353,0
DA:354,0
DA:355,0
DA:356,0
DA:358,0
DA:359,0
DA:360,0
DA:361,0
DA:362,0
DA:364,0
DA:365,0
DA:366,0
DA:367,0
DA:370,0
DA:371,0
DA:372,0
DA:373,0
DA:374,0
DA:377,0
DA:378,0
DA:379,0
DA:380,0
DA:381,0
DA:382,0
DA:383,0
DA:384,0
DA:385,0
DA:386,0
DA:387,0
DA:388,0
DA:389,0
DA:390,0
DA:391,0
DA:393,0
DA:394,0
DA:395,0
DA:396,0
DA:399,0
DA:400,0
DA:401,0
DA:402,0
DA:403,0
DA:404,0
DA:414,0
DA:415,0
DA:417,0
DA:418,0
DA:419,0
DA:420,0
DA:421,0
DA:422,0
DA:424,0
DA:425,0
DA:426,0
DA:465,0
DA:466,0
DA:467,0
DA:468,0
DA:469,0
DA:470,0
DA:471,0
DA:472,0
DA:473,0
DA:474,0
DA:475,0
DA:476,0
DA:477,0
DA:478,0
DA:479,0
DA:480,0
DA:482,0
DA:483,0
DA:484,0
DA:485,0
DA:486,0
DA:487,0
DA:488,0
DA:490,0
DA:491,0
DA:492,0
DA:493,0
DA:494,0
DA:495,0
DA:496,0
DA:497,0
DA:498,0
DA:499,0
DA:500,0
DA:501,0
DA:502,0
DA:504,0
DA:505,0
DA:506,0
DA:507,0
DA:508,0
DA:509,0
DA:510,0
DA:511,0
DA:512,0
DA:513,0
DA:514,0
DA:515,0
DA:516,0
DA:517,0
DA:518,0
DA:519,0
DA:520,0
DA:521,0
DA:522,0
DA:523,0
DA:524,0
DA:525,0
DA:527,0
DA:528,0
DA:529,0
DA:530,0
DA:531,0
DA:532,0
DA:533,0
DA:534,0
DA:535,0
DA:536,0
DA:537,0
DA:538,0
DA:539,0
DA:540,0
DA:541,0
DA:542,0
DA:543,0
DA:544,0
DA:545,0
DA:546,0
DA:547,0
DA:548,0
DA:550,0
DA:551,0
DA:553,0
DA:554,0
DA:555,0
DA:556,0
DA:557,0
DA:558,0
DA:559,0
DA:561,0
DA:562,0
DA:563,0
DA:564,0
DA:565,0
DA:566,0
DA:567,0
DA:569,0
DA:570,0
DA:571,0
DA:573,0
DA:574,0
DA:575,0
DA:577,0
DA:578,0
DA:579,0
DA:580,0
DA:582,0
DA:583,0
DA:584,0
DA:585,0
DA:586,0
DA:587,0
DA:588,0
DA:589,0
DA:590,0
DA:591,0
DA:592,0
DA:593,0
DA:599,0
DA:600,0
DA:601,0
DA:602,0
DA:603,0
DA:606,0
DA:607,0
DA:608,0
DA:609,0
DA:610,0
DA:611,0
DA:612,0
DA:613,0
DA:614,0
DA:615,0
DA:616,0
DA:617,0
DA:618,0
DA:628,0
DA:629,0
DA:632,0
DA:634,0
DA:635,0
DA:638,0
DA:640,0
DA:641,0
DA:644,0
DA:646,0
DA:647,0
DA:650,0
DA:652,0
DA:653,0
DA:656,0
DA:659,0
DA:660,0
DA:661,0
DA:663,0
DA:664,0
DA:667,0
DA:668,0
DA:669,0
DA:670,0
DA:671,0
DA:672,0
DA:673,0
DA:674,0
DA:675,0
DA:676,0
DA:677,0
DA:678,0
DA:679,0
DA:680,0
DA:681,0
DA:683,0
DA:684,0
DA:685,0
DA:686,0
DA:687,0
DA:688,0
DA:691,0
DA:693,0
DA:694,0
DA:695,0
DA:696,0
DA:697,0
DA:699,0
DA:700,0
DA:701,0
DA:702,0
DA:703,0
DA:705,0
DA:707,0
DA:709,0
DA:710,0
DA:711,0
DA:712,0
DA:713,0
DA:714,0
DA:715,0
DA:716,0
DA:722,0
DA:723,0
DA:724,0
DA:725,0
DA:726,0
DA:727,0
DA:728,0
DA:731,0
DA:732,0
DA:733,0
DA:734,0
DA:735,0
DA:736,0
DA:737,0
DA:738,0
DA:739,0
DA:740,0
DA:741,0
DA:742,0
DA:743,0
DA:744,0
DA:745,0
DA:746,0
DA:747,0
DA:748,0
DA:749,0
DA:750,0
DA:761,0
DA:762,0
DA:763,0
DA:764,0
DA:766,0
DA:767,0
DA:768,0
DA:769,0
DA:770,0
DA:771,0
DA:772,0
DA:775,0
DA:776,0
DA:777,0
DA:778,0
DA:779,0
DA:780,0
DA:781,0
DA:782,0
DA:783,0
DA:784,0
DA:785,0
DA:786,0
LF:497
LH:0
BRDA:1,0,0,1
BRF:1
BRH:1
end_of_record
TN:
SF:eslint.config.js
FN:1,(empty-report)
FNF:1
FNH:0
FNDA:0,(empty-report)
DA:1,0
DA:2,0
DA:3,0
DA:4,0
DA:5,0
DA:7,0
DA:8,0
DA:9,0
DA:10,0
DA:11,0
DA:12,0
DA:13,0
DA:14,0
DA:15,0
DA:16,0
DA:17,0
DA:18,0
DA:19,0
DA:20,0
DA:21,0
DA:22,0
DA:23,0
DA:24,0
DA:25,0
DA:26,0
DA:27,0
DA:28,0
DA:29,0
DA:30,0
DA:31,0
DA:32,0
DA:33,0
DA:34,0
DA:35,0
DA:36,0
DA:37,0
DA:38,0
DA:39,0
DA:40,0
DA:41,0
DA:42,0
DA:43,0
DA:45,0
DA:46,0
DA:47,0
DA:48,0
DA:49,0
DA:50,0
DA:51,0
DA:52,0
DA:54,0
DA:55,0
DA:56,0
DA:57,0
DA:58,0
DA:59,0
DA:60,0
DA:61,0
DA:62,0
DA:63,0
DA:64,0
DA:65,0
DA:67,0
DA:68,0
LF:64
LH:0
BRDA:1,0,0,0
BRF:1
BRH:0
end_of_record
TN:
SF:functional-patterns-standalone.ts
FN:1,(empty-report)
FNF:1
FNH:1
FNDA:1,(empty-report)
DA:24,0
DA:25,0
DA:36,0
DA:37,0
DA:38,0
DA:39,0
DA:40,0
DA:41,0
DA:42,0
DA:48,0
DA:49,0
DA:50,0
DA:51,0
DA:52,0
DA:53,0
DA:54,0
DA:60,0
DA:61,0
DA:62,0
DA:63,0
DA:64,0
DA:65,0
DA:66,0
DA:67,0
DA:68,0
DA:69,0
DA:70,0
DA:71,0
DA:95,0
DA:101,0
DA:102,0
DA:103,0
DA:104,0
DA:105,0
DA:106,0
DA:107,0
DA:108,0
DA:109,0
DA:110,0
DA:111,0
DA:112,0
DA:113,0
DA:114,0
DA:115,0
DA:116,0
DA:117,0
DA:118,0
DA:119,0
DA:129,0
DA:130,0
DA:132,0
DA:133,0
DA:135,0
DA:136,0
DA:137,0
DA:139,0
DA:140,0
DA:141,0
DA:142,0
DA:143,0
DA:144,0
DA:145,0
DA:146,0
DA:149,0
DA:150,0
DA:151,0
DA:152,0
DA:153,0
DA:154,0
DA:155,0
DA:158,0
DA:160,0
DA:162,0
DA:163,0
DA:164,0
DA:166,0
DA:167,0
DA:168,0
DA:169,0
DA:171,0
DA:172,0
DA:173,0
DA:175,0
DA:176,0
DA:177,0
DA:178,0
DA:179,0
DA:182,0
DA:183,0
DA:184,0
DA:185,0
DA:186,0
DA:192,0
DA:193,0
DA:194,0
DA:196,0
DA:197,0
DA:199,0
DA:200,0
DA:201,0
DA:202,0
DA:203,0
DA:204,0
DA:205,0
DA:208,0
DA:210,0
DA:211,0
DA:212,0
DA:213,0
DA:214,0
DA:216,0
DA:217,0
DA:218,0
DA:219,0
DA:220,0
DA:221,0
DA:222,0
DA:223,0
DA:224,0
DA:225,0
DA:226,0
DA:227,0
DA:228,0
DA:230,0
DA:231,0
DA:232,0
DA:233,0
DA:235,0
DA:236,0
DA:237,0
DA:238,0
DA:239,0
DA:240,0
DA:242,0
DA:243,0
DA:244,0
DA:245,0
DA:251,0
DA:252,0
DA:253,0
DA:254,0
DA:255,0
DA:257,0
DA:259,0
DA:260,0
DA:262,0
DA:263,0
DA:264,0
DA:265,0
DA:266,0
DA:267,0
DA:269,0
DA:270,0
DA:271,0
DA:272,0
DA:275,0
DA:276,0
DA:278,0
DA:279,0
DA:281,0
DA:282,0
DA:283,0
DA:284,0
DA:285,0
DA:286,0
DA:288,0
DA:289,0
DA:291,0
DA:292,0
DA:294,0
DA:295,0
DA:296,0
DA:297,0
DA:298,0
DA:299,0
DA:302,0
DA:303,0
DA:304,0
DA:305,0
DA:306,0
DA:307,0
DA:308,0
DA:309,0
DA:312,0
DA:314,0
DA:315,0
DA:316,0
DA:317,0
DA:319,0
DA:320,0
DA:321,0
DA:322,0
DA:323,0
DA:324,0
DA:325,0
DA:327,0
DA:328,0
DA:329,0
DA:330,0
DA:331,0
DA:332,0
DA:333,0
DA:335,0
DA:338,0
DA:339,0
DA:340,0
DA:341,0
DA:342,0
DA:343,0
DA:344,0
DA:345,0
DA:347,0
DA:348,0
DA:349,0
DA:350,0
DA:351,0
DA:352,0
DA:353,0
DA:355,0
DA:356,0
DA:357,0
DA:358,0
DA:359,0
DA:360,0
DA:369,0
DA:370,0
DA:371,0
DA:372,0
DA:374,0
DA:375,0
DA:378,0
DA:379,0
DA:380,0
DA:381,0
DA:382,0
DA:383,0
DA:386,0
DA:387,0
DA:388,0
DA:389,0
DA:390,0
DA:391,0
DA:392,0
DA:394,0
DA:395,0
DA:396,0
DA:397,0
DA:398,0
DA:399,0
DA:400,0
DA:403,0
DA:404,0
DA:405,0
DA:406,0
DA:407,0
DA:408,0
DA:411,0
DA:412,0
DA:413,0
DA:415,0
DA:416,0
DA:418,0
DA:419,0
DA:421,0
DA:422,0
DA:427,0
DA:428,0
DA:429,0
DA:430,0
DA:432,0
DA:433,0
DA:436,0
DA:437,0
DA:438,0
DA:440,0
DA:441,0
DA:442,0
DA:443,0
DA:444,0
DA:447,0
DA:448,0
DA:449,0
DA:450,0
DA:451,0
DA:452,0
DA:454,0
DA:455,0
DA:456,0
DA:457,0
DA:460,0
DA:462,0
DA:463,0
DA:464,0
DA:465,0
DA:466,0
DA:467,0
DA:470,0
DA:471,0
DA:472,0
DA:473,0
DA:474,0
DA:475,0
DA:477,0
DA:478,0
DA:479,0
DA:480,0
DA:482,0
DA:483,0
DA:493,0
DA:494,0
DA:495,0
DA:496,0
DA:497,0
DA:500,0
DA:501,0
DA:502,0
DA:505,0
DA:506,0
DA:509,0
DA:510,0
DA:512,0
DA:513,0
DA:514,0
DA:515,0
DA:516,0
DA:517,0
DA:518,0
DA:519,0
DA:520,0
DA:521,0
DA:522,0
DA:523,0
DA:527,0
DA:528,0
DA:529,0
LF:335
LH:0
BRDA:1,0,0,1
BRF:1
BRH:1
end_of_record
TN:
SF:test-complete.ts
FN:1,(empty-report)
FNF:1
FNH:1
FNDA:1,(empty-report)
DA:2,0
DA:3,0
DA:4,0
DA:15,0
DA:16,0
DA:17,0
DA:18,0
DA:19,0
DA:20,0
DA:21,0
DA:24,0
DA:27,0
DA:28,0
DA:29,0
DA:30,0
DA:31,0
DA:33,0
DA:34,0
DA:35,0
DA:37,0
DA:40,0
DA:41,0
DA:42,0
DA:43,0
DA:44,0
DA:47,0
DA:48,0
DA:49,0
DA:50,0
DA:51,0
DA:52,0
DA:53,0
DA:54,0
DA:55,0
DA:56,0
DA:57,0
DA:58,0
DA:61,0
DA:62,0
DA:63,0
DA:64,0
DA:67,0
DA:68,0
DA:69,0
DA:70,0
DA:73,0
DA:74,0
DA:75,0
DA:76,0
DA:78,0
DA:79,0
DA:80,0
DA:81,0
DA:82,0
DA:83,0
DA:84,0
DA:85,0
DA:86,0
DA:87,0
DA:88,0
DA:89,0
DA:91,0
DA:92,0
DA:93,0
DA:96,0
DA:99,0
DA:100,0
DA:101,0
DA:104,0
DA:105,0
DA:106,0
DA:109,0
DA:110,0
DA:111,0
DA:113,0
DA:114,0
LF:76
LH:0
BRDA:1,0,0,1
BRF:1
BRH:1
end_of_record
TN:
SF:docs/assets/hierarchy.js
FN:1,(empty-report)
FNF:1
FNH:0
FNDA:0,(empty-report)
DA:1,0
LF:1
LH:0
BRDA:1,0,0,0
BRF:1
BRH:0
end_of_record
TN:
SF:docs/assets/icons.js
FN:1,(empty-report)
FNF:1
FNH:0
FNDA:0,(empty-report)
DA:1,0
DA:2,0
DA:3,0
DA:4,0
DA:5,0
DA:6,0
DA:7,0
DA:8,0
DA:9,0
DA:11,0
DA:12,0
DA:13,0
DA:14,0
DA:15,0
DA:16,0
DA:17,0
DA:18,0
LF:17
LH:0
BRDA:1,0,0,0
BRF:1
BRH:0
end_of_record
TN:
SF:docs/assets/main.js
FN:1,(empty-report)
FNF:1
FNH:0
FNDA:0,(empty-report)
DA:1,0
DA:2,0
DA:3,0
DA:4,0
DA:5,0
DA:6,0
DA:7,0
DA:9,0
DA:10,0
DA:11,0
DA:12,0
DA:13,0
DA:14,0
DA:15,0
DA:16,0
DA:17,0
DA:18,0
DA:19,0
DA:20,0
DA:21,0
DA:22,0
DA:23,0
DA:24,0
DA:25,0
DA:26,0
DA:27,0
DA:28,0
DA:29,0
DA:30,0
DA:31,0
DA:32,0
DA:33,0
DA:34,0
DA:35,0
DA:36,0
DA:37,0
DA:38,0
DA:39,0
DA:40,0
DA:41,0
DA:42,0
DA:43,0
DA:44,0
DA:45,0
DA:46,0
DA:47,0
DA:48,0
DA:49,0
DA:50,0
DA:51,0
DA:52,0
DA:53,0
DA:54,0
DA:55,0
DA:56,0
DA:57,0
DA:58,0
DA:59,0
DA:60,0
LF:59
LH:0
BRDA:1,0,0,0
BRF:1
BRH:0
end_of_record
TN:
SF:docs/assets/navigation.js
FN:1,(empty-report)
FNF:1
FNH:0
FNDA:0,(empty-report)
DA:1,0
LF:1
LH:0
BRDA:1,0,0,0
BRF:1
BRH:0
end_of_record
TN:
SF:docs/assets/search.js
FN:1,(empty-report)
FNF:1
FNH:0
FNDA:0,(empty-report)
DA:1,0
LF:1
LH:0
BRDA:1,0,0,0
BRF:1
BRH:0
end_of_record
TN:
SF:scripts/convert-imports.ts
FN:1,(empty-report)
FNF:1
FNH:1
FNDA:1,(empty-report)
DA:8,0
DA:9,0
DA:18,0
DA:19,0
DA:20,0
DA:21,0
DA:22,0
DA:23,0
DA:24,0
DA:25,0
DA:26,0
DA:27,0
DA:28,0
DA:29,0
DA:30,0
DA:31,0
DA:32,0
DA:33,0
DA:34,0
DA:35,0
DA:36,0
DA:37,0
DA:38,0
DA:40,0
DA:41,0
DA:42,0
DA:43,0
DA:44,0
DA:45,0
DA:46,0
DA:47,0
DA:48,0
DA:49,0
DA:50,0
DA:51,0
DA:52,0
DA:53,0
DA:54,0
DA:55,0
DA:56,0
DA:57,0
DA:58,0
DA:59,0
DA:60,0
DA:61,0
DA:62,0
DA:63,0
DA:64,0
DA:65,0
DA:66,0
DA:67,0
DA:68,0
DA:69,0
DA:71,0
DA:72,0
DA:73,0
DA:74,0
DA:75,0
DA:76,0
DA:77,0
DA:78,0
DA:79,0
DA:80,0
DA:81,0
DA:82,0
DA:83,0
DA:84,0
DA:85,0
DA:86,0
DA:87,0
DA:88,0
DA:89,0
DA:90,0
DA:91,0
DA:92,0
DA:93,0
DA:94,0
DA:95,0
DA:96,0
DA:97,0
DA:98,0
DA:99,0
DA:100,0
DA:101,0
DA:102,0
DA:103,0
DA:104,0
DA:105,0
DA:107,0
DA:108,0
DA:109,0
DA:110,0
DA:111,0
DA:112,0
DA:113,0
DA:114,0
DA:115,0
DA:116,0
DA:117,0
DA:119,0
DA:120,0
DA:122,0
DA:123,0
DA:125,0
DA:126,0
DA:128,0
DA:129,0
DA:130,0
DA:131,0
DA:132,0
DA:133,0
DA:134,0
DA:135,0
DA:136,0
DA:138,0
DA:139,0
DA:141,0
DA:142,0
DA:143,0
DA:144,0
DA:145,0
DA:147,0
DA:148,0
DA:150,0
DA:151,0
DA:152,0
DA:153,0
DA:154,0
DA:156,0
DA:157,0
DA:158,0
DA:159,0
DA:161,0
DA:162,0
DA:163,0
DA:164,0
DA:165,0
DA:166,0
DA:168,0
DA:169,0
DA:170,0
DA:171,0
DA:173,0
DA:174,0
DA:176,0
DA:177,0
DA:179,0
DA:180,0
DA:182,0
DA:183,0
DA:184,0
DA:185,0
DA:186,0
DA:187,0
DA:188,0
DA:189,0
DA:190,0
DA:191,0
DA:193,0
DA:194,0
DA:195,0
DA:196,0
DA:198,0
DA:199,0
DA:200,0
DA:201,0
DA:202,0
DA:203,0
DA:204,0
DA:205,0
DA:206,0
DA:207,0
DA:208,0
DA:210,0
DA:211,0
DA:212,0
LF:176
LH:0
BRDA:1,0,0,1
BRF:1
BRH:1
end_of_record
TN:
SF:src/index.ts
FN:1,(empty-report)
FNF:1
FNH:1
FNDA:1,(empty-report)
DA:87,0
DA:90,0
DA:93,0
DA:96,0
DA:101,0
DA:106,0
DA:107,0
DA:108,0
DA:109,0
DA:110,0
DA:111,0
DA:112,0
DA:113,0
DA:114,0
DA:115,0
DA:116,0
DA:117,0
DA:118,0
DA:119,0
DA:120,0
DA:121,0
DA:122,0
DA:123,0
DA:124,0
DA:125,0
DA:126,0
LF:26
LH:0
BRDA:1,0,0,1
BRF:1
BRH:1
end_of_record
TN:
SF:src/core/errors.ts
FN:37,BaseDomainError
FN:54,<instance_members_initializer>
FN:66,ValidationError
FN:86,SchemaValidationError
FN:114,EntityResolutionError
FN:144,FieldResolutionError
FN:174,FederationError
FN:204,CircuitBreakerError
FN:232,TimeoutError
FN:260,CompositionError
FN:288,TypeConversionError
FN:318,HealthCheckError
FN:346,RegistrationError
FN:374,DiscoveryError
FN:400,ErrorMatching2.toUserMessage
FN:442,ErrorMatching2.isRetryable
FN:462,ErrorMatching2.getSeverity
FN:484,ErrorFactory2.validation
FN:491,ErrorFactory2.schemaValidation
FN:501,ErrorFactory2.entityResolution
FN:508,ErrorFactory2.fieldResolution
FN:515,ErrorFactory2.federation
FN:522,ErrorFactory2.circuitBreaker
FN:528,ErrorFactory2.timeout
FN:531,ErrorFactory2.composition
FN:537,ErrorFactory2.typeConversion
FN:544,ErrorFactory2.healthCheck
FN:550,ErrorFactory2.registration
FN:556,ErrorFactory2.discovery
FN:561,required
FN:562,invalid
FN:564,subgraphUnavailable
FN:566,entityNotFound
FN:568,fieldNotResolvable
FN:574,circuitOpen
FN:576,requestTimeout
FN:578,registrationError
FN:580,discoveryError
FN:582,schemaCompositionFailed
FN:584,unsupportedAstType
FN:586,typeConversion
FNF:41
FNH:28
FNDA:104,BaseDomainError
FNDA:104,<instance_members_initializer>
FNDA:19,ValidationError
FNDA:2,SchemaValidationError
FNDA:7,EntityResolutionError
FNDA:2,FieldResolutionError
FNDA:19,FederationError
FNDA:13,CircuitBreakerError
FNDA:8,TimeoutError
FNDA:19,CompositionError
FNDA:6,TypeConversionError
FNDA:3,HealthCheckError
FNDA:1,RegistrationError
FNDA:3,DiscoveryError
FNDA:0,ErrorMatching2.toUserMessage
FNDA:0,ErrorMatching2.isRetryable
FNDA:0,ErrorMatching2.getSeverity
FNDA:10,ErrorFactory2.validation
FNDA:1,ErrorFactory2.schemaValidation
FNDA:2,ErrorFactory2.entityResolution
FNDA:1,ErrorFactory2.fieldResolution
FNDA:13,ErrorFactory2.federation
FNDA:8,ErrorFactory2.circuitBreaker
FNDA:2,ErrorFactory2.timeout
FNDA:13,ErrorFactory2.composition
FNDA:5,ErrorFactory2.typeConversion
FNDA:2,ErrorFactory2.healthCheck
FNDA:1,ErrorFactory2.registration
FNDA:3,ErrorFactory2.discovery
FNDA:0,required
FNDA:0,invalid
FNDA:0,subgraphUnavailable
FNDA:0,entityNotFound
FNDA:0,fieldNotResolvable
FNDA:0,circuitOpen
FNDA:0,requestTimeout
FNDA:1,registrationError
FNDA:3,discoveryError
FNDA:0,schemaCompositionFailed
FNDA:0,unsupportedAstType
FNDA:0,typeConversion
DA:1,1
DA:2,1
DA:3,1
DA:4,1
DA:33,1
DA:35,1
DA:37,1
DA:38,104
DA:39,104
DA:40,104
DA:41,104
DA:42,104
DA:43,104
DA:44,104
DA:45,104
DA:46,104
DA:47,104
DA:48,104
DA:49,104
DA:50,104
DA:51,104
DA:53,104
DA:54,104
DA:55,1
DA:60,1
DA:61,1
DA:62,1
DA:63,1
DA:64,1
DA:66,1
DA:67,19
DA:68,19
DA:69,19
DA:70,19
DA:71,19
DA:72,19
DA:73,19
DA:74,19
DA:75,1
DA:80,1
DA:81,1
DA:82,1
DA:83,1
DA:84,1
DA:86,1
DA:87,2
DA:88,2
DA:89,2
DA:94,2
DA:95,2
DA:96,2
DA:97,2
DA:98,2
DA:99,2
DA:100,2
DA:101,2
DA:102,2
DA:103,1
DA:108,1
DA:109,1
DA:110,1
DA:111,1
DA:112,1
DA:114,1
DA:115,7
DA:116,7
DA:117,7
DA:118,7
DA:119,7
DA:120,7
DA:121,7
DA:122,7
DA:123,7
DA:124,7
DA:125,7
DA:126,7
DA:127,7
DA:128,7
DA:129,7
DA:130,7
DA:131,7
DA:132,7
DA:133,1
DA:138,1
DA:139,1
DA:140,1
DA:141,1
DA:142,1
DA:144,1
DA:145,2
DA:146,2
DA:147,2
DA:148,2
DA:149,2
DA:150,2
DA:151,2
DA:152,2
DA:153,2
DA:154,2
DA:155,2
DA:156,2
DA:157,2
DA:158,2
DA:159,2
DA:160,2
DA:161,2
DA:162,2
DA:163,1
DA:168,1
DA:169,1
DA:170,1
DA:171,1
DA:172,1
DA:174,1
DA:175,19
DA:176,19
DA:177,19
DA:178,19
DA:179,19
DA:180,19
DA:181,19
DA:182,19
DA:183,19
DA:184,19
DA:185,19
DA:186,19
DA:187,19
DA:188,19
DA:189,19
DA:190,19
DA:191,19
DA:192,19
DA:193,1
DA:198,1
DA:199,1
DA:200,1
DA:201,1
DA:202,1
DA:204,1
DA:205,13
DA:206,13
DA:207,13
DA:208,13
DA:209,13
DA:210,13
DA:211,13
DA:212,13
DA:213,13
DA:214,13
DA:215,13
DA:216,13
DA:217,13
DA:218,13
DA:219,13
DA:220,13
DA:221,1
DA:226,1
DA:227,1
DA:228,1
DA:229,1
DA:230,1
DA:232,1
DA:233,8
DA:234,8
DA:235,8
DA:236,8
DA:237,8
DA:238,8
DA:239,8
DA:240,8
DA:241,8
DA:242,8
DA:243,8
DA:244,8
DA:245,8
DA:246,8
DA:247,8
DA:248,8
DA:249,1
DA:254,1
DA:255,1
DA:256,1
DA:257,1
DA:258,1
DA:260,1
DA:261,19
DA:262,19
DA:263,19
DA:264,19
DA:265,19
DA:266,19
DA:267,19
DA:268,19
DA:269,19
DA:270,19
DA:271,19
DA:272,19
DA:273,19
DA:274,19
DA:275,19
DA:276,19
DA:277,1
DA:282,1
DA:283,1
DA:284,1
DA:285,1
DA:286,1
DA:288,1
DA:289,6
DA:290,6
DA:291,6
DA:292,6
DA:293,6
DA:294,6
DA:295,6
DA:296,6
DA:297,6
DA:298,6
DA:299,6
DA:300,6
DA:301,6
DA:302,6
DA:303,6
DA:304,6
DA:305,6
DA:306,6
DA:307,1
DA:312,1
DA:313,1
DA:314,1
DA:315,1
DA:316,1
DA:318,1
DA:319,3
DA:320,3
DA:321,3
DA:322,3
DA:323,3
DA:324,3
DA:325,3
DA:326,3
DA:327,3
DA:328,3
DA:329,3
DA:330,3
DA:331,3
DA:332,3
DA:333,3
DA:334,3
DA:335,1
DA:340,1
DA:341,1
DA:342,1
DA:343,1
DA:344,1
DA:346,1
DA:347,1
DA:348,1
DA:349,1
DA:350,1
DA:351,1
DA:352,1
DA:353,1
DA:354,1
DA:355,1
DA:356,1
DA:357,1
DA:358,1
DA:359,1
DA:360,1
DA:361,1
DA:362,1
DA:363,1
DA:368,1
DA:369,1
DA:370,1
DA:371,1
DA:372,1
DA:374,1
DA:375,3
DA:376,3
DA:377,3
DA:378,3
DA:379,3
DA:380,3
DA:381,3
DA:382,3
DA:383,3
DA:384,3
DA:385,3
DA:386,3
DA:387,3
DA:388,3
DA:389,3
DA:390,3
DA:391,1
DA:396,1
DA:400,16
DA:401,0
DA:403,0
DA:404,0
DA:405,0
DA:406,0
DA:407,0
DA:408,0
DA:409,0
DA:410,0
DA:411,0
DA:412,0
DA:413,0
DA:414,0
DA:415,0
DA:416,0
DA:417,0
DA:418,0
DA:419,0
DA:420,0
DA:421,0
DA:422,0
DA:423,0
DA:424,0
DA:425,0
DA:426,0
DA:427,0
DA:428,0
DA:429,0
DA:430,0
DA:431,0
DA:432,0
DA:433,0
DA:434,0
DA:435,0
DA:436,0
DA:437,0
DA:442,16
DA:443,0
DA:444,0
DA:445,0
DA:446,0
DA:447,0
DA:448,0
DA:449,0
DA:450,0
DA:451,0
DA:452,0
DA:453,0
DA:454,0
DA:455,0
DA:456,0
DA:457,0
DA:462,16
DA:463,0
DA:464,0
DA:465,0
DA:466,0
DA:467,0
DA:468,0
DA:469,0
DA:470,0
DA:471,0
DA:472,0
DA:473,0
DA:474,0
DA:475,0
DA:476,0
DA:477,0
DA:483,1
DA:484,16
DA:485,10
DA:486,10
DA:487,10
DA:488,10
DA:489,10
DA:491,16
DA:492,1
DA:493,1
DA:494,1
DA:499,1
DA:501,16
DA:502,2
DA:503,2
DA:504,2
DA:505,2
DA:506,2
DA:508,16
DA:509,1
DA:510,1
DA:511,1
DA:512,1
DA:513,1
DA:515,16
DA:516,13
DA:517,13
DA:518,13
DA:519,13
DA:520,13
DA:522,16
DA:523,8
DA:524,8
DA:525,8
DA:526,8
DA:528,16
DA:529,2
DA:531,16
DA:532,13
DA:533,13
DA:534,13
DA:535,13
DA:537,16
DA:538,5
DA:539,5
DA:540,5
DA:541,5
DA:542,5
DA:544,16
DA:545,2
DA:546,2
DA:547,2
DA:548,2
DA:550,16
DA:551,1
DA:552,1
DA:553,1
DA:554,1
DA:556,16
DA:557,3
DA:560,16
DA:561,16
DA:562,16
DA:563,0
DA:564,16
DA:565,0
DA:566,16
DA:567,0
DA:568,16
DA:569,0
DA:570,0
DA:571,0
DA:572,0
DA:573,0
DA:574,16
DA:575,0
DA:576,16
DA:577,0
DA:578,16
DA:579,1
DA:580,16
DA:581,3
DA:582,16
DA:583,0
DA:584,16
DA:585,0
DA:586,16
DA:587,16
LF:454
LH:376
BRDA:37,0,0,104
BRDA:50,1,0,25
BRDA:54,2,0,104
BRDA:66,3,0,19
BRDA:86,4,0,2
BRDA:114,5,0,7
BRDA:144,6,0,2
BRDA:174,7,0,19
BRDA:204,8,0,13
BRDA:232,9,0,8
BRDA:260,10,0,19
BRDA:288,11,0,6
BRDA:318,12,0,3
BRDA:346,13,0,1
BRDA:374,14,0,3
BRDA:396,15,0,16
BRDA:483,16,0,16
BRDA:484,17,0,10
BRDA:491,18,0,1
BRDA:501,19,0,2
BRDA:508,20,0,1
BRDA:515,21,0,13
BRDA:522,22,0,8
BRDA:528,23,0,2
BRDA:531,24,0,13
BRDA:537,25,0,5
BRDA:544,26,0,2
BRDA:550,27,0,1
BRDA:556,28,0,3
BRDA:578,29,0,1
BRDA:580,30,0,3
BRF:31
BRH:31
end_of_record
TN:
SF:src/core/index.ts
FNF:0
FNH:0
DA:52,1
DA:57,1
DA:75,1
DA:76,1
DA:77,1
LF:5
LH:5
BRF:0
BRH:0
end_of_record
TN:
SF:src/core/schema-first-patterns.ts
FN:362,createSchemaFirstService
FN:363,parseSchemaDefinition
FN:385,extractEntitiesFromSchema
FN:402,generateEntityBuilders
FN:420,validateSchemaEvolution
FN:457,generateResolverStubs
FN:505,generateTypeDefinitions
FN:537,generateTypeScriptTypes
FN:563,generateGoTypes
FN:580,generateJavaTypes
FN:597,generatePythonTypes
FN:634,createSchemaFirstWorkflow
FN:637,developSchema
FN:654,evolveSchema
FN:745,generateCode
FNF:15
FNH:15
FNDA:10,createSchemaFirstService
FNDA:18,parseSchemaDefinition
FNDA:1,extractEntitiesFromSchema
FNDA:2,generateEntityBuilders
FNDA:3,validateSchemaEvolution
FNDA:6,generateResolverStubs
FNDA:10,generateTypeDefinitions
FNDA:7,generateTypeScriptTypes
FNDA:1,generateGoTypes
FNDA:1,generateJavaTypes
FNDA:1,generatePythonTypes
FNDA:8,createSchemaFirstWorkflow
FNDA:11,developSchema
FNDA:6,evolveSchema
FNDA:8,generateCode
DA:217,1
DA:218,1
DA:219,1
DA:220,1
DA:221,1
DA:222,1
DA:258,1
DA:298,1
DA:304,1
DA:308,1
DA:310,1
DA:314,1
DA:316,1
DA:320,1
DA:354,1
DA:355,1
DA:356,1
DA:362,1
DA:363,10
DA:364,18
DA:365,18
DA:368,18
DA:369,2
DA:370,2
DA:371,16
DA:372,16
DA:373,16
DA:374,16
DA:375,18
DA:376,18
DA:377,18
DA:378,2
DA:379,2
DA:380,2
DA:381,2
DA:382,18
DA:383,18
DA:385,10
DA:386,1
DA:387,1
DA:388,1
DA:390,1
DA:391,1
DA:392,1
DA:393,0
DA:394,0
DA:395,0
DA:396,0
DA:397,0
DA:398,0
DA:399,1
DA:400,1
DA:402,10
DA:403,2
DA:404,2
DA:405,2
DA:408,2
DA:409,2
DA:410,2
DA:411,0
DA:412,0
DA:413,0
DA:414,0
DA:415,0
DA:416,0
DA:417,2
DA:418,2
DA:420,10
DA:421,3
DA:422,3
DA:423,3
DA:425,3
DA:426,3
DA:427,3
DA:428,3
DA:429,3
DA:430,3
DA:431,3
DA:432,3
DA:433,3
DA:434,3
DA:435,3
DA:436,3
DA:437,3
DA:438,3
DA:439,3
DA:440,3
DA:441,3
DA:442,3
DA:443,0
DA:444,0
DA:445,0
DA:446,0
DA:447,0
DA:448,0
DA:449,0
DA:450,0
DA:451,0
DA:452,0
DA:453,0
DA:454,3
DA:455,3
DA:457,10
DA:458,6
DA:459,6
DA:460,6
DA:461,6
DA:462,6
DA:463,6
DA:464,1
DA:465,1
DA:467,1
DA:468,1
DA:479,1
DA:481,1
DA:482,1
DA:483,1
DA:484,1
DA:485,1
DA:486,1
DA:489,6
DA:490,6
DA:492,6
DA:493,6
DA:494,6
DA:495,0
DA:496,0
DA:497,0
DA:498,0
DA:499,0
DA:500,0
DA:501,0
DA:502,6
DA:503,6
DA:505,10
DA:506,10
DA:507,10
DA:509,10
DA:510,10
DA:511,10
DA:512,10
DA:513,10
DA:514,10
DA:515,10
DA:516,10
DA:517,10
DA:518,10
DA:519,10
DA:520,10
DA:521,10
DA:522,0
DA:523,0
DA:524,0
DA:525,0
DA:526,0
DA:527,0
DA:528,0
DA:529,10
DA:530,10
DA:531,10
DA:537,1
DA:538,7
DA:540,7
DA:541,7
DA:542,6
DA:549,1
DA:550,1
DA:551,1
DA:552,1
DA:553,1
DA:557,1
DA:559,1
DA:560,1
DA:561,7
DA:563,1
DA:564,1
DA:566,1
DA:567,1
DA:568,1
DA:569,1
DA:570,1
DA:571,1
DA:572,1
DA:576,1
DA:577,1
DA:578,1
DA:580,1
DA:581,1
DA:583,1
DA:584,1
DA:585,1
DA:586,1
DA:587,1
DA:588,1
DA:593,1
DA:594,1
DA:595,1
DA:597,1
DA:598,1
DA:600,1
DA:601,1
DA:602,1
DA:603,1
DA:604,1
DA:606,1
DA:607,1
DA:610,1
DA:611,1
DA:612,1
DA:634,1
DA:635,8
DA:636,8
DA:637,8
DA:638,11
DA:639,11
DA:640,11
DA:641,10
DA:642,10
DA:643,10
DA:644,10
DA:645,10
DA:646,10
DA:647,10
DA:648,10
DA:649,10
DA:650,10
DA:651,11
DA:652,11
DA:654,8
DA:655,6
DA:656,6
DA:657,6
DA:658,5
DA:659,5
DA:660,5
DA:661,5
DA:662,0
DA:663,0
DA:664,0
DA:665,0
DA:666,0
DA:667,0
DA:668,0
DA:669,0
DA:670,0
DA:671,5
DA:672,5
DA:673,5
DA:674,5
DA:675,5
DA:676,5
DA:677,8
DA:678,8
DA:679,8
DA:680,8
DA:681,8
DA:682,8
DA:683,5
DA:685,5
DA:686,2
DA:687,2
DA:688,2
DA:689,2
DA:690,2
DA:691,0
DA:692,0
DA:693,0
DA:694,0
DA:695,0
DA:696,0
DA:697,2
DA:698,2
DA:699,2
DA:700,2
DA:702,3
DA:703,3
DA:704,3
DA:705,3
DA:706,3
DA:707,3
DA:708,3
DA:709,3
DA:710,3
DA:711,3
DA:712,3
DA:713,0
DA:714,0
DA:715,0
DA:716,0
DA:717,0
DA:718,0
DA:719,0
DA:720,0
DA:721,0
DA:722,3
DA:723,3
DA:724,5
DA:725,5
DA:726,5
DA:727,5
DA:728,6
DA:729,6
DA:730,1
DA:731,1
DA:732,1
DA:733,1
DA:734,1
DA:735,1
DA:736,1
DA:737,1
DA:738,1
DA:739,1
DA:740,1
DA:741,1
DA:742,6
DA:743,6
DA:745,8
DA:746,8
DA:747,8
DA:748,8
DA:749,7
DA:750,7
DA:751,7
DA:752,10
DA:753,10
DA:754,10
DA:755,4
DA:756,4
DA:757,4
DA:758,4
DA:759,10
DA:760,10
DA:761,6
DA:762,6
DA:763,6
DA:764,6
DA:765,10
DA:766,10
DA:767,10
DA:768,7
DA:769,7
DA:770,7
DA:771,7
DA:772,8
DA:773,8
DA:774,1
DA:775,1
DA:776,1
DA:777,1
DA:778,1
DA:779,1
DA:780,1
DA:781,8
DA:782,8
DA:783,8
DA:789,1
DA:790,15
DA:791,15
DA:792,15
DA:793,15
DA:795,15
DA:796,15
DA:797,15
DA:799,15
DA:800,15
LF:365
LH:304
BRDA:362,0,0,10
BRDA:363,1,0,18
BRDA:365,2,0,18
BRDA:368,3,0,2
BRDA:370,4,0,16
BRDA:377,5,0,2
BRDA:385,6,0,1
BRDA:388,7,0,1
BRDA:402,8,0,2
BRDA:405,9,0,2
BRDA:420,10,0,3
BRDA:423,11,0,3
BRDA:457,12,0,6
BRDA:460,13,0,6
BRDA:463,14,0,1
BRDA:483,15,0,1
BRDA:505,16,0,10
BRDA:511,17,0,10
BRDA:514,18,0,7
BRDA:515,19,0,1
BRDA:516,20,0,1
BRDA:517,21,0,1
BRDA:537,22,0,7
BRDA:541,23,0,6
BRDA:542,24,0,1
BRDA:551,25,0,1
BRDA:553,26,0,1
BRDA:563,27,0,1
BRDA:570,28,0,1
BRDA:572,29,0,1
BRDA:580,30,0,1
BRDA:586,31,0,1
BRDA:588,32,0,1
BRDA:597,33,0,1
BRDA:604,34,0,1
BRDA:607,35,0,1
BRDA:634,36,0,8
BRDA:637,37,0,11
BRDA:640,38,0,10
BRDA:643,39,0,10
BRDA:654,40,0,6
BRDA:657,41,0,5
BRDA:672,42,0,5
BRDA:675,43,0,5
BRDA:685,44,0,4
BRDA:685,45,0,2
BRDA:690,46,0,0
BRDA:700,47,0,3
BRDA:676,48,0,8
BRDA:678,49,0,5
BRDA:680,50,0,2
BRDA:681,51,0,1
BRDA:704,52,0,3
BRDA:729,53,0,1
BRDA:745,54,0,8
BRDA:748,55,0,7
BRDA:751,56,0,10
BRDA:754,57,0,4
BRDA:757,58,0,4
BRDA:760,59,0,6
BRDA:763,60,0,6
BRDA:770,61,0,7
BRDA:773,62,0,1
BRDA:789,63,0,15
BRF:64
BRH:63
end_of_record
TN:
SF:src/core/types.ts
FN:214,asUntypedEntity
FNF:1
FNH:1
FNDA:4,asUntypedEntity
DA:214,1
DA:215,4
DA:217,4
LF:3
LH:3
BRDA:214,0,0,4
BRF:1
BRH:1
end_of_record
TN:
SF:src/core/builders/entity-builder.ts
FN:90,FederationEntityBuilder
FN:103,validateConstructorArgs
FN:139,withShareableField
FN:179,withInaccessibleField
FN:221,withTaggedField
FN:273,withOverrideField
FN:321,withExternalField
FN:332,withRequiredFields
FN:354,withProvidedFields
FN:376,withField
FN:397,withReferenceResolver
FN:414,withExtensions
FN:431,addDirective
FN:466,validateDirectiveConflicts
FN:496,build
FN:506,validateBuildRequirements
FN:541,createFederationEntity
FN:586,resolvers.<computed>
FN:630,validateReference
FN:651,createDefaultReferenceResolver
FN:672,resolveEntityFromReference
FN:686,createEntityBuilder
FN:708,toFederationEntity
FNF:23
FNH:19
FNDA:51,FederationEntityBuilder
FNDA:51,validateConstructorArgs
FNDA:4,withShareableField
FNDA:1,withInaccessibleField
FNDA:5,withTaggedField
FNDA:1,withOverrideField
FNDA:1,withExternalField
FNDA:1,withRequiredFields
FNDA:1,withProvidedFields
FNDA:2,withField
FNDA:8,withReferenceResolver
FNDA:0,withExtensions
FNDA:13,addDirective
FNDA:13,validateDirectiveConflicts
FNDA:24,build
FNDA:24,validateBuildRequirements
FNDA:24,createFederationEntity
FNDA:0,resolvers.<computed>
FNDA:0,validateReference
FNDA:1,createDefaultReferenceResolver
FNDA:0,resolveEntityFromReference
FNDA:28,createEntityBuilder
FNDA:6,toFederationEntity
DA:1,1
DA:10,1
DA:83,1
DA:89,1
DA:90,1
DA:91,51
DA:93,51
DA:94,51
DA:95,51
DA:96,51
DA:97,51
DA:98,51
DA:99,51
DA:100,51
DA:101,51
DA:103,1
DA:104,51
DA:105,1
DA:106,1
DA:107,51
DA:108,1
DA:109,1
DA:110,51
DA:139,1
DA:140,4
DA:141,4
DA:142,4
DA:143,4
DA:144,4
DA:145,4
DA:146,4
DA:147,4
DA:148,4
DA:149,4
DA:150,4
DA:179,1
DA:180,1
DA:181,1
DA:182,1
DA:183,1
DA:184,1
DA:185,1
DA:186,1
DA:187,1
DA:188,1
DA:189,1
DA:190,1
DA:221,1
DA:222,5
DA:223,5
DA:224,5
DA:225,5
DA:226,5
DA:227,1
DA:228,1
DA:230,4
DA:231,4
DA:232,4
DA:233,4
DA:234,4
DA:235,4
DA:236,4
DA:237,4
DA:238,5
DA:273,1
DA:274,1
DA:275,1
DA:276,1
DA:277,1
DA:278,1
DA:279,0
DA:280,0
DA:282,1
DA:283,1
DA:284,1
DA:285,1
DA:286,1
DA:287,1
DA:288,1
DA:289,1
DA:290,1
DA:321,1
DA:322,1
DA:323,1
DA:324,1
DA:325,1
DA:326,1
DA:327,1
DA:332,1
DA:333,1
DA:334,1
DA:335,1
DA:336,1
DA:337,1
DA:338,0
DA:339,0
DA:341,1
DA:342,1
DA:343,1
DA:344,1
DA:345,1
DA:346,1
DA:347,1
DA:348,1
DA:349,1
DA:354,1
DA:355,1
DA:356,1
DA:357,1
DA:358,1
DA:359,1
DA:360,0
DA:361,0
DA:363,1
DA:364,1
DA:365,1
DA:366,1
DA:367,1
DA:368,1
DA:369,1
DA:370,1
DA:371,1
DA:376,1
DA:377,2
DA:378,2
DA:379,2
DA:380,2
DA:381,2
DA:382,2
DA:383,2
DA:384,2
DA:385,2
DA:386,2
DA:387,2
DA:388,2
DA:389,2
DA:390,2
DA:391,2
DA:392,2
DA:397,1
DA:398,8
DA:399,8
DA:400,8
DA:401,8
DA:402,8
DA:403,8
DA:404,8
DA:405,8
DA:406,8
DA:407,8
DA:408,8
DA:409,8
DA:414,1
DA:415,0
DA:416,0
DA:417,0
DA:418,0
DA:419,0
DA:420,0
DA:421,0
DA:422,0
DA:423,0
DA:424,0
DA:425,0
DA:426,0
DA:431,1
DA:432,13
DA:433,13
DA:434,13
DA:435,13
DA:437,13
DA:439,13
DA:440,13
DA:441,13
DA:442,13
DA:443,13
DA:445,13
DA:446,1
DA:447,1
DA:448,1
DA:449,1
DA:450,12
DA:452,13
DA:453,13
DA:454,13
DA:455,13
DA:456,13
DA:457,13
DA:458,13
DA:459,13
DA:460,13
DA:461,13
DA:466,1
DA:467,13
DA:470,13
DA:471,13
DA:472,13
DA:473,13
DA:474,13
DA:476,13
DA:477,39
DA:478,39
DA:480,39
DA:481,0
DA:482,0
DA:483,0
DA:484,0
DA:485,39
DA:488,13
DA:489,0
DA:490,0
DA:491,13
DA:496,1
DA:497,24
DA:498,24
DA:499,24
DA:500,24
DA:501,24
DA:506,1
DA:508,24
DA:509,12
DA:510,24
DA:512,24
DA:513,0
DA:514,0
DA:515,0
DA:516,0
DA:517,0
DA:518,0
DA:519,0
DA:522,24
DA:523,12
DA:524,12
DA:525,0
DA:526,0
DA:527,0
DA:528,0
DA:529,0
DA:530,0
DA:531,0
DA:532,0
DA:533,12
DA:535,24
DA:536,24
DA:541,1
DA:544,24
DA:546,24
DA:547,24
DA:548,12
DA:549,13
DA:550,13
DA:551,13
DA:552,12
DA:553,24
DA:556,24
DA:557,26
DA:558,26
DA:559,26
DA:560,24
DA:563,24
DA:564,24
DA:565,24
DA:566,24
DA:567,24
DA:568,24
DA:569,24
DA:572,24
DA:580,24
DA:581,24
DA:584,24
DA:585,3
DA:586,3
DA:587,0
DA:588,0
DA:589,0
DA:590,0
DA:592,0
DA:593,0
DA:594,0
DA:595,0
DA:596,0
DA:597,0
DA:598,0
DA:599,0
DA:600,0
DA:601,0
DA:602,0
DA:603,0
DA:604,0
DA:605,0
DA:606,0
DA:607,0
DA:608,3
DA:609,3
DA:611,24
DA:613,24
DA:614,24
DA:615,24
DA:616,24
DA:617,24
DA:618,24
DA:619,24
DA:621,24
DA:622,24
DA:624,24
DA:625,24
DA:630,1
DA:631,0
DA:632,0
DA:633,0
DA:634,0
DA:635,0
DA:636,0
DA:637,0
DA:638,0
DA:639,0
DA:640,0
DA:641,0
DA:642,0
DA:643,0
DA:644,0
DA:645,0
DA:646,0
DA:651,1
DA:652,1
DA:653,0
DA:654,0
DA:655,0
DA:656,0
DA:657,0
DA:658,0
DA:659,0
DA:660,0
DA:661,0
DA:662,0
DA:663,0
DA:664,0
DA:665,0
DA:666,0
DA:667,1
DA:672,1
DA:673,0
DA:674,0
DA:675,0
DA:676,0
DA:679,0
DA:680,0
DA:681,1
DA:686,1
DA:693,28
DA:695,28
DA:696,28
DA:697,28
DA:698,28
DA:699,28
DA:700,28
DA:701,28
DA:702,28
DA:703,28
DA:708,1
DA:714,6
DA:717,6
DA:718,6
DA:720,6
DA:722,6
DA:723,2
DA:724,2
DA:725,2
DA:726,2
DA:727,2
DA:728,2
DA:729,2
DA:730,2
DA:731,2
DA:732,2
DA:733,2
DA:734,2
DA:735,2
DA:738,6
DA:739,6
DA:740,2
DA:741,2
DA:742,2
DA:743,2
DA:744,2
DA:745,2
DA:746,4
DA:748,6
DA:749,6
DA:750,6
DA:751,6
DA:752,6
DA:753,6
DA:754,6
DA:755,6
DA:756,6
DA:757,6
LF:397
LH:302
BRDA:90,0,0,51
BRDA:103,1,0,51
BRDA:104,2,0,1
BRDA:106,3,0,50
BRDA:107,4,0,1
BRDA:139,5,0,4
BRDA:179,6,0,1
BRDA:221,7,0,5
BRDA:226,8,0,1
BRDA:228,9,0,4
BRDA:273,10,0,1
BRDA:278,11,0,0
BRDA:321,12,0,1
BRDA:332,13,0,1
BRDA:337,14,0,0
BRDA:354,15,0,1
BRDA:359,16,0,0
BRDA:376,17,0,2
BRDA:397,18,0,8
BRDA:431,19,0,13
BRDA:439,20,0,12
BRDA:445,21,0,1
BRDA:449,22,0,12
BRDA:466,23,0,13
BRDA:467,24,0,12
BRDA:476,25,0,39
BRDA:477,26,0,38
BRDA:478,27,0,38
BRDA:480,28,0,7
BRDA:480,29,0,0
BRDA:488,30,0,0
BRDA:477,31,0,3
BRDA:478,32,0,3
BRDA:488,33,0,1
BRDA:496,34,0,24
BRDA:499,35,0,24
BRDA:506,36,0,24
BRDA:512,37,0,3
BRDA:512,38,0,0
BRDA:522,39,0,12
BRDA:524,40,0,1
BRDA:524,41,0,0
BRDA:508,42,0,12
BRDA:509,43,0,13
BRDA:523,44,0,13
BRDA:541,45,0,24
BRDA:584,46,0,3
BRDA:547,47,0,12
BRDA:548,48,0,13
BRDA:550,49,0,6
BRDA:556,50,0,26
BRDA:621,51,0,26
BRDA:651,52,0,1
BRDA:686,53,0,28
BRDA:708,54,0,6
BRDA:722,55,0,2
BRDA:739,56,0,2
BRDA:745,57,0,4
BRDA:752,58,0,2
BRDA:754,59,0,2
BRDA:754,60,0,4
BRDA:741,61,0,2
BRF:62
BRH:55
end_of_record
TN:
SF:src/core/builders/index.ts
FNF:0
FNH:0
DA:8,1
LF:1
LH:1
BRF:0
BRH:0
end_of_record
TN:
SF:src/core/services/config.ts
FNF:0
FNH:0
DA:140,1
DA:141,1
DA:142,1
DA:143,1
DA:144,1
DA:170,1
DA:172,1
DA:173,1
DA:174,1
DA:175,1
DA:176,1
DA:177,1
DA:178,1
DA:179,1
DA:182,1
DA:183,1
DA:184,1
DA:185,1
DA:186,1
DA:187,1
DA:190,1
DA:191,1
DA:192,1
DA:193,1
DA:194,1
DA:197,1
DA:198,1
DA:199,1
DA:200,1
DA:201,1
DA:202,1
DA:203,1
DA:206,1
DA:207,1
DA:208,1
DA:209,1
DA:210,1
DA:211,1
DA:212,1
DA:215,1
DA:216,1
DA:217,1
DA:218,1
DA:219,1
DA:220,1
DA:221,1
DA:222,1
DA:223,1
DA:224,1
DA:225,1
DA:226,1
DA:231,1
DA:234,1
DA:237,1
DA:238,1
DA:239,1
DA:240,1
DA:241,1
DA:242,1
DA:243,1
DA:244,1
DA:245,1
DA:246,1
DA:247,1
DA:248,1
DA:249,1
DA:250,1
DA:251,1
DA:252,1
DA:253,1
DA:254,1
DA:255,1
DA:256,1
DA:257,1
DA:258,1
DA:259,1
DA:260,1
DA:261,1
DA:262,1
DA:263,1
DA:264,1
DA:265,1
DA:266,1
DA:267,1
DA:268,1
DA:269,1
DA:270,1
DA:271,1
DA:272,1
DA:273,1
DA:274,1
DA:275,1
DA:276,1
DA:277,1
DA:278,1
DA:279,1
DA:280,1
DA:281,1
DA:282,1
DA:285,1
DA:287,3
DA:288,3
DA:289,3
DA:290,3
DA:291,3
DA:292,3
DA:293,3
DA:294,3
DA:295,3
DA:296,3
DA:297,3
DA:298,3
DA:299,3
DA:300,3
DA:301,3
DA:302,3
DA:303,3
DA:304,3
DA:305,3
DA:306,3
DA:307,3
DA:308,3
DA:309,3
DA:310,3
DA:311,3
DA:312,3
DA:313,3
DA:314,3
DA:315,3
DA:316,3
DA:317,3
DA:318,3
DA:319,3
DA:320,3
DA:321,3
DA:322,3
DA:323,3
DA:324,3
DA:325,3
DA:326,3
DA:327,3
DA:328,3
DA:329,3
DA:330,3
DA:331,3
DA:332,3
DA:333,3
DA:334,3
DA:335,3
DA:336,3
DA:337,3
DA:338,3
DA:339,3
DA:340,3
DA:341,3
DA:342,3
DA:343,3
DA:344,3
DA:345,3
DA:346,3
DA:347,3
DA:348,3
DA:349,3
DA:350,3
DA:351,3
DA:352,3
DA:353,3
DA:354,3
DA:355,3
DA:356,3
DA:357,3
DA:358,3
DA:359,3
DA:360,3
DA:361,3
DA:362,3
DA:363,3
DA:364,3
DA:365,3
DA:366,3
DA:367,3
DA:368,3
DA:369,3
DA:370,3
DA:371,3
DA:372,3
DA:373,3
DA:374,3
DA:377,3
DA:378,3
DA:381,1
DA:384,1
DA:385,1
DA:386,1
DA:387,1
DA:388,1
DA:389,1
DA:390,1
DA:391,1
DA:392,1
LF:200
LH:200
BRDA:285,0,0,3
BRF:1
BRH:1
end_of_record
TN:
SF:src/core/services/index.ts
FNF:0
FNH:0
DA:7,1
DA:8,1
DA:9,1
LF:3
LH:3
BRF:0
BRH:0
end_of_record
TN:
SF:src/core/services/layers.ts
FN:207,createEnvironmentLayer
FNF:1
FNH:0
FNDA:0,createEnvironmentLayer
DA:176,1
DA:177,1
DA:178,1
DA:179,1
DA:182,1
DA:185,1
DA:186,1
DA:187,1
DA:188,1
DA:189,1
DA:192,1
DA:193,1
DA:194,1
DA:195,1
DA:196,1
DA:199,1
DA:202,1
DA:207,1
DA:208,0
DA:209,0
DA:210,0
DA:211,0
DA:212,0
DA:213,0
DA:214,0
DA:215,0
DA:216,0
DA:217,0
LF:28
LH:18
BRF:0
BRH:0
end_of_record
TN:
SF:src/core/services/logger.ts
FN:193,logWithLevel
FN:203,withSpan
FN:216,trace
FN:219,debug
FN:222,info
FN:225,warn
FN:228,error
FN:231,withSpan
FNF:8
FNH:1
FNDA:15,logWithLevel
FNDA:0,withSpan
FNDA:0,trace
FNDA:0,debug
FNDA:0,info
FNDA:0,warn
FNDA:0,error
FNDA:0,withSpan
DA:166,1
DA:167,1
DA:168,1
DA:169,1
DA:170,1
DA:173,1
DA:186,1
DA:189,1
DA:190,3
DA:192,3
DA:193,3
DA:194,15
DA:195,0
DA:197,3
DA:198,3
DA:199,3
DA:200,3
DA:201,3
DA:202,3
DA:203,3
DA:204,0
DA:205,0
DA:206,0
DA:207,0
DA:208,0
DA:209,3
DA:210,3
DA:213,1
DA:216,1
DA:217,0
DA:219,1
DA:220,0
DA:222,1
DA:223,0
DA:225,1
DA:226,0
DA:228,1
DA:229,0
DA:231,1
DA:232,0
DA:235,1
DA:236,1
DA:237,1
DA:238,1
DA:240,1
DA:241,1
DA:242,1
DA:243,1
DA:245,1
DA:246,1
DA:247,1
DA:248,1
LF:52
LH:40
BRDA:189,0,0,3
BRDA:193,1,0,15
BRF:2
BRH:2
end_of_record
TN:
SF:src/experimental/index.ts
FNF:0
FNH:0
DA:232,1
LF:1
LH:1
BRF:0
BRH:0
end_of_record
TN:
SF:src/experimental/ultra-strict-entity-builder.ts
FN:265,createUltraStrictEntityBuilder
FN:303,withSchema
FN:339,withKeys
FN:386,withDirectives
FN:440,withResolvers
FN:471,validateEntityBuilder
FN:485,validateSchema
FN:509,validateKeys
FN:553,validateDirectives
FN:607,validateCircularDependencies
FN:612,validateCompatibility
FN:617,createValidResult
FN:646,handleValidationErrors
FN:655,__vite_ssr_import_3__.when.EntityValidationResult.InvalidSchema.errors
FN:665,__vite_ssr_import_3__.when.EntityValidationResult.InvalidKeys.errors
FN:678,__vite_ssr_import_3__.when.EntityValidationResult.InvalidDirectives.errors
FN:702,matchEntityValidationResult
FN:745,getSchemaFields
FN:773,createEntityKey
FN:793,Directive2.shareable
FN:798,Directive2.inaccessible
FN:803,Directive2.tag
FN:808,Directive2.override
FN:813,Directive2.external
FN:818,Directive2.provides
FN:823,Directive2.requires
FNF:26
FNH:24
FNDA:163,createUltraStrictEntityBuilder
FNDA:0,withSchema
FNDA:63,withKeys
FNDA:63,withDirectives
FNDA:63,withResolvers
FNDA:63,validateEntityBuilder
FNDA:63,validateSchema
FNDA:63,validateKeys
FNDA:62,validateDirectives
FNDA:62,validateCircularDependencies
FNDA:62,validateCompatibility
FNDA:62,createValidResult
FNDA:1,handleValidationErrors
FNDA:1,__vite_ssr_import_3__.when.EntityValidationResult.InvalidSchema.errors
FNDA:1,__vite_ssr_import_3__.when.EntityValidationResult.InvalidKeys.errors
FNDA:0,__vite_ssr_import_3__.when.EntityValidationResult.InvalidDirectives.errors
FNDA:12,matchEntityValidationResult
FNDA:63,getSchemaFields
FNDA:105,createEntityKey
FNDA:42,Directive2.shareable
FNDA:2,Directive2.inaccessible
FNDA:14,Directive2.tag
FNDA:6,Directive2.override
FNDA:3,Directive2.external
FNDA:10,Directive2.provides
FNDA:5,Directive2.requires
DA:11,1
DA:12,1
DA:13,1
DA:14,1
DA:15,1
DA:103,1
DA:140,1
DA:144,1
DA:150,1
DA:155,1
DA:161,1
DA:166,1
DA:172,1
DA:176,1
DA:265,1
DA:266,163
DA:267,163
DA:268,163
DA:269,163
DA:270,0
DA:271,0
DA:273,163
DA:274,163
DA:275,163
DA:276,163
DA:277,163
DA:278,163
DA:302,1
DA:303,1
DA:304,0
DA:305,0
DA:306,0
DA:307,0
DA:308,0
DA:309,0
DA:311,0
DA:312,0
DA:313,0
DA:314,0
DA:315,0
DA:316,0
DA:338,1
DA:339,1
DA:340,63
DA:341,63
DA:342,63
DA:344,63
DA:347,63
DA:348,62
DA:349,62
DA:350,62
DA:352,62
DA:353,0
DA:354,0
DA:355,62
DA:357,63
DA:358,63
DA:359,63
DA:360,63
DA:361,63
DA:362,63
DA:385,1
DA:386,1
DA:387,63
DA:388,63
DA:389,63
DA:391,63
DA:392,63
DA:393,63
DA:394,63
DA:395,63
DA:396,63
DA:398,63
DA:399,63
DA:400,63
DA:402,63
DA:403,0
DA:404,0
DA:405,0
DA:406,0
DA:407,0
DA:408,0
DA:409,0
DA:411,63
DA:412,63
DA:413,63
DA:414,63
DA:415,63
DA:416,63
DA:439,1
DA:440,1
DA:441,63
DA:442,63
DA:443,63
DA:444,63
DA:445,0
DA:446,0
DA:449,63
DA:450,63
DA:451,63
DA:453,63
DA:454,0
DA:455,0
DA:457,63
DA:458,63
DA:459,63
DA:460,63
DA:461,63
DA:462,63
DA:471,1
DA:472,63
DA:474,63
DA:475,63
DA:476,63
DA:477,63
DA:478,63
DA:479,63
DA:480,63
DA:481,63
DA:482,63
DA:483,63
DA:485,1
DA:486,63
DA:491,63
DA:492,63
DA:493,63
DA:496,63
DA:497,0
DA:498,0
DA:499,0
DA:500,0
DA:501,0
DA:502,0
DA:503,0
DA:504,0
DA:505,63
DA:506,63
DA:507,63
DA:509,1
DA:510,63
DA:515,63
DA:516,63
DA:517,63
DA:518,63
DA:520,63
DA:521,1
DA:522,1
DA:523,1
DA:524,1
DA:525,1
DA:526,1
DA:527,1
DA:528,1
DA:529,1
DA:532,63
DA:533,63
DA:534,63
DA:535,63
DA:536,63
DA:537,0
DA:538,0
DA:539,0
DA:540,0
DA:541,0
DA:542,0
DA:543,63
DA:545,63
DA:547,63
DA:548,1
DA:549,62
DA:550,63
DA:551,63
DA:553,1
DA:554,62
DA:559,62
DA:560,62
DA:561,62
DA:562,62
DA:563,62
DA:564,62
DA:565,62
DA:566,62
DA:567,62
DA:568,62
DA:569,62
DA:570,62
DA:572,62
DA:573,77
DA:575,77
DA:576,0
DA:577,0
DA:578,0
DA:579,0
DA:580,0
DA:581,0
DA:582,0
DA:583,0
DA:586,77
DA:587,0
DA:588,0
DA:589,0
DA:590,0
DA:591,0
DA:592,0
DA:593,0
DA:594,0
DA:596,77
DA:597,62
DA:599,62
DA:601,62
DA:602,0
DA:603,62
DA:604,62
DA:605,62
DA:607,1
DA:608,62
DA:610,62
DA:612,1
DA:613,62
DA:615,62
DA:617,1
DA:618,62
DA:619,62
DA:620,62
DA:621,62
DA:622,62
DA:623,62
DA:624,62
DA:625,62
DA:626,62
DA:627,62
DA:628,62
DA:629,62
DA:630,62
DA:631,62
DA:632,62
DA:633,62
DA:634,62
DA:635,62
DA:636,62
DA:637,62
DA:638,62
DA:639,62
DA:640,62
DA:641,62
DA:642,62
DA:643,62
DA:644,62
DA:646,1
DA:647,1
DA:652,1
DA:653,1
DA:654,1
DA:655,1
DA:656,1
DA:658,1
DA:659,1
DA:660,0
DA:661,0
DA:662,0
DA:663,1
DA:664,1
DA:665,1
DA:666,1
DA:668,1
DA:669,1
DA:670,1
DA:671,1
DA:672,1
DA:673,1
DA:674,1
DA:675,1
DA:676,1
DA:677,1
DA:678,1
DA:679,0
DA:681,0
DA:682,1
DA:683,0
DA:684,0
DA:685,0
DA:686,0
DA:687,0
DA:688,0
DA:689,0
DA:690,1
DA:691,1
DA:692,1
DA:701,1
DA:702,1
DA:730,12
DA:731,12
DA:732,12
DA:733,12
DA:734,12
DA:735,12
DA:736,12
DA:737,12
DA:738,12
DA:739,12
DA:745,1
DA:746,63
DA:747,63
DA:748,63
DA:751,63
DA:752,63
DA:753,148
DA:754,148
DA:755,148
DA:757,0
DA:758,63
DA:759,63
DA:763,0
DA:764,0
DA:773,1
DA:774,105
DA:775,105
DA:776,105
DA:777,105
DA:778,105
DA:779,105
DA:780,105
DA:781,105
DA:788,1
DA:792,3
DA:793,3
DA:794,42
DA:795,42
DA:796,42
DA:798,3
DA:799,2
DA:800,2
DA:801,2
DA:803,3
DA:804,14
DA:805,14
DA:806,14
DA:808,3
DA:809,6
DA:810,6
DA:811,6
DA:813,3
DA:814,3
DA:815,3
DA:816,3
DA:818,3
DA:819,10
DA:820,10
DA:821,10
DA:823,3
DA:824,5
DA:825,5
DA:826,5
DA:832,3
DA:833,3
LF:355
LH:282
BRDA:265,0,0,163
BRDA:269,1,0,0
BRDA:339,2,0,63
BRDA:340,3,0,63
BRDA:344,4,0,0
BRDA:347,5,0,62
BRDA:352,6,0,0
BRDA:349,7,0,103
BRDA:350,8,0,103
BRDA:386,9,0,63
BRDA:387,10,0,63
BRDA:391,11,0,0
BRDA:402,12,0,0
BRDA:414,13,0,0
BRDA:391,14,0,78
BRDA:399,15,0,189
BRDA:399,16,0,49
BRDA:440,17,0,63
BRDA:441,18,0,63
BRDA:444,19,0,0
BRDA:453,20,0,0
BRDA:450,21,0,15
BRDA:471,22,0,63
BRDA:485,23,0,63
BRDA:493,24,0,63
BRDA:496,25,0,0
BRDA:509,26,0,63
BRDA:516,27,0,0
BRDA:517,28,0,63
BRDA:520,29,0,1
BRDA:547,30,0,1
BRDA:548,31,0,62
BRDA:534,32,0,103
BRDA:553,33,0,62
BRDA:561,34,0,62
BRDA:572,35,0,0
BRDA:601,36,0,0
BRDA:572,37,0,77
BRDA:575,38,0,0
BRDA:586,39,0,4
BRDA:586,40,0,0
BRDA:607,41,0,62
BRDA:612,42,0,62
BRDA:617,43,0,62
BRDA:624,44,0,0
BRDA:625,45,0,0
BRDA:626,46,0,0
BRDA:646,47,0,1
BRDA:655,48,0,1
BRDA:665,49,0,1
BRDA:669,50,0,1
BRDA:702,51,0,12
BRDA:730,52,0,12
BRDA:745,53,0,63
BRDA:759,54,0,0
BRDA:752,55,0,148
BRDA:755,56,0,0
BRDA:773,57,0,105
BRDA:788,58,0,3
BRDA:792,59,0,3
BRDA:793,60,0,42
BRDA:798,61,0,2
BRDA:803,62,0,14
BRDA:808,63,0,6
BRDA:813,64,0,3
BRDA:818,65,0,10
BRDA:823,66,0,5
BRDA:832,67,0,3
BRF:68
BRH:49
end_of_record
TN:
SF:src/federation/composer.ts
FN:239,trace
FN:241,debug
FN:243,info
FN:245,warn
FN:247,error
FN:249,withSpan
FN:253,compose2
FN:308,validate
FN:342,buildSchema
FN:383,validateServiceUrl
FN:400,validateEntityKeys
FN:434,fetchSubgraphSchemas
FN:455,createMetadata
FN:473,compose
FN:480,validateConfig
FN:484,handleCompositionError
FN:498,createFederatedSchema
FNF:17
FNH:14
FNDA:27,trace
FNDA:0,debug
FNDA:21,info
FNDA:0,warn
FNDA:2,error
FNDA:0,withSpan
FNDA:8,compose2
FNDA:12,validate
FNDA:7,buildSchema
FNDA:17,validateServiceUrl
FNDA:9,validateEntityKeys
FNDA:6,fetchSubgraphSchemas
FNDA:6,createMetadata
FNDA:7,compose
FNDA:3,validateConfig
FNDA:2,handleCompositionError
FNDA:4,createFederatedSchema
DA:196,1
DA:197,1
DA:198,1
DA:199,1
DA:200,1
DA:201,1
DA:202,1
DA:204,1
DA:207,1
DA:220,1
DA:236,1
DA:238,21
DA:239,21
DA:240,27
DA:241,21
DA:242,0
DA:243,21
DA:244,21
DA:245,21
DA:246,0
DA:247,21
DA:248,2
DA:249,21
DA:250,0
DA:251,21
DA:253,21
DA:254,8
DA:256,8
DA:257,8
DA:258,8
DA:259,8
DA:260,8
DA:263,8
DA:264,8
DA:265,8
DA:266,2
DA:267,2
DA:268,2
DA:269,2
DA:270,2
DA:271,2
DA:272,8
DA:273,8
DA:276,6
DA:279,6
DA:280,6
DA:281,6
DA:282,6
DA:283,6
DA:286,6
DA:289,6
DA:290,6
DA:291,6
DA:294,6
DA:295,6
DA:296,6
DA:297,6
DA:299,6
DA:300,6
DA:301,6
DA:302,6
DA:303,6
DA:305,6
DA:306,8
DA:308,21
DA:309,12
DA:311,12
DA:312,12
DA:315,12
DA:316,2
DA:317,2
DA:318,2
DA:319,2
DA:320,2
DA:323,12
DA:324,0
DA:325,0
DA:326,0
DA:327,0
DA:328,0
DA:331,10
DA:332,10
DA:333,10
DA:336,9
DA:338,8
DA:339,8
DA:340,12
DA:342,21
DA:343,7
DA:345,7
DA:346,7
DA:349,7
DA:359,7
DA:361,7
DA:363,7
DA:364,7
DA:365,7
DA:366,7
DA:367,7
DA:368,0
DA:369,0
DA:370,0
DA:371,0
DA:372,0
DA:373,7
DA:375,21
DA:376,21
DA:377,21
DA:378,21
DA:379,21
DA:380,21
DA:383,1
DA:384,17
DA:385,17
DA:387,17
DA:388,17
DA:389,17
DA:390,17
DA:391,1
DA:392,1
DA:393,1
DA:394,1
DA:395,1
DA:396,1
DA:397,1
DA:398,17
DA:400,1
DA:401,9
DA:403,9
DA:404,9
DA:405,9
DA:406,9
DA:407,9
DA:409,9
DA:411,16
DA:412,1
DA:413,1
DA:414,1
DA:415,1
DA:416,1
DA:419,16
DA:420,0
DA:421,0
DA:422,0
DA:423,0
DA:424,0
DA:425,0
DA:426,0
DA:427,0
DA:428,0
DA:429,16
DA:431,8
DA:432,8
DA:434,1
DA:435,6
DA:436,6
DA:440,6
DA:441,11
DA:442,11
DA:444,11
DA:447,11
DA:448,11
DA:449,6
DA:451,6
DA:452,6
DA:453,6
DA:455,1
DA:456,6
DA:457,6
DA:458,6
DA:459,6
DA:460,6
DA:461,6
DA:462,6
DA:463,6
DA:464,6
DA:465,6
DA:466,6
DA:467,6
DA:470,1
DA:473,1
DA:474,7
DA:476,7
DA:477,7
DA:478,7
DA:480,1
DA:481,3
DA:484,1
DA:485,2
DA:486,2
DA:487,2
DA:488,2
DA:489,2
DA:490,2
DA:491,2
DA:492,2
DA:493,2
DA:494,2
DA:495,2
DA:498,1
DA:499,4
DA:500,3
DA:502,3
DA:503,3
DA:504,1
DA:505,1
DA:506,1
DA:507,1
DA:508,1
DA:509,1
DA:510,1
DA:511,1
DA:512,3
DA:513,3
DA:514,3
DA:515,0
DA:516,0
DA:517,0
DA:518,0
DA:519,0
DA:520,0
DA:521,3
DA:522,3
DA:524,2
DA:525,2
DA:526,2
LF:226
LH:198
BRDA:236,0,0,21
BRDA:239,1,0,27
BRDA:243,2,0,21
BRDA:247,3,0,2
BRDA:253,4,0,8
BRDA:256,5,0,8
BRDA:273,6,0,6
BRDA:265,7,0,2
BRDA:308,8,0,12
BRDA:311,9,0,12
BRDA:315,10,0,2
BRDA:320,11,0,10
BRDA:323,12,0,0
BRDA:328,13,0,10
BRDA:333,14,0,9
BRDA:336,15,0,8
BRDA:342,16,0,7
BRDA:345,17,0,7
BRDA:367,18,0,0
BRDA:359,19,0,11
BRDA:383,20,0,17
BRDA:384,21,0,17
BRDA:389,22,0,16
BRDA:390,23,0,1
BRDA:400,24,0,9
BRDA:403,25,0,9
BRDA:409,26,0,16
BRDA:411,27,0,15
BRDA:411,28,0,1
BRDA:416,29,0,15
BRDA:419,30,0,0
BRDA:429,31,0,8
BRDA:434,32,0,6
BRDA:435,33,0,6
BRDA:440,34,0,11
BRDA:455,35,0,6
BRDA:473,36,0,7
BRDA:474,37,0,7
BRDA:480,38,0,3
BRDA:481,39,0,3
BRDA:484,40,0,2
BRDA:487,41,0,2
BRDA:491,42,0,2
BRDA:494,43,0,2
BRDA:498,44,0,4
BRDA:499,45,0,3
BRDA:522,46,0,2
BRDA:503,47,0,1
BRDA:504,48,0,1
BRF:49
BRH:46
end_of_record
TN:
SF:src/federation/error-boundaries.ts
FN:357,FederationErrorBoundaries2.createBoundary
FN:361,wrapResolver
FN:364,handlePartialFailure
FN:367,transformError
FN:375,FederationErrorBoundaries2.withCircuitBreaker
FN:390,createBoundedResolver
FN:403,try
FN:404,catch
FN:437,processPartialResults
FN:483,partitionResults
FN:507,mergeSuccessfulResults
FN:520,applyFallbackValues
FN:543,transformSubgraphError
FN:562,createCircuitBreakerInstance
FN:577,protect
FN:654,getState
FN:655,getMetrics
FN:672,flushMetrics
FN:685,scheduleMetricsFlush
FN:694,validateCircuitBreakerConfig
FN:712,transformFederationError
FN:754,recordMetrics
FN:807,FederationErrorBoundaries2.withTimeouts
FN:818,FederationErrorBoundaries2.withCircuitBreakers
FN:829,FederationErrorBoundaries2.withPartialFailureHandling
FN:841,createStrictBoundary
FN:849,createResilientBoundary
FN:861,createProductionBoundary
FN:868,FederationErrorBoundaries.createBoundary.FederationErrorBoundaries.withPartialFailureHandling.allowPartialFailure
FN:869,FederationErrorBoundaries.createBoundary
FNF:30
FNH:27
FNDA:25,FederationErrorBoundaries2.createBoundary
FNDA:6,wrapResolver
FNDA:8,handlePartialFailure
FNDA:3,transformError
FNDA:3,FederationErrorBoundaries2.withCircuitBreaker
FNDA:6,createBoundedResolver
FNDA:13,try
FNDA:6,catch
FNDA:8,processPartialResults
FNDA:8,partitionResults
FNDA:5,mergeSuccessfulResults
FNDA:4,applyFallbackValues
FNDA:4,transformSubgraphError
FNDA:7,createCircuitBreakerInstance
FNDA:20,protect
FNDA:0,getState
FNDA:0,getMetrics
FNDA:0,flushMetrics
FNDA:20,scheduleMetricsFlush
FNDA:3,validateCircuitBreakerConfig
FNDA:3,transformFederationError
FNDA:20,recordMetrics
FNDA:2,FederationErrorBoundaries2.withTimeouts
FNDA:1,FederationErrorBoundaries2.withCircuitBreakers
FNDA:4,FederationErrorBoundaries2.withPartialFailureHandling
FNDA:1,createStrictBoundary
FNDA:1,createResilientBoundary
FNDA:1,createProductionBoundary
FNDA:1,FederationErrorBoundaries.createBoundary.FederationErrorBoundaries.withPartialFailureHandling.allowPartialFailure
FNDA:1,FederationErrorBoundaries.createBoundary
DA:262,1
DA:263,1
DA:353,1
DA:357,6
DA:358,25
DA:359,25
DA:360,25
DA:361,25
DA:362,6
DA:364,25
DA:365,8
DA:367,25
DA:368,3
DA:369,25
DA:370,25
DA:375,6
DA:376,3
DA:377,3
DA:379,3
DA:380,3
DA:381,3
DA:382,3
DA:383,3
DA:390,6
DA:391,6
DA:392,6
DA:393,6
DA:394,6
DA:395,6
DA:396,6
DA:398,6
DA:399,20
DA:401,20
DA:402,20
DA:403,20
DA:404,20
DA:405,6
DA:406,20
DA:407,20
DA:408,20
DA:409,1
DA:410,20
DA:411,20
DA:412,20
DA:413,6
DA:414,6
DA:415,6
DA:416,6
DA:417,20
DA:418,20
DA:419,14
DA:420,14
DA:422,14
DA:424,12
DA:425,14
DA:426,2
DA:427,2
DA:428,20
DA:429,20
DA:430,20
DA:431,20
DA:432,6
DA:437,6
DA:438,8
DA:439,8
DA:440,8
DA:441,8
DA:443,8
DA:444,1
DA:445,1
DA:446,1
DA:447,1
DA:448,1
DA:450,8
DA:451,1
DA:452,1
DA:453,1
DA:454,1
DA:455,1
DA:456,1
DA:459,6
DA:460,6
DA:461,6
DA:463,8
DA:464,2
DA:465,2
DA:466,2
DA:467,2
DA:468,2
DA:469,2
DA:472,4
DA:474,4
DA:475,4
DA:476,4
DA:477,4
DA:478,8
DA:483,6
DA:484,8
DA:488,8
DA:489,8
DA:490,8
DA:493,8
DA:494,19
DA:495,12
DA:496,19
DA:497,7
DA:498,7
DA:499,19
DA:501,8
DA:502,8
DA:507,6
DA:508,5
DA:509,5
DA:510,9
DA:511,9
DA:512,9
DA:513,5
DA:514,5
DA:515,5
DA:520,6
DA:521,4
DA:522,4
DA:523,4
DA:524,4
DA:525,4
DA:527,4
DA:528,1
DA:529,1
DA:530,1
DA:531,1
DA:532,1
DA:533,1
DA:534,1
DA:535,1
DA:537,4
DA:538,4
DA:543,6
DA:544,4
DA:549,4
DA:550,4
DA:551,4
DA:552,4
DA:553,4
DA:554,4
DA:555,4
DA:556,4
DA:557,4
DA:562,6
DA:563,7
DA:564,7
DA:565,7
DA:566,7
DA:567,7
DA:568,7
DA:569,7
DA:570,7
DA:573,7
DA:574,7
DA:576,7
DA:577,7
DA:578,20
DA:579,20
DA:580,20
DA:581,20
DA:582,20
DA:584,8
DA:585,8
DA:586,8
DA:587,1
DA:588,1
DA:589,1
DA:590,1
DA:591,1
DA:592,1
DA:593,1
DA:594,1
DA:595,1
DA:596,7
DA:597,7
DA:598,7
DA:599,8
DA:601,20
DA:602,0
DA:603,0
DA:604,0
DA:605,0
DA:606,0
DA:607,0
DA:608,0
DA:609,0
DA:610,0
DA:611,0
DA:612,0
DA:613,0
DA:614,0
DA:615,0
DA:616,0
DA:617,0
DA:618,0
DA:619,0
DA:620,0
DA:621,0
DA:622,0
DA:623,0
DA:624,0
DA:626,20
DA:627,12
DA:628,12
DA:629,12
DA:630,6
DA:632,6
DA:633,0
DA:634,0
DA:635,6
DA:636,12
DA:637,12
DA:638,6
DA:639,6
DA:640,1
DA:641,1
DA:642,1
DA:643,1
DA:644,1
DA:645,1
DA:646,1
DA:647,6
DA:648,12
DA:649,12
DA:650,20
DA:651,20
DA:652,20
DA:654,7
DA:655,7
DA:656,0
DA:657,0
DA:658,0
DA:659,0
DA:660,0
DA:661,0
DA:662,0
DA:663,7
DA:664,7
DA:669,6
DA:670,6
DA:672,6
DA:673,0
DA:676,0
DA:677,0
DA:680,0
DA:682,0
DA:683,0
DA:685,6
DA:686,20
DA:688,2
DA:689,20
DA:694,6
DA:695,3
DA:697,3
DA:698,3
DA:699,3
DA:700,3
DA:701,3
DA:702,3
DA:703,3
DA:704,3
DA:705,3
DA:706,3
DA:707,3
DA:712,6
DA:713,3
DA:714,3
DA:715,3
DA:716,3
DA:717,3
DA:718,3
DA:719,3
DA:720,3
DA:721,3
DA:722,3
DA:723,3
DA:724,3
DA:725,3
DA:726,3
DA:727,3
DA:728,3
DA:729,0
DA:730,0
DA:731,0
DA:732,3
DA:733,3
DA:734,3
DA:736,3
DA:737,1
DA:738,1
DA:740,1
DA:741,1
DA:742,1
DA:743,1
DA:744,1
DA:745,1
DA:746,1
DA:748,2
DA:749,3
DA:754,6
DA:755,20
DA:756,20
DA:761,20
DA:763,20
DA:764,20
DA:765,20
DA:766,20
DA:767,20
DA:768,20
DA:769,20
DA:770,20
DA:771,14
DA:772,14
DA:773,20
DA:774,20
DA:776,20
DA:779,20
DA:780,0
DA:781,0
DA:782,20
DA:787,6
DA:788,6
DA:789,6
DA:790,6
DA:791,6
DA:792,6
DA:793,6
DA:794,6
DA:795,6
DA:796,6
DA:797,6
DA:798,6
DA:799,6
DA:800,6
DA:801,6
DA:802,6
DA:807,6
DA:808,2
DA:809,2
DA:810,2
DA:811,2
DA:812,2
DA:813,2
DA:818,6
DA:819,1
DA:820,1
DA:821,1
DA:822,1
DA:823,1
DA:824,1
DA:829,6
DA:830,4
DA:831,4
DA:832,4
DA:833,4
DA:834,4
DA:835,4
DA:841,1
DA:842,1
DA:843,1
DA:844,1
DA:845,1
DA:846,1
DA:847,1
DA:849,1
DA:850,1
DA:851,1
DA:853,1
DA:854,1
DA:855,1
DA:856,1
DA:857,1
DA:858,1
DA:859,1
DA:861,1
DA:862,1
DA:863,1
DA:865,1
DA:866,1
DA:867,1
DA:868,1
DA:869,1
DA:870,1
DA:871,1
DA:872,1
DA:873,1
DA:874,1
DA:875,1
DA:876,1
DA:877,1
DA:878,1
DA:879,1
DA:880,1
DA:881,1
DA:882,1
LF:399
LH:356
BRDA:353,0,0,6
BRDA:357,1,0,25
BRDA:360,2,0,25
BRDA:361,3,0,6
BRDA:364,4,0,8
BRDA:367,5,0,3
BRDA:375,6,0,3
BRDA:382,7,0,1
BRDA:390,8,0,6
BRDA:396,9,0,4
BRDA:398,10,0,20
BRDA:403,11,0,13
BRDA:404,12,0,6
BRDA:408,13,0,1
BRDA:412,14,0,6
BRDA:413,15,0,6
BRDA:418,16,0,14
BRDA:422,17,0,12
BRDA:425,18,0,2
BRDA:437,19,0,8
BRDA:443,20,0,1
BRDA:448,21,0,7
BRDA:450,22,0,1
BRDA:456,23,0,6
BRDA:463,24,0,2
BRDA:469,25,0,4
BRDA:453,26,0,1
BRDA:459,27,0,6
BRDA:460,28,0,0
BRDA:466,29,0,2
BRDA:476,30,0,4
BRDA:483,31,0,8
BRDA:493,32,0,19
BRDA:494,33,0,12
BRDA:496,34,0,7
BRDA:507,35,0,5
BRDA:509,36,0,9
BRDA:511,37,0,0
BRDA:520,38,0,4
BRDA:527,39,0,1
BRDA:528,40,0,1
BRDA:529,41,0,0
BRDA:531,42,0,0
BRDA:543,43,0,4
BRDA:550,44,0,0
BRDA:562,45,0,7
BRDA:574,46,0,0
BRDA:577,47,0,20
BRDA:580,48,0,20
BRDA:582,49,0,8
BRDA:586,50,0,1
BRDA:595,51,0,7
BRDA:601,52,0,0
BRDA:626,53,0,12
BRDA:588,54,0,1
BRDA:594,55,0,1
BRDA:629,56,0,6
BRDA:630,57,0,6
BRDA:632,58,0,0
BRDA:637,59,0,6
BRDA:639,60,0,1
BRDA:685,61,0,20
BRDA:686,62,0,18
BRDA:686,63,0,2
BRDA:694,64,0,3
BRDA:700,65,0,3
BRDA:701,66,0,1
BRDA:704,67,0,2
BRDA:705,68,0,1
BRDA:712,69,0,3
BRDA:719,70,0,0
BRDA:721,71,0,1
BRDA:721,72,0,2
BRDA:728,73,0,0
BRDA:728,74,0,0
BRDA:736,75,0,1
BRDA:744,76,0,0
BRDA:746,77,0,2
BRDA:754,78,0,20
BRDA:769,79,0,14
BRDA:770,80,0,14
BRDA:779,81,0,14
BRDA:779,82,0,0
BRDA:807,83,0,2
BRDA:818,84,0,1
BRDA:829,85,0,4
BRDA:841,86,0,1
BRDA:849,87,0,1
BRDA:857,88,0,3
BRDA:861,89,0,1
BRDA:868,90,0,1
BRDA:869,91,0,1
BRDA:874,92,0,1
BRF:93
BRH:80
end_of_record
TN:
SF:src/federation/index.ts
FNF:0
FNH:0
DA:62,1
DA:63,1
DA:64,1
DA:65,1
LF:4
LH:4
BRF:0
BRH:0
end_of_record
TN:
SF:src/federation/performance.ts
FN:393,PerformanceOptimizations2.createOptimizedExecutor
FN:446,execute
FN:458,PerformanceOptimizations2.createQueryPlanCache
FN:469,get
FN:488,set
FN:511,invalidate
FN:524,getStats
FN:537,PerformanceOptimizations2.createFederatedDataLoader
FN:553,getLoader
FN:574,instrumentedBatchFn
FN:615,batchScheduleFn
FN:621,get
FN:636,set
FN:640,delete
FN:641,clear
FN:652,clearAll
FN:661,getStats
FN:684,PerformanceOptimizations2.createMetricsCollector
FN:691,recordExecution
FN:709,recordCacheOperation
FN:726,getMetrics
FN:754,executeOptimizedQuery
FN:832,createQueryHash
FN:848,createQueryPlan
FN:854,try
FN:872,catch
FN:887,executeQueryPlan
FN:894,try
FN:909,catch
FN:924,validatePerformanceConfig
FN:1004,createBasicOptimizedExecutor
FN:1007,createProductionOptimizedExecutor
FN:1013,createDevelopmentOptimizedExecutor
FNF:33
FNH:31
FNDA:21,PerformanceOptimizations2.createOptimizedExecutor
FNDA:114,execute
FNDA:31,PerformanceOptimizations2.createQueryPlanCache
FNDA:175,get
FNDA:175,set
FNDA:3,invalidate
FNDA:5,getStats
FNDA:48,PerformanceOptimizations2.createFederatedDataLoader
FNDA:31,getLoader
FNDA:46,instrumentedBatchFn
FNDA:49,batchScheduleFn
FNDA:1273,get
FNDA:1265,set
FNDA:2,delete
FNDA:4,clear
FNDA:2,clearAll
FNDA:8,getStats
FNDA:28,PerformanceOptimizations2.createMetricsCollector
FNDA:120,recordExecution
FNDA:117,recordCacheOperation
FNDA:7,getMetrics
FNDA:114,executeOptimizedQuery
FNDA:225,createQueryHash
FNDA:111,createQueryPlan
FNDA:111,try
FNDA:0,catch
FNDA:113,executeQueryPlan
FNDA:113,try
FNDA:0,catch
FNDA:21,validatePerformanceConfig
FNDA:2,createBasicOptimizedExecutor
FNDA:2,createProductionOptimizedExecutor
FNDA:1,createDevelopmentOptimizedExecutor
DA:10,1
DA:11,1
DA:12,1
DA:14,1
DA:389,1
DA:393,7
DA:394,21
DA:395,21
DA:397,21
DA:398,21
DA:399,21
DA:400,21
DA:401,21
DA:402,21
DA:403,2
DA:404,2
DA:405,2
DA:406,2
DA:407,2
DA:408,21
DA:409,21
DA:410,21
DA:411,21
DA:412,19
DA:413,19
DA:414,19
DA:415,19
DA:416,0
DA:417,0
DA:418,0
DA:419,0
DA:420,0
DA:421,19
DA:422,19
DA:423,19
DA:424,19
DA:425,19
DA:426,0
DA:427,0
DA:428,0
DA:429,0
DA:430,0
DA:431,19
DA:432,19
DA:433,19
DA:434,19
DA:435,19
DA:436,0
DA:437,0
DA:438,0
DA:439,0
DA:440,0
DA:441,19
DA:442,19
DA:443,19
DA:444,21
DA:445,21
DA:446,19
DA:447,114
DA:448,114
DA:449,114
DA:450,114
DA:451,114
DA:452,21
DA:453,21
DA:458,7
DA:459,31
DA:460,31
DA:461,31
DA:462,31
DA:463,31
DA:464,31
DA:465,31
DA:466,31
DA:468,31
DA:469,31
DA:470,175
DA:471,174
DA:472,174
DA:473,57
DA:475,57
DA:476,57
DA:477,57
DA:478,57
DA:479,57
DA:480,57
DA:481,57
DA:482,174
DA:483,117
DA:484,117
DA:485,117
DA:486,175
DA:488,31
DA:489,175
DA:491,175
DA:492,2
DA:493,2
DA:494,2
DA:495,2
DA:497,2
DA:498,2
DA:499,2
DA:500,2
DA:501,2
DA:503,175
DA:504,175
DA:505,175
DA:506,175
DA:507,175
DA:508,175
DA:509,175
DA:511,31
DA:512,3
DA:513,3
DA:514,2
DA:515,4
DA:516,3
DA:517,3
DA:518,4
DA:519,2
DA:520,1
DA:521,1
DA:522,3
DA:524,31
DA:525,5
DA:526,5
DA:527,5
DA:528,5
DA:529,5
DA:530,5
DA:531,31
DA:532,31
DA:537,7
DA:538,48
DA:539,48
DA:540,48
DA:541,48
DA:550,48
DA:552,48
DA:553,48
DA:554,31
DA:555,31
DA:557,31
DA:558,31
DA:560,31
DA:562,31
DA:563,31
DA:564,31
DA:565,31
DA:566,31
DA:567,31
DA:568,31
DA:569,31
DA:570,31
DA:572,31
DA:574,31
DA:575,46
DA:576,0
DA:577,0
DA:578,0
DA:579,0
DA:580,0
DA:581,0
DA:582,46
DA:583,46
DA:584,46
DA:585,46
DA:586,46
DA:588,46
DA:589,46
DA:590,46
DA:592,46
DA:593,46
DA:594,46
DA:595,45
DA:597,45
DA:598,45
DA:599,45
DA:600,45
DA:601,46
DA:602,1
DA:603,1
DA:604,1
DA:605,1
DA:606,1
DA:607,1
DA:608,1
DA:609,46
DA:611,31
DA:612,31
DA:613,31
DA:614,31
DA:615,31
DA:616,49
DA:617,31
DA:618,31
DA:619,31
DA:620,31
DA:621,31
DA:622,1273
DA:623,1273
DA:624,8
DA:625,8
DA:626,8
DA:627,8
DA:628,1273
DA:629,1265
DA:630,1265
DA:631,1265
DA:632,1265
DA:633,1265
DA:634,1273
DA:635,1273
DA:636,31
DA:637,1265
DA:638,1265
DA:639,1265
DA:640,31
DA:641,31
DA:642,31
DA:643,31
DA:644,31
DA:646,31
DA:647,31
DA:649,31
DA:650,31
DA:652,48
DA:653,2
DA:654,2
DA:655,4
DA:656,4
DA:657,2
DA:658,2
DA:659,2
DA:661,48
DA:662,8
DA:663,8
DA:664,8
DA:665,7
DA:666,7
DA:667,7
DA:668,7
DA:669,7
DA:670,7
DA:671,7
DA:672,7
DA:673,0
DA:674,7
DA:675,8
DA:676,8
DA:677,8
DA:678,48
DA:679,48
DA:684,7
DA:685,28
DA:686,28
DA:687,28
DA:688,28
DA:690,28
DA:691,28
DA:692,120
DA:693,120
DA:694,119
DA:695,119
DA:697,119
DA:698,119
DA:701,119
DA:702,119
DA:704,0
DA:705,0
DA:706,119
DA:707,120
DA:709,28
DA:710,117
DA:711,117
DA:712,116
DA:713,116
DA:714,116
DA:715,116
DA:718,116
DA:719,116
DA:721,0
DA:722,0
DA:723,116
DA:724,117
DA:726,28
DA:727,7
DA:728,7
DA:729,7
DA:730,7
DA:731,7
DA:732,3
DA:733,7
DA:734,7
DA:735,7
DA:736,7
DA:737,7
DA:738,7
DA:739,7
DA:740,7
DA:741,7
DA:742,7
DA:743,7
DA:744,7
DA:745,7
DA:746,28
DA:747,28
DA:754,7
DA:755,114
DA:756,114
DA:757,114
DA:758,114
DA:759,114
DA:764,114
DA:765,114
DA:766,114
DA:768,114
DA:770,114
DA:771,114
DA:772,113
DA:773,2
DA:774,2
DA:775,2
DA:776,2
DA:777,2
DA:778,2
DA:779,2
DA:780,113
DA:781,111
DA:782,111
DA:783,111
DA:784,111
DA:785,111
DA:786,111
DA:787,111
DA:788,111
DA:789,111
DA:790,114
DA:791,114
DA:792,113
DA:793,113
DA:794,113
DA:795,113
DA:796,114
DA:797,114
DA:798,113
DA:799,113
DA:800,113
DA:801,113
DA:802,113
DA:803,113
DA:804,113
DA:805,113
DA:806,114
DA:807,114
DA:808,0
DA:809,0
DA:810,0
DA:811,0
DA:812,0
DA:813,0
DA:814,0
DA:815,0
DA:816,0
DA:817,0
DA:818,0
DA:819,0
DA:820,0
DA:821,0
DA:822,0
DA:823,0
DA:824,0
DA:825,114
DA:826,114
DA:827,114
DA:832,7
DA:834,225
DA:835,225
DA:837,225
DA:838,13084
DA:839,13084
DA:840,13084
DA:842,225
DA:843,225
DA:848,7
DA:849,111
DA:850,111
DA:852,111
DA:853,111
DA:854,111
DA:857,111
DA:859,111
DA:860,111
DA:861,111
DA:862,111
DA:863,111
DA:864,111
DA:865,111
DA:866,111
DA:867,111
DA:868,111
DA:869,111
DA:870,111
DA:871,111
DA:872,111
DA:873,0
DA:874,0
DA:875,0
DA:876,0
DA:877,0
DA:878,0
DA:879,0
DA:880,0
DA:881,111
DA:882,111
DA:887,7
DA:888,113
DA:889,113
DA:890,113
DA:892,113
DA:893,113
DA:894,113
DA:895,113
DA:898,113
DA:899,113
DA:900,113
DA:901,113
DA:902,113
DA:903,113
DA:904,113
DA:905,113
DA:906,113
DA:907,113
DA:908,113
DA:909,113
DA:910,0
DA:911,0
DA:912,0
DA:913,0
DA:914,0
DA:915,0
DA:916,0
DA:917,0
DA:918,113
DA:919,113
DA:924,7
DA:925,21
DA:927,21
DA:928,21
DA:929,21
DA:930,21
DA:931,21
DA:932,21
DA:933,21
DA:934,21
DA:935,21
DA:936,1
DA:937,1
DA:938,1
DA:939,1
DA:940,21
DA:941,21
DA:946,7
DA:947,7
DA:948,7
DA:949,7
DA:950,7
DA:951,7
DA:952,7
DA:953,7
DA:954,7
DA:955,7
DA:956,7
DA:957,7
DA:958,7
DA:959,7
DA:960,7
DA:965,7
DA:966,7
DA:967,7
DA:968,7
DA:969,7
DA:970,7
DA:971,7
DA:972,7
DA:973,7
DA:974,7
DA:975,7
DA:976,7
DA:977,7
DA:978,7
DA:979,7
DA:984,7
DA:985,7
DA:986,7
DA:987,7
DA:988,7
DA:989,7
DA:990,7
DA:991,7
DA:992,7
DA:993,7
DA:994,7
DA:995,7
DA:996,7
DA:997,7
DA:998,7
DA:1004,1
DA:1005,2
DA:1007,1
DA:1008,2
DA:1009,2
DA:1010,2
DA:1011,2
DA:1013,1
DA:1014,1
DA:1015,1
DA:1016,1
DA:1017,1
LF:519
LH:460
BRDA:389,0,0,7
BRDA:393,1,0,21
BRDA:399,2,0,21
BRDA:402,3,0,2
BRDA:411,4,0,19
BRDA:445,5,0,19
BRDA:446,6,0,114
BRDA:458,7,0,31
BRDA:469,8,0,175
BRDA:470,9,0,174
BRDA:472,10,0,57
BRDA:482,11,0,117
BRDA:488,12,0,175
BRDA:489,13,0,175
BRDA:491,14,0,2
BRDA:494,15,0,4
BRDA:511,16,0,3
BRDA:512,17,0,3
BRDA:513,18,0,2
BRDA:514,19,0,4
BRDA:515,20,0,3
BRDA:519,21,0,1
BRDA:524,22,0,5
BRDA:527,23,0,3
BRDA:528,24,0,4
BRDA:537,25,0,48
BRDA:553,26,0,31
BRDA:557,27,0,31
BRDA:558,28,0,0
BRDA:613,29,0,1
BRDA:574,30,0,46
BRDA:575,31,0,0
BRDA:594,32,0,45
BRDA:601,33,0,1
BRDA:615,34,0,49
BRDA:618,35,0,31
BRDA:621,36,0,1273
BRDA:623,37,0,8
BRDA:628,38,0,1265
BRDA:636,39,0,1265
BRDA:640,40,0,2
BRDA:641,41,0,4
BRDA:652,42,0,2
BRDA:653,43,0,2
BRDA:654,44,0,4
BRDA:661,45,0,8
BRDA:664,46,0,7
BRDA:669,47,0,5
BRDA:669,48,0,2
BRDA:672,49,0,0
BRDA:684,50,0,28
BRDA:691,51,0,120
BRDA:692,52,0,120
BRDA:693,53,0,119
BRDA:693,54,0,119
BRDA:702,55,0,0
BRDA:709,56,0,117
BRDA:710,57,0,117
BRDA:711,58,0,116
BRDA:711,59,0,116
BRDA:719,60,0,0
BRDA:726,61,0,7
BRDA:731,62,0,3
BRDA:734,63,0,3
BRDA:739,64,0,6
BRDA:741,65,0,6
BRDA:731,66,0,6
BRDA:734,67,0,6
BRDA:739,68,0,3
BRDA:741,69,0,3
BRDA:742,70,0,3
BRDA:754,71,0,114
BRDA:771,72,0,113
BRDA:772,73,0,2
BRDA:780,74,0,111
BRDA:786,75,0,111
BRDA:787,76,0,111
BRDA:791,77,0,113
BRDA:797,78,0,113
BRDA:802,79,0,0
BRDA:804,80,0,0
BRDA:832,81,0,225
BRDA:837,82,0,13084
BRDA:848,83,0,111
BRDA:854,84,0,111
BRDA:887,85,0,113
BRDA:894,86,0,113
BRDA:901,87,0,113
BRDA:924,88,0,21
BRDA:930,89,0,21
BRDA:931,90,0,1
BRDA:934,91,0,20
BRDA:935,92,0,1
BRDA:1004,93,0,2
BRDA:1007,94,0,2
BRDA:1013,95,0,1
BRF:96
BRH:89
end_of_record
TN:
SF:src/federation/subgraph.ts
FN:143,SubgraphManagement2.createRegistry
FN:160,register
FN:162,unregister
FN:163,discover
FN:164,health
FN:173,SubgraphManagement2.withAutoDiscovery
FN:185,SubgraphManagement2.withHealthMonitoring
FN:199,validateRegistryConfig
FN:219,createServiceStore
FN:225,store
FN:237,remove
FN:247,getAll
FN:249,get
FN:256,registerSubgraph
FN:279,validateServiceDefinition
FN:314,unregisterSubgraph
FN:357,discoverSubgraphs
FN:401,fetchFromDiscoveryEndpoint
FN:515,checkSubgraphHealth
FN:536,performHealthCheck
FN:615,triggerSchemaRecomposition
FN:633,scheduleDiscovery
FN:655,scheduleHealthChecks
FN:708,SubgraphManagement2.defaultConfig
FN:723,SubgraphManagement2.dynamicConfig
FN:739,createStaticRegistry
FN:742,createDynamicRegistry
FN:745,createMonitoredRegistry
FNF:28
FNH:23
FNDA:16,SubgraphManagement2.createRegistry
FNDA:1,register
FNDA:1,unregister
FNDA:5,discover
FNDA:1,health
FNDA:2,SubgraphManagement2.withAutoDiscovery
FNDA:1,SubgraphManagement2.withHealthMonitoring
FNDA:16,validateRegistryConfig
FNDA:14,createServiceStore
FNDA:1,store
FNDA:0,remove
FNDA:0,getAll
FNDA:2,get
FNDA:1,registerSubgraph
FNDA:1,validateServiceDefinition
FNDA:1,unregisterSubgraph
FNDA:5,discoverSubgraphs
FNDA:0,fetchFromDiscoveryEndpoint
FNDA:1,checkSubgraphHealth
FNDA:0,performHealthCheck
FNDA:1,triggerSchemaRecomposition
FNDA:2,scheduleDiscovery
FNDA:1,scheduleHealthChecks
FNDA:10,SubgraphManagement2.defaultConfig
FNDA:2,SubgraphManagement2.dynamicConfig
FNDA:1,createStaticRegistry
FNDA:1,createDynamicRegistry
FNDA:0,createMonitoredRegistry
DA:1,1
DA:3,1
DA:139,1
DA:143,7
DA:144,16
DA:146,16
DA:147,16
DA:148,16
DA:149,16
DA:150,2
DA:151,2
DA:152,2
DA:153,2
DA:154,2
DA:155,16
DA:156,16
DA:157,14
DA:158,14
DA:159,14
DA:160,14
DA:161,1
DA:162,14
DA:163,14
DA:164,14
DA:165,14
DA:166,14
DA:167,16
DA:168,16
DA:173,7
DA:174,2
DA:175,2
DA:177,2
DA:178,2
DA:179,2
DA:180,2
DA:185,7
DA:186,1
DA:187,1
DA:189,1
DA:190,1
DA:191,1
DA:192,1
DA:199,7
DA:200,16
DA:202,16
DA:203,16
DA:204,16
DA:205,16
DA:206,16
DA:207,13
DA:208,3
DA:209,16
DA:210,2
DA:211,2
DA:212,2
DA:213,16
DA:214,16
DA:219,7
DA:220,14
DA:221,14
DA:222,14
DA:224,14
DA:225,14
DA:226,1
DA:228,1
DA:229,1
DA:230,0
DA:231,0
DA:233,1
DA:234,1
DA:235,1
DA:237,14
DA:238,0
DA:239,0
DA:240,0
DA:241,0
DA:242,0
DA:243,0
DA:244,0
DA:245,0
DA:247,14
DA:249,14
DA:250,14
DA:251,14
DA:256,7
DA:257,1
DA:258,1
DA:259,1
DA:261,1
DA:262,1
DA:263,1
DA:264,1
DA:265,1
DA:266,1
DA:267,0
DA:268,0
DA:269,0
DA:270,0
DA:271,0
DA:272,0
DA:273,1
DA:274,1
DA:279,7
DA:280,1
DA:282,1
DA:283,1
DA:284,1
DA:285,1
DA:286,1
DA:287,1
DA:288,1
DA:289,1
DA:290,1
DA:291,0
DA:292,0
DA:293,0
DA:294,0
DA:295,1
DA:296,1
DA:297,1
DA:298,1
DA:299,1
DA:300,1
DA:301,0
DA:302,0
DA:303,0
DA:304,0
DA:305,0
DA:306,0
DA:307,0
DA:308,1
DA:309,1
DA:314,7
DA:315,1
DA:316,1
DA:317,1
DA:319,1
DA:320,1
DA:321,1
DA:322,1
DA:323,0
DA:324,0
DA:325,0
DA:326,0
DA:327,1
DA:328,1
DA:329,0
DA:330,0
DA:331,0
DA:332,0
DA:333,0
DA:334,0
DA:335,0
DA:336,0
DA:337,0
DA:338,0
DA:339,0
DA:340,0
DA:341,0
DA:342,0
DA:343,0
DA:344,0
DA:345,0
DA:346,0
DA:347,0
DA:348,0
DA:349,0
DA:350,0
DA:351,1
DA:352,1
DA:357,7
DA:358,5
DA:359,5
DA:361,5
DA:362,4
DA:363,1
DA:364,1
DA:365,1
DA:366,0
DA:367,0
DA:368,0
DA:369,0
DA:370,0
DA:371,0
DA:372,0
DA:373,0
DA:374,0
DA:375,0
DA:376,0
DA:377,0
DA:378,1
DA:379,1
DA:380,1
DA:381,0
DA:382,0
DA:383,0
DA:384,0
DA:385,0
DA:386,0
DA:387,0
DA:388,0
DA:389,0
DA:390,0
DA:391,0
DA:392,0
DA:393,0
DA:394,0
DA:395,1
DA:396,1
DA:401,7
DA:402,0
DA:403,0
DA:404,0
DA:410,0
DA:411,0
DA:412,0
DA:413,0
DA:414,0
DA:415,0
DA:416,0
DA:417,0
DA:418,0
DA:419,0
DA:421,0
DA:422,0
DA:423,0
DA:424,0
DA:425,0
DA:426,0
DA:427,0
DA:428,0
DA:429,0
DA:430,0
DA:431,0
DA:432,0
DA:433,0
DA:434,0
DA:435,0
DA:436,0
DA:437,0
DA:438,0
DA:439,0
DA:440,0
DA:441,0
DA:442,0
DA:443,0
DA:444,0
DA:445,0
DA:446,0
DA:447,0
DA:448,0
DA:449,0
DA:450,0
DA:451,0
DA:453,0
DA:454,0
DA:455,0
DA:456,0
DA:457,0
DA:458,0
DA:459,0
DA:460,0
DA:461,0
DA:462,0
DA:463,0
DA:464,0
DA:465,0
DA:466,0
DA:467,0
DA:468,0
DA:469,0
DA:470,0
DA:471,0
DA:472,0
DA:473,0
DA:474,0
DA:475,0
DA:476,0
DA:477,0
DA:480,0
DA:481,0
DA:482,0
DA:483,0
DA:484,0
DA:485,0
DA:486,0
DA:487,0
DA:488,0
DA:489,0
DA:491,0
DA:492,0
DA:494,0
DA:495,0
DA:496,0
DA:497,0
DA:498,0
DA:500,0
DA:501,0
DA:502,0
DA:503,0
DA:504,0
DA:505,0
DA:506,0
DA:507,0
DA:508,0
DA:509,0
DA:510,0
DA:515,7
DA:516,1
DA:517,1
DA:518,1
DA:520,1
DA:521,1
DA:522,1
DA:523,1
DA:524,0
DA:525,1
DA:526,1
DA:527,1
DA:528,0
DA:529,1
DA:530,1
DA:531,1
DA:536,7
DA:537,0
DA:538,0
DA:539,0
DA:540,0
DA:543,0
DA:545,0
DA:546,0
DA:547,0
DA:548,0
DA:549,0
DA:551,0
DA:552,0
DA:553,0
DA:554,0
DA:555,0
DA:556,0
DA:557,0
DA:558,0
DA:559,0
DA:560,0
DA:561,0
DA:562,0
DA:563,0
DA:564,0
DA:565,0
DA:566,0
DA:567,0
DA:569,0
DA:570,0
DA:571,0
DA:572,0
DA:573,0
DA:574,0
DA:575,0
DA:576,0
DA:577,0
DA:578,0
DA:580,0
DA:581,0
DA:582,0
DA:583,0
DA:584,0
DA:587,0
DA:588,0
DA:589,0
DA:590,0
DA:591,0
DA:592,0
DA:593,0
DA:594,0
DA:595,0
DA:596,0
DA:597,0
DA:598,0
DA:599,0
DA:600,0
DA:601,0
DA:602,0
DA:603,0
DA:604,0
DA:605,0
DA:606,0
DA:607,0
DA:608,0
DA:609,0
DA:610,0
DA:615,7
DA:616,1
DA:617,1
DA:619,1
DA:620,1
DA:621,1
DA:622,1
DA:623,1
DA:626,1
DA:627,1
DA:628,1
DA:633,7
DA:634,2
DA:635,2
DA:637,2
DA:638,2
DA:639,2
DA:640,0
DA:641,0
DA:642,0
DA:643,2
DA:644,2
DA:645,0
DA:646,0
DA:647,2
DA:648,2
DA:649,2
DA:650,2
DA:655,7
DA:656,1
DA:657,1
DA:658,1
DA:659,1
DA:661,1
DA:662,1
DA:663,1
DA:664,0
DA:665,0
DA:666,1
DA:667,1
DA:668,0
DA:669,0
DA:671,0
DA:672,0
DA:673,0
DA:675,0
DA:676,0
DA:677,0
DA:678,0
DA:679,0
DA:680,0
DA:681,0
DA:682,0
DA:683,0
DA:684,0
DA:685,0
DA:686,0
DA:687,0
DA:688,0
DA:689,0
DA:690,0
DA:691,0
DA:692,0
DA:693,0
DA:694,0
DA:695,0
DA:696,0
DA:697,0
DA:698,0
DA:699,1
DA:700,1
DA:701,1
DA:702,1
DA:703,1
DA:708,7
DA:709,10
DA:710,10
DA:711,10
DA:712,10
DA:713,10
DA:714,10
DA:715,10
DA:716,10
DA:717,10
DA:718,10
DA:723,7
DA:724,2
DA:725,2
DA:726,2
DA:727,2
DA:728,2
DA:729,2
DA:730,2
DA:731,2
DA:732,2
DA:733,2
DA:739,1
DA:740,1
DA:742,1
DA:743,1
DA:745,1
DA:746,0
DA:747,0
DA:752,0
DA:753,0
DA:754,0
DA:755,0
DA:756,0
DA:757,0
DA:758,0
DA:759,0
DA:760,0
DA:761,0
DA:762,0
DA:763,0
DA:764,0
DA:765,0
LF:507
LH:211
BRDA:139,0,0,7
BRDA:143,1,0,16
BRDA:149,2,0,2
BRDA:156,3,0,14
BRDA:159,4,0,14
BRDA:160,5,0,1
BRDA:162,6,0,1
BRDA:163,7,0,5
BRDA:164,8,0,1
BRDA:173,9,0,2
BRDA:179,10,0,2
BRDA:185,11,0,1
BRDA:191,12,0,1
BRDA:199,13,0,16
BRDA:205,14,0,16
BRDA:206,15,0,13
BRDA:207,16,0,3
BRDA:209,17,0,2
BRDA:219,18,0,14
BRDA:225,19,0,1
BRDA:226,20,0,1
BRDA:229,21,0,0
BRDA:249,22,0,2
BRDA:256,23,0,1
BRDA:264,24,0,1
BRDA:265,25,0,1
BRDA:279,26,0,1
BRDA:285,27,0,1
BRDA:289,28,0,1
BRDA:296,29,0,1
BRDA:300,30,0,0
BRDA:314,31,0,1
BRDA:357,32,0,5
BRDA:361,33,0,4
BRDA:362,34,0,1
BRDA:515,35,0,1
BRDA:526,36,0,1
BRDA:527,37,0,0
BRDA:615,38,0,1
BRDA:621,39,0,1
BRDA:622,40,0,1
BRDA:633,41,0,2
BRDA:655,42,0,1
BRDA:708,43,0,10
BRDA:723,44,0,2
BRDA:739,45,0,1
BRDA:742,46,0,1
BRF:47
BRH:44
end_of_record
TN:
SF:src/schema/ast-conversion.ts
FN:105,createConversionContext
FN:138,ASTConversion2.schemaToGraphQLType
FN:174,ASTConversion2.convertSchemasParallel
FN:194,ASTConversion2.createGraphQLSchema
FN:237,filterOutputTypes
FN:254,convertAST
FN:327,convertLiteral
FN:347,convertRefinement
FN:474,convertTypeLiteral
FN:523,convertUnion
FN:561,convertEnums
FN:587,convertTuple
FN:618,convertTemplateLiteral
FN:626,convertDeclaration
FN:636,convertSuspend
FN:650,generateCacheKey
FN:667,generateTypeName
FN:682,extractDescription
FN:695,isObjectType
FNF:19
FNH:10
FNDA:22,createConversionContext
FNDA:55,ASTConversion2.schemaToGraphQLType
FNDA:4,ASTConversion2.convertSchemasParallel
FNDA:0,ASTConversion2.createGraphQLSchema
FNDA:0,filterOutputTypes
FNDA:52,convertAST
FNDA:0,convertLiteral
FNDA:1,convertRefinement
FNDA:20,convertTypeLiteral
FNDA:0,convertUnion
FNDA:0,convertEnums
FNDA:1,convertTuple
FNDA:0,convertTemplateLiteral
FNDA:0,convertDeclaration
FNDA:0,convertSuspend
FNDA:53,generateCacheKey
FNDA:20,generateTypeName
FNDA:25,extractDescription
FNDA:0,isObjectType
DA:1,1
DA:2,1
DA:3,1
DA:4,1
DA:5,1
DA:6,1
DA:7,1
DA:28,1
DA:31,1
DA:105,1
DA:106,22
DA:107,22
DA:108,22
DA:111,22
DA:112,22
DA:113,22
DA:114,22
DA:115,22
DA:116,22
DA:117,22
DA:118,22
DA:119,22
DA:134,1
DA:138,2
DA:139,55
DA:140,55
DA:141,55
DA:142,55
DA:143,2
DA:144,2
DA:145,2
DA:146,2
DA:147,2
DA:148,2
DA:149,2
DA:151,53
DA:152,53
DA:155,53
DA:156,55
DA:157,1
DA:158,1
DA:160,52
DA:161,52
DA:162,52
DA:163,52
DA:165,52
DA:166,52
DA:167,52
DA:168,52
DA:169,55
DA:174,2
DA:175,4
DA:176,4
DA:178,4
DA:179,4
DA:180,4
DA:181,10
DA:182,10
DA:183,10
DA:184,10
DA:185,4
DA:186,4
DA:187,4
DA:188,4
DA:189,4
DA:194,2
DA:195,0
DA:196,0
DA:197,0
DA:205,0
DA:206,0
DA:208,0
DA:209,0
DA:210,0
DA:211,0
DA:212,0
DA:213,0
DA:214,0
DA:215,0
DA:216,0
DA:217,0
DA:218,0
DA:219,0
DA:220,0
DA:221,0
DA:222,0
DA:223,0
DA:224,0
DA:225,0
DA:226,0
DA:227,0
DA:228,0
DA:229,0
DA:230,0
DA:231,0
DA:232,0
DA:233,0
DA:237,2
DA:238,0
DA:239,0
DA:240,0
DA:241,0
DA:242,0
DA:243,0
DA:244,0
DA:245,0
DA:246,0
DA:247,0
DA:254,2
DA:255,52
DA:256,52
DA:258,52
DA:260,52
DA:262,52
DA:264,52
DA:266,52
DA:268,52
DA:270,52
DA:272,52
DA:274,52
DA:276,52
DA:277,1
DA:278,1
DA:279,1
DA:280,52
DA:283,52
DA:286,52
DA:289,52
DA:292,52
DA:295,52
DA:298,52
DA:301,52
DA:304,52
DA:307,52
DA:310,52
DA:313,52
DA:314,1
DA:315,1
DA:316,1
DA:317,1
DA:318,1
DA:319,1
DA:320,1
DA:321,52
DA:322,52
DA:327,2
DA:328,0
DA:329,0
DA:330,0
DA:331,0
DA:333,0
DA:334,0
DA:335,0
DA:336,0
DA:337,0
DA:338,0
DA:339,0
DA:340,0
DA:341,0
DA:342,0
DA:347,2
DA:348,1
DA:349,1
DA:350,1
DA:351,1
DA:352,1
DA:354,1
DA:355,1
DA:356,1
DA:358,1
DA:359,1
DA:360,0
DA:361,1
DA:362,1
DA:363,1
DA:364,0
DA:365,0
DA:366,1
DA:368,1
DA:369,1
DA:370,1
DA:371,1
DA:374,1
DA:375,1
DA:376,1
DA:377,1
DA:380,1
DA:381,1
DA:382,1
DA:383,1
DA:385,1
DA:386,1
DA:387,1
DA:388,1
DA:390,1
DA:391,1
DA:392,1
DA:393,1
DA:396,1
DA:397,1
DA:398,1
DA:399,1
DA:401,1
DA:402,1
DA:403,1
DA:404,1
DA:406,1
DA:407,1
DA:408,1
DA:409,1
DA:412,1
DA:413,1
DA:414,1
DA:415,1
DA:417,1
DA:418,1
DA:419,1
DA:420,1
DA:422,1
DA:423,1
DA:424,1
DA:425,1
DA:427,1
DA:428,1
DA:429,1
DA:430,1
DA:433,1
DA:434,1
DA:435,1
DA:436,1
DA:439,1
DA:440,1
DA:441,1
DA:442,0
DA:443,0
DA:444,0
DA:445,0
DA:446,0
DA:447,0
DA:448,0
DA:449,0
DA:450,0
DA:451,1
DA:454,1
DA:455,1
DA:456,1
DA:457,1
DA:460,1
DA:461,1
DA:462,1
DA:463,1
DA:465,0
DA:466,1
DA:467,1
DA:468,1
DA:469,1
DA:474,2
DA:475,20
DA:476,20
DA:477,20
DA:478,20
DA:480,20
DA:482,20
DA:483,20
DA:484,29
DA:485,29
DA:486,29
DA:487,17
DA:488,17
DA:490,17
DA:491,17
DA:492,17
DA:493,17
DA:494,17
DA:495,17
DA:496,17
DA:497,29
DA:498,29
DA:499,20
DA:500,20
DA:501,20
DA:502,20
DA:503,8
DA:505,8
DA:506,1
DA:507,1
DA:508,1
DA:509,1
DA:510,1
DA:511,7
DA:512,7
DA:513,7
DA:514,7
DA:515,7
DA:516,20
DA:517,20
DA:518,20
DA:523,2
DA:524,0
DA:525,0
DA:526,0
DA:527,0
DA:528,0
DA:529,0
DA:530,0
DA:531,0
DA:532,0
DA:533,0
DA:534,0
DA:536,0
DA:538,0
DA:539,0
DA:540,0
DA:541,0
DA:542,0
DA:543,0
DA:544,0
DA:545,0
DA:546,0
DA:548,0
DA:549,0
DA:550,0
DA:551,0
DA:552,0
DA:553,0
DA:554,0
DA:555,0
DA:556,0
DA:561,2
DA:562,0
DA:563,0
DA:564,0
DA:565,0
DA:567,0
DA:568,0
DA:569,0
DA:570,0
DA:571,0
DA:572,0
DA:573,0
DA:574,0
DA:575,0
DA:576,0
DA:577,0
DA:578,0
DA:579,0
DA:580,0
DA:581,0
DA:582,0
DA:587,2
DA:588,1
DA:589,1
DA:590,1
DA:591,1
DA:592,1
DA:593,1
DA:596,0
DA:598,1
DA:599,0
DA:600,0
DA:602,0
DA:603,0
DA:604,0
DA:605,0
DA:606,0
DA:607,0
DA:609,0
DA:610,0
DA:611,0
DA:612,0
DA:613,1
DA:618,2
DA:619,0
DA:620,0
DA:621,0
DA:626,2
DA:627,0
DA:628,0
DA:631,0
DA:636,2
DA:637,0
DA:638,0
DA:640,0
DA:641,0
DA:642,0
DA:643,0
DA:650,2
DA:651,53
DA:652,53
DA:654,53
DA:655,53
DA:656,53
DA:657,31
DA:658,31
DA:659,53
DA:661,53
DA:662,53
DA:667,2
DA:668,20
DA:669,20
DA:670,20
DA:671,0
DA:672,0
DA:673,20
DA:676,20
DA:677,20
DA:682,2
DA:683,25
DA:684,25
DA:685,25
DA:686,17
DA:687,17
DA:688,25
DA:689,8
DA:690,25
DA:695,2
DA:696,0
DA:697,0
LF:418
LH:271
BRDA:105,0,0,22
BRDA:117,1,0,21
BRDA:134,2,0,2
BRDA:138,3,0,55
BRDA:142,4,0,2
BRDA:149,5,0,53
BRDA:156,6,0,1
BRDA:158,7,0,52
BRDA:167,8,0,38
BRDA:167,9,0,38
BRDA:174,10,0,4
BRDA:180,11,0,10
BRDA:183,12,0,9
BRDA:188,13,0,3
BRDA:254,14,0,52
BRDA:260,15,0,19
BRDA:262,16,0,6
BRDA:264,17,0,3
BRDA:276,18,0,1
BRDA:286,19,0,1
BRDA:289,20,0,20
BRDA:298,21,0,1
BRDA:313,22,0,1
BRDA:347,23,0,1
BRDA:355,24,0,0
BRDA:356,25,0,1
BRDA:359,26,0,0
BRDA:363,27,0,0
BRDA:369,28,0,1
BRDA:369,29,0,0
BRDA:370,30,0,1
BRDA:474,31,0,20
BRDA:483,32,0,29
BRDA:486,33,0,17
BRDA:488,34,0,0
BRDA:501,35,0,8
BRDA:502,36,0,8
BRDA:505,37,0,1
BRDA:510,38,0,7
BRDA:587,39,0,1
BRDA:593,40,0,0
BRDA:598,41,0,0
BRDA:650,42,0,53
BRDA:652,43,0,3
BRDA:652,44,0,50
BRDA:656,45,0,31
BRDA:659,46,0,22
BRDA:661,47,0,0
BRDA:667,48,0,20
BRDA:670,49,0,0
BRDA:682,50,0,25
BRDA:685,51,0,17
BRDA:688,52,0,8
BRF:53
BRH:44
end_of_record
TN:
SF:src/schema/index.ts
FNF:0
FNH:0
DA:8,1
LF:1
LH:1
BRF:0
BRH:0
end_of_record
TN:
SF:tests/utils/test-layers.ts
FN:29,log
FN:41,withSpan
FN:48,clearLogs
FN:73,get
FN:76,set
FN:105,get services
FN:106,register
FN:116,unregister
FN:122,discover
FN:123,health
FN:139,setHealthStatus
FN:143,simulateFailure
FN:173,execute
FN:197,setState
FN:201,getMetrics
FN:202,reset
FN:234,TestLayers2.withMockLogger
FN:237,TestLayers2.withTestServices
FN:240,TestLayers2.withFederationTest
FN:244,TestLayers2.runWithCleanup
FN:252,TestLayers2.captureLogs
FN:262,TestLayers2.simulateServiceFailure
FN:269,TestLayers2.verifyServiceRegistered
FNF:23
FNH:14
FNDA:130,log
FNDA:0,withSpan
FNDA:1,clearLogs
FNDA:0,get
FNDA:0,set
FNDA:8,get services
FNDA:36,register
FNDA:1,unregister
FNDA:3,discover
FNDA:21,health
FNDA:1,setHealthStatus
FNDA:5,simulateFailure
FNDA:3,execute
FNDA:3,setState
FNDA:3,getMetrics
FNDA:0,reset
FNDA:0,TestLayers2.withMockLogger
FNDA:0,TestLayers2.withTestServices
FNDA:0,TestLayers2.withFederationTest
FNDA:20,TestLayers2.runWithCleanup
FNDA:1,TestLayers2.captureLogs
FNDA:0,TestLayers2.simulateServiceFailure
FNDA:0,TestLayers2.verifyServiceRegistered
DA:1,1
DA:2,1
DA:3,1
DA:4,1
DA:11,1
DA:23,1
DA:26,1
DA:27,26
DA:29,26
DA:30,0
DA:31,0
DA:32,0
DA:34,26
DA:35,26
DA:36,26
DA:37,26
DA:38,26
DA:39,26
DA:40,26
DA:41,26
DA:42,0
DA:43,0
DA:44,0
DA:45,0
DA:46,0
DA:47,0
DA:48,26
DA:49,26
DA:50,26
DA:52,1
DA:55,1
DA:62,1
DA:64,1
DA:65,25
DA:68,25
DA:69,25
DA:70,25
DA:72,25
DA:73,25
DA:74,0
DA:75,0
DA:76,25
DA:77,0
DA:78,0
DA:79,25
DA:80,25
DA:81,25
DA:83,1
DA:86,1
DA:97,1
DA:99,1
DA:100,25
DA:101,25
DA:102,25
DA:104,25
DA:105,25
DA:106,25
DA:107,36
DA:108,36
DA:109,36
DA:110,36
DA:111,36
DA:112,36
DA:113,36
DA:114,36
DA:115,36
DA:116,25
DA:117,1
DA:118,1
DA:119,1
DA:120,1
DA:121,1
DA:122,25
DA:123,25
DA:124,21
DA:125,21
DA:126,21
DA:128,4
DA:129,4
DA:131,17
DA:132,21
DA:134,1
DA:135,1
DA:137,16
DA:138,21
DA:139,25
DA:140,1
DA:141,1
DA:142,1
DA:143,25
DA:144,5
DA:145,5
DA:146,5
DA:147,25
DA:148,25
DA:150,1
DA:153,1
DA:163,1
DA:165,1
DA:166,25
DA:167,25
DA:168,25
DA:170,25
DA:171,25
DA:172,25
DA:173,25
DA:174,3
DA:175,3
DA:176,1
DA:177,1
DA:179,2
DA:181,2
DA:182,2
DA:183,2
DA:184,1
DA:185,1
DA:186,1
DA:187,2
DA:188,3
DA:189,0
DA:190,0
DA:191,0
DA:192,0
DA:193,0
DA:194,0
DA:195,0
DA:196,3
DA:197,25
DA:198,3
DA:199,3
DA:200,3
DA:201,25
DA:202,25
DA:203,0
DA:204,0
DA:205,0
DA:206,0
DA:207,0
DA:208,25
DA:209,25
DA:211,1
DA:214,1
DA:215,1
DA:216,1
DA:217,1
DA:218,1
DA:219,1
DA:222,1
DA:223,1
DA:224,1
DA:225,1
DA:228,1
DA:229,1
DA:230,1
DA:233,1
DA:234,3
DA:235,0
DA:237,3
DA:238,0
DA:240,3
DA:241,0
DA:244,3
DA:245,20
DA:246,20
DA:247,20
DA:248,20
DA:249,20
DA:252,3
DA:253,1
DA:254,1
DA:255,1
DA:256,1
DA:257,1
DA:258,1
DA:259,1
DA:262,3
DA:263,0
DA:264,0
DA:265,0
DA:266,0
DA:269,3
DA:270,0
DA:271,0
DA:272,0
DA:273,0
DA:274,0
LF:186
LH:149
BRDA:26,0,0,26
BRDA:29,1,0,130
BRDA:48,2,0,1
BRDA:48,3,0,1
BRDA:64,4,0,25
BRDA:99,5,0,25
BRDA:105,6,0,8
BRDA:106,7,0,36
BRDA:107,8,0,36
BRDA:108,9,0,38
BRDA:116,10,0,1
BRDA:117,11,0,1
BRDA:118,12,0,1
BRDA:122,13,0,3
BRDA:123,14,0,21
BRDA:124,15,0,21
BRDA:126,16,0,16
BRDA:126,17,0,4
BRDA:129,18,0,17
BRDA:132,19,0,1
BRDA:135,20,0,16
BRDA:139,21,0,1
BRDA:140,22,0,1
BRDA:143,23,0,5
BRDA:144,24,0,5
BRDA:165,25,0,25
BRDA:173,26,0,3
BRDA:174,27,0,3
BRDA:175,28,0,1
BRDA:177,29,0,2
BRDA:183,30,0,1
BRDA:188,31,0,0
BRDA:197,32,0,3
BRDA:198,33,0,3
BRDA:201,34,0,3
BRDA:233,35,0,3
BRDA:244,36,0,20
BRDA:252,37,0,1
BRDA:253,38,0,1
BRF:39
BRH:38
end_of_record
